Open5GS daemon v2.4.4

04/13 18:57:22.852: [app] INFO: Configuration: '/open5gs/install/etc/open5gs/hss.yaml' (../lib/app/ogs-init.c:129)
04/13 18:57:22.852: [app] INFO: File Logging: '/open5gs/install/var/log/open5gs/hss.log' (../lib/app/ogs-init.c:132)
04/13 18:57:22.873: [dbi] WARNING: Failed to connect to server [mongodb://localhost/open5gs] (../lib/dbi/ogs-mongoc.c:122)
04/13 18:57:22.873: [app] WARNING: Failed to intialize HSS (../src/hss/app-init.c:28)
Open5GS daemon v2.4.4

04/13 19:49:34.051: [app] INFO: Configuration: '/open5gs/install/etc/open5gs/hss.yaml' (../lib/app/ogs-init.c:129)
04/13 19:49:34.051: [app] INFO: File Logging: '/open5gs/install/var/log/open5gs/hss.log' (../lib/app/ogs-init.c:132)
04/13 19:49:34.052: [dbi] WARNING: Failed to connect to server [mongodb://localhost/open5gs] (../lib/dbi/ogs-mongoc.c:122)
04/13 19:49:34.052: [app] WARNING: Failed to intialize HSS (../src/hss/app-init.c:28)
Open5GS daemon v2.4.4

04/13 21:21:28.768: [app] INFO: Configuration: '/open5gs/install/etc/open5gs/hss.yaml' (../lib/app/ogs-init.c:129)
04/13 21:21:28.768: [app] INFO: File Logging: '/open5gs/install/var/log/open5gs/hss.log' (../lib/app/ogs-init.c:132)
04/13 21:21:28.775: [dbi] WARNING: Failed to connect to server [mongodb://localhost/open5gs] (../lib/dbi/ogs-mongoc.c:122)
04/13 21:21:28.775: [app] WARNING: Failed to intialize HSS (../src/hss/app-init.c:28)
Open5GS daemon v2.4.4

04/13 21:23:47.703: [app] INFO: Configuration: '/open5gs/install/etc/open5gs/hss.yaml' (../lib/app/ogs-init.c:129)
04/13 21:23:47.708: [app] INFO: File Logging: '/open5gs/install/var/log/open5gs/hss.log' (../lib/app/ogs-init.c:132)
04/13 21:23:47.709: [dbi] WARNING: Failed to connect to server [mongodb://localhost:3000/open5gs] (../lib/dbi/ogs-mongoc.c:122)
04/13 21:23:47.709: [app] WARNING: Failed to intialize HSS (../src/hss/app-init.c:28)
Open5GS daemon v2.4.4

04/13 21:25:45.680: [app] INFO: Configuration: '/open5gs/install/etc/open5gs/hss.yaml' (../lib/app/ogs-init.c:129)
04/13 21:25:45.680: [app] INFO: File Logging: '/open5gs/install/var/log/open5gs/hss.log' (../lib/app/ogs-init.c:132)
04/13 21:25:45.701: [dbi] WARNING: Failed to connect to server [mongodb://192.168.56.101:3000/open5gs] (../lib/dbi/ogs-mongoc.c:122)
04/13 21:25:45.701: [app] WARNING: Failed to intialize HSS (../src/hss/app-init.c:28)
Open5GS daemon v2.4.4

04/13 21:27:56.409: [app] INFO: Configuration: '/open5gs/install/etc/open5gs/hss.yaml' (../lib/app/ogs-init.c:129)
04/13 21:27:56.409: [app] INFO: File Logging: '/open5gs/install/var/log/open5gs/hss.log' (../lib/app/ogs-init.c:132)
04/13 21:27:56.421: [dbi] WARNING: Failed to connect to server [mongodb://localhost/open5gs] (../lib/dbi/ogs-mongoc.c:122)
04/13 21:27:56.421: [app] WARNING: Failed to intialize HSS (../src/hss/app-init.c:28)
Open5GS daemon v2.4.4

04/13 21:39:14.923: [app] INFO: Configuration: '/open5gs/install/etc/open5gs/hss.yaml' (../lib/app/ogs-init.c:129)
04/13 21:39:14.923: [app] INFO: File Logging: '/open5gs/install/var/log/open5gs/hss.log' (../lib/app/ogs-init.c:132)
04/13 21:39:14.924: [dbi] WARNING: Failed to connect to server [mongodb://localhost/open5gs] (../lib/dbi/ogs-mongoc.c:122)
04/13 21:39:14.924: [app] WARNING: Failed to intialize HSS (../src/hss/app-init.c:28)
Open5GS daemon v2.4.4

04/14 08:15:16.700: [app] INFO: Configuration: '/open5gs/install/etc/open5gs/hss.yaml' (../lib/app/ogs-init.c:129)
04/14 08:15:16.700: [app] INFO: File Logging: '/open5gs/install/var/log/open5gs/hss.log' (../lib/app/ogs-init.c:132)
04/14 08:15:16.734: [dbi] WARNING: Failed to connect to server [mongodb://mongodb/open5gs] (../lib/dbi/ogs-mongoc.c:122)
04/14 08:15:16.734: [app] WARNING: Failed to intialize HSS (../src/hss/app-init.c:28)
Open5GS daemon v2.4.4

04/14 08:18:17.763: [app] INFO: Configuration: '/open5gs/install/etc/open5gs/hss.yaml' (../lib/app/ogs-init.c:129)
04/14 08:18:17.776: [app] INFO: File Logging: '/open5gs/install/var/log/open5gs/hss.log' (../lib/app/ogs-init.c:132)
04/14 08:18:17.788: [dbi] WARNING: Failed to connect to server [mongodb://mongodb/open5gs] (../lib/dbi/ogs-mongoc.c:122)
04/14 08:18:17.788: [app] WARNING: Failed to intialize HSS (../src/hss/app-init.c:28)
Open5GS daemon v2.4.4

04/14 08:20:46.008: [app] INFO: Configuration: '/open5gs/install/etc/open5gs/hss.yaml' (../lib/app/ogs-init.c:129)
04/14 08:20:46.008: [app] INFO: File Logging: '/open5gs/install/var/log/open5gs/hss.log' (../lib/app/ogs-init.c:132)
04/14 08:20:46.014: [dbi] WARNING: Failed to connect to server [mongodb://localhost/open5gs] (../lib/dbi/ogs-mongoc.c:122)
04/14 08:20:46.014: [app] WARNING: Failed to intialize HSS (../src/hss/app-init.c:28)
Open5GS daemon v2.4.4

04/14 08:32:22.623: [app] INFO: Configuration: '/open5gs/install/etc/open5gs/hss.yaml' (../lib/app/ogs-init.c:129)
04/14 08:32:22.623: [app] INFO: File Logging: '/open5gs/install/var/log/open5gs/hss.log' (../lib/app/ogs-init.c:132)
04/14 08:32:22.624: [dbi] WARNING: Failed to connect to server [mongodb://localhost/open5gs] (../lib/dbi/ogs-mongoc.c:122)
04/14 08:32:22.627: [app] WARNING: Failed to intialize HSS (../src/hss/app-init.c:28)
Open5GS daemon v2.4.4

04/14 08:37:08.799: [app] INFO: Configuration: '/open5gs/install/etc/open5gs/hss.yaml' (../lib/app/ogs-init.c:129)
04/14 08:37:08.799: [app] INFO: File Logging: '/open5gs/install/var/log/open5gs/hss.log' (../lib/app/ogs-init.c:132)
04/14 08:37:08.805: [dbi] WARNING: Failed to connect to server [mongodb://localhost/open5gs] (../lib/dbi/ogs-mongoc.c:122)
04/14 08:37:08.805: [app] WARNING: Failed to intialize HSS (../src/hss/app-init.c:28)
Open5GS daemon v2.4.4

04/14 08:38:33.935: [app] INFO: Configuration: '/open5gs/install/etc/open5gs/hss.yaml' (../lib/app/ogs-init.c:129)
04/14 08:38:33.936: [app] INFO: File Logging: '/open5gs/install/var/log/open5gs/hss.log' (../lib/app/ogs-init.c:132)
04/14 08:38:33.938: [dbi] WARNING: Failed to connect to server [mongodb://localhost/open5gs] (../lib/dbi/ogs-mongoc.c:122)
04/14 08:38:33.938: [app] WARNING: Failed to intialize HSS (../src/hss/app-init.c:28)
Open5GS daemon v2.4.4

04/14 08:50:41.988: [app] INFO: Configuration: '/open5gs/install/etc/open5gs/hss.yaml' (../lib/app/ogs-init.c:129)
04/14 08:50:41.988: [app] INFO: File Logging: '/open5gs/install/var/log/open5gs/hss.log' (../lib/app/ogs-init.c:132)
04/14 08:50:41.991: [dbi] WARNING: Failed to connect to server [mongodb://localhost/open5gs] (../lib/dbi/ogs-mongoc.c:122)
04/14 08:50:41.991: [app] WARNING: Failed to intialize HSS (../src/hss/app-init.c:28)
Open5GS daemon v2.4.4

04/14 08:54:39.281: [app] INFO: Configuration: '/open5gs/install/etc/open5gs/hss.yaml' (../lib/app/ogs-init.c:129)
04/14 08:54:39.281: [app] INFO: File Logging: '/open5gs/install/var/log/open5gs/hss.log' (../lib/app/ogs-init.c:132)
04/14 08:54:39.294: [dbi] WARNING: Failed to connect to server [mongodb://localhost/open5gs] (../lib/dbi/ogs-mongoc.c:122)
04/14 08:54:39.294: [app] WARNING: Failed to intialize HSS (../src/hss/app-init.c:28)
Open5GS daemon v2.4.4

04/14 08:58:00.836: [app] INFO: Configuration: '/open5gs/install/etc/open5gs/hss.yaml' (../lib/app/ogs-init.c:129)
04/14 08:58:00.836: [app] INFO: File Logging: '/open5gs/install/var/log/open5gs/hss.log' (../lib/app/ogs-init.c:132)
04/14 08:58:00.839: [dbi] WARNING: Failed to connect to server [mongodb://localhost/open5gs] (../lib/dbi/ogs-mongoc.c:122)
04/14 08:58:00.841: [app] WARNING: Failed to intialize HSS (../src/hss/app-init.c:28)
Open5GS daemon v2.4.4

04/14 09:02:55.785: [app] INFO: Configuration: '/open5gs/install/etc/open5gs/hss.yaml' (../lib/app/ogs-init.c:129)
04/14 09:02:55.786: [app] INFO: File Logging: '/open5gs/install/var/log/open5gs/hss.log' (../lib/app/ogs-init.c:132)
04/14 09:02:55.790: [dbi] WARNING: Failed to connect to server [mongodb://localhost/open5gs] (../lib/dbi/ogs-mongoc.c:122)
04/14 09:02:55.790: [app] WARNING: Failed to intialize HSS (../src/hss/app-init.c:28)
