2023-04-13T18:57:23.085+0000 I CONTROL  [initandlisten] MongoDB starting : pid=8 port=27017 dbpath=/var/lib/mongodb 64-bit host=37e3f4dc2d0f
2023-04-13T18:57:23.085+0000 I CONTROL  [initandlisten] db version v3.6.8
2023-04-13T18:57:23.086+0000 I CONTROL  [initandlisten] git version: 8e540c0b6db93ce994cc548f000900bdc740f80a
2023-04-13T18:57:23.086+0000 I CONTROL  [initandlisten] OpenSSL version: OpenSSL 1.1.1f  31 Mar 2020
2023-04-13T18:57:23.086+0000 I CONTROL  [initandlisten] allocator: tcmalloc
2023-04-13T18:57:23.086+0000 I CONTROL  [initandlisten] modules: none
2023-04-13T18:57:23.087+0000 I CONTROL  [initandlisten] build environment:
2023-04-13T18:57:23.087+0000 I CONTROL  [initandlisten]     distarch: x86_64
2023-04-13T18:57:23.087+0000 I CONTROL  [initandlisten]     target_arch: x86_64
2023-04-13T18:57:23.087+0000 I CONTROL  [initandlisten] options: { net: { bindIpAll: true }, storage: { dbPath: "/var/lib/mongodb", mmapv1: { smallFiles: true } }, systemLog: { destination: "file", logAppend: true, logRotate: "reopen", path: "/open5gs/install/var/log/open5gs/mongodb.log" } }
2023-04-13T18:57:23.087+0000 W -        [initandlisten] Detected unclean shutdown - /var/lib/mongodb/mongod.lock is not empty.
2023-04-13T18:57:23.091+0000 I -        [initandlisten] Detected data files in /var/lib/mongodb created by the 'wiredTiger' storage engine, so setting the active storage engine to 'wiredTiger'.
2023-04-13T18:57:23.091+0000 W STORAGE  [initandlisten] Recovering data from the last clean checkpoint.
2023-04-13T18:57:23.091+0000 I STORAGE  [initandlisten] 
2023-04-13T18:57:23.091+0000 I STORAGE  [initandlisten] ** WARNING: Using the XFS filesystem is strongly recommended with the WiredTiger storage engine
2023-04-13T18:57:23.091+0000 I STORAGE  [initandlisten] **          See http://dochub.mongodb.org/core/prodnotes-filesystem
2023-04-13T18:57:23.091+0000 I STORAGE  [initandlisten] wiredtiger_open config: create,cache_size=1456M,session_max=20000,eviction=(threads_min=4,threads_max=4),config_base=false,statistics=(fast),cache_cursors=false,compatibility=(release="3.0",require_max="3.0"),log=(enabled=true,archive=true,path=journal,compressor=snappy),file_manager=(close_idle_time=100000),statistics_log=(wait=0),verbose=(recovery_progress),
2023-04-13T18:57:23.888+0000 I STORAGE  [initandlisten] WiredTiger message [1681412243:888019][8:0x7f9cc5246ac0], txn-recover: Main recovery loop: starting at 144/5248
2023-04-13T18:57:23.888+0000 I STORAGE  [initandlisten] WiredTiger message [1681412243:888486][8:0x7f9cc5246ac0], txn-recover: Recovering log 144 through 145
2023-04-13T18:57:23.943+0000 I STORAGE  [initandlisten] WiredTiger message [1681412243:943307][8:0x7f9cc5246ac0], txn-recover: Recovering log 145 through 145
2023-04-13T18:57:23.976+0000 I STORAGE  [initandlisten] WiredTiger message [1681412243:976575][8:0x7f9cc5246ac0], txn-recover: Set global recovery timestamp: 0
2023-04-13T18:57:24.019+0000 W STORAGE  [initandlisten] Detected configuration for non-active storage engine mmapv1 when current storage engine is wiredTiger
2023-04-13T18:57:24.019+0000 I CONTROL  [initandlisten] 
2023-04-13T18:57:24.020+0000 I CONTROL  [initandlisten] ** WARNING: Access control is not enabled for the database.
2023-04-13T18:57:24.020+0000 I CONTROL  [initandlisten] **          Read and write access to data and configuration is unrestricted.
2023-04-13T18:57:24.020+0000 I CONTROL  [initandlisten] ** WARNING: You are running this process as the root user, which is not recommended.
2023-04-13T18:57:24.020+0000 I CONTROL  [initandlisten] 
2023-04-13T18:57:24.090+0000 I FTDC     [initandlisten] Initializing full-time diagnostic data capture with directory '/var/lib/mongodb/diagnostic.data'
2023-04-13T18:57:24.090+0000 I NETWORK  [initandlisten] waiting for connections on port 27017
2023-04-13T18:57:40.762+0000 I NETWORK  [listener] connection accepted from 127.0.0.1:38598 #1 (1 connection now open)
2023-04-13T18:57:40.810+0000 I NETWORK  [conn1] received client metadata from 127.0.0.1:38598 conn1: { driver: { name: "nodejs", version: "2.2.34" }, os: { type: "Linux", name: "linux", architecture: "x64", version: "5.4.0-91-generic" }, platform: "Node.js v14.21.3, LE, mongodb-core: 2.1.18" }
2023-04-13T18:57:40.862+0000 I NETWORK  [listener] connection accepted from 127.0.0.1:38602 #2 (2 connections now open)
2023-04-13T18:57:40.867+0000 I NETWORK  [listener] connection accepted from 127.0.0.1:38604 #3 (3 connections now open)
2023-04-13T19:07:41.948+0000 I NETWORK  [listener] connection accepted from 127.0.0.1:38676 #4 (4 connections now open)
2023-04-13T19:07:41.968+0000 I NETWORK  [listener] connection accepted from 127.0.0.1:38678 #5 (5 connections now open)
2023-04-13T19:49:34.029+0000 I CONTROL  [main] ***** SERVER RESTARTED *****
2023-04-13T19:49:34.074+0000 I CONTROL  [initandlisten] MongoDB starting : pid=8 port=27017 dbpath=/var/lib/mongodb 64-bit host=18056c763a84
2023-04-13T19:49:34.074+0000 I CONTROL  [initandlisten] db version v3.6.8
2023-04-13T19:49:34.074+0000 I CONTROL  [initandlisten] git version: 8e540c0b6db93ce994cc548f000900bdc740f80a
2023-04-13T19:49:34.074+0000 I CONTROL  [initandlisten] OpenSSL version: OpenSSL 1.1.1f  31 Mar 2020
2023-04-13T19:49:34.074+0000 I CONTROL  [initandlisten] allocator: tcmalloc
2023-04-13T19:49:34.074+0000 I CONTROL  [initandlisten] modules: none
2023-04-13T19:49:34.074+0000 I CONTROL  [initandlisten] build environment:
2023-04-13T19:49:34.074+0000 I CONTROL  [initandlisten]     distarch: x86_64
2023-04-13T19:49:34.074+0000 I CONTROL  [initandlisten]     target_arch: x86_64
2023-04-13T19:49:34.074+0000 I CONTROL  [initandlisten] options: { net: { bindIpAll: true }, storage: { dbPath: "/var/lib/mongodb", mmapv1: { smallFiles: true } }, systemLog: { destination: "file", logAppend: true, logRotate: "reopen", path: "/open5gs/install/var/log/open5gs/mongodb.log" } }
2023-04-13T19:49:34.074+0000 W -        [initandlisten] Detected unclean shutdown - /var/lib/mongodb/mongod.lock is not empty.
2023-04-13T19:49:34.074+0000 I -        [initandlisten] Detected data files in /var/lib/mongodb created by the 'wiredTiger' storage engine, so setting the active storage engine to 'wiredTiger'.
2023-04-13T19:49:34.074+0000 W STORAGE  [initandlisten] Recovering data from the last clean checkpoint.
2023-04-13T19:49:34.074+0000 I STORAGE  [initandlisten] 
2023-04-13T19:49:34.074+0000 I STORAGE  [initandlisten] ** WARNING: Using the XFS filesystem is strongly recommended with the WiredTiger storage engine
2023-04-13T19:49:34.074+0000 I STORAGE  [initandlisten] **          See http://dochub.mongodb.org/core/prodnotes-filesystem
2023-04-13T19:49:34.074+0000 I STORAGE  [initandlisten] wiredtiger_open config: create,cache_size=1456M,session_max=20000,eviction=(threads_min=4,threads_max=4),config_base=false,statistics=(fast),cache_cursors=false,compatibility=(release="3.0",require_max="3.0"),log=(enabled=true,archive=true,path=journal,compressor=snappy),file_manager=(close_idle_time=100000),statistics_log=(wait=0),verbose=(recovery_progress),
2023-04-13T19:49:34.914+0000 I STORAGE  [initandlisten] WiredTiger message [1681415374:914580][8:0x7f51bdb3eac0], txn-recover: Main recovery loop: starting at 145/6656
2023-04-13T19:49:34.914+0000 I STORAGE  [initandlisten] WiredTiger message [1681415374:914891][8:0x7f51bdb3eac0], txn-recover: Recovering log 145 through 146
2023-04-13T19:49:34.988+0000 I STORAGE  [initandlisten] WiredTiger message [1681415374:988009][8:0x7f51bdb3eac0], file:index-2-222853404432287150.wt, txn-recover: Recovering log 146 through 146
2023-04-13T19:49:35.027+0000 I STORAGE  [initandlisten] WiredTiger message [1681415375:27837][8:0x7f51bdb3eac0], file:index-2-222853404432287150.wt, txn-recover: Set global recovery timestamp: 0
2023-04-13T19:49:35.086+0000 W STORAGE  [initandlisten] Detected configuration for non-active storage engine mmapv1 when current storage engine is wiredTiger
2023-04-13T19:49:35.086+0000 I CONTROL  [initandlisten] 
2023-04-13T19:49:35.086+0000 I CONTROL  [initandlisten] ** WARNING: Access control is not enabled for the database.
2023-04-13T19:49:35.086+0000 I CONTROL  [initandlisten] **          Read and write access to data and configuration is unrestricted.
2023-04-13T19:49:35.086+0000 I CONTROL  [initandlisten] ** WARNING: You are running this process as the root user, which is not recommended.
2023-04-13T19:49:35.086+0000 I CONTROL  [initandlisten] 
2023-04-13T19:49:35.141+0000 I FTDC     [initandlisten] Initializing full-time diagnostic data capture with directory '/var/lib/mongodb/diagnostic.data'
2023-04-13T19:49:35.141+0000 I NETWORK  [initandlisten] waiting for connections on port 27017
2023-04-13T19:49:36.014+0000 I FTDC     [ftdc] Unclean full-time diagnostic data capture shutdown detected, found interim file, some metrics may have been lost. OK
2023-04-13T19:49:49.436+0000 I NETWORK  [listener] connection accepted from 127.0.0.1:38740 #1 (1 connection now open)
2023-04-13T19:49:49.486+0000 I NETWORK  [conn1] received client metadata from 127.0.0.1:38740 conn1: { driver: { name: "nodejs", version: "2.2.34" }, os: { type: "Linux", name: "linux", architecture: "x64", version: "5.4.0-91-generic" }, platform: "Node.js v14.21.3, LE, mongodb-core: 2.1.18" }
2023-04-13T19:49:49.515+0000 I NETWORK  [listener] connection accepted from 127.0.0.1:38742 #2 (2 connections now open)
2023-04-13T19:49:49.524+0000 I NETWORK  [listener] connection accepted from 127.0.0.1:38744 #3 (3 connections now open)
2023-04-13T19:51:04.660+0000 I CONTROL  [signalProcessingThread] got signal 1 (Hangup), will terminate after current cmd ends
2023-04-13T19:51:04.660+0000 I NETWORK  [signalProcessingThread] shutdown: going to close listening sockets...
2023-04-13T19:51:04.660+0000 I NETWORK  [signalProcessingThread] removing socket file: /tmp/mongodb-27017.sock
2023-04-13T19:51:04.661+0000 I FTDC     [signalProcessingThread] Shutting down full-time diagnostic data capture
2023-04-13T21:21:28.759+0000 I CONTROL  [main] ***** SERVER RESTARTED *****
2023-04-13T21:21:28.804+0000 I CONTROL  [initandlisten] MongoDB starting : pid=7 port=27017 dbpath=/var/lib/mongodb 64-bit host=dfe439f22c6d
2023-04-13T21:21:28.804+0000 I CONTROL  [initandlisten] db version v3.6.8
2023-04-13T21:21:28.804+0000 I CONTROL  [initandlisten] git version: 8e540c0b6db93ce994cc548f000900bdc740f80a
2023-04-13T21:21:28.804+0000 I CONTROL  [initandlisten] OpenSSL version: OpenSSL 1.1.1f  31 Mar 2020
2023-04-13T21:21:28.804+0000 I CONTROL  [initandlisten] allocator: tcmalloc
2023-04-13T21:21:28.804+0000 I CONTROL  [initandlisten] modules: none
2023-04-13T21:21:28.804+0000 I CONTROL  [initandlisten] build environment:
2023-04-13T21:21:28.804+0000 I CONTROL  [initandlisten]     distarch: x86_64
2023-04-13T21:21:28.804+0000 I CONTROL  [initandlisten]     target_arch: x86_64
2023-04-13T21:21:28.804+0000 I CONTROL  [initandlisten] options: { net: { bindIpAll: true }, storage: { dbPath: "/var/lib/mongodb", mmapv1: { smallFiles: true } }, systemLog: { destination: "file", logAppend: true, logRotate: "reopen", path: "/open5gs/install/var/log/open5gs/mongodb.log" } }
2023-04-13T21:21:28.804+0000 W -        [initandlisten] Detected unclean shutdown - /var/lib/mongodb/mongod.lock is not empty.
2023-04-13T21:21:28.804+0000 I -        [initandlisten] Detected data files in /var/lib/mongodb created by the 'wiredTiger' storage engine, so setting the active storage engine to 'wiredTiger'.
2023-04-13T21:21:28.804+0000 W STORAGE  [initandlisten] Recovering data from the last clean checkpoint.
2023-04-13T21:21:28.804+0000 I STORAGE  [initandlisten] 
2023-04-13T21:21:28.804+0000 I STORAGE  [initandlisten] ** WARNING: Using the XFS filesystem is strongly recommended with the WiredTiger storage engine
2023-04-13T21:21:28.804+0000 I STORAGE  [initandlisten] **          See http://dochub.mongodb.org/core/prodnotes-filesystem
2023-04-13T21:21:28.804+0000 I STORAGE  [initandlisten] wiredtiger_open config: create,cache_size=1456M,session_max=20000,eviction=(threads_min=4,threads_max=4),config_base=false,statistics=(fast),cache_cursors=false,compatibility=(release="3.0",require_max="3.0"),log=(enabled=true,archive=true,path=journal,compressor=snappy),file_manager=(close_idle_time=100000),statistics_log=(wait=0),verbose=(recovery_progress),
2023-04-13T21:21:29.636+0000 I STORAGE  [initandlisten] WiredTiger message [1681420889:636014][7:0x7f10ae158ac0], txn-recover: Main recovery loop: starting at 146/3200
2023-04-13T21:21:29.636+0000 I STORAGE  [initandlisten] WiredTiger message [1681420889:636283][7:0x7f10ae158ac0], txn-recover: Recovering log 146 through 147
2023-04-13T21:21:29.714+0000 I STORAGE  [initandlisten] WiredTiger message [1681420889:714637][7:0x7f10ae158ac0], file:sizeStorer.wt, txn-recover: Recovering log 147 through 147
2023-04-13T21:21:29.768+0000 I STORAGE  [initandlisten] WiredTiger message [1681420889:768010][7:0x7f10ae158ac0], file:sizeStorer.wt, txn-recover: Set global recovery timestamp: 0
2023-04-13T21:21:29.836+0000 W STORAGE  [initandlisten] Detected configuration for non-active storage engine mmapv1 when current storage engine is wiredTiger
2023-04-13T21:21:29.836+0000 I CONTROL  [initandlisten] 
2023-04-13T21:21:29.836+0000 I CONTROL  [initandlisten] ** WARNING: Access control is not enabled for the database.
2023-04-13T21:21:29.836+0000 I CONTROL  [initandlisten] **          Read and write access to data and configuration is unrestricted.
2023-04-13T21:21:29.836+0000 I CONTROL  [initandlisten] ** WARNING: You are running this process as the root user, which is not recommended.
2023-04-13T21:21:29.836+0000 I CONTROL  [initandlisten] 
2023-04-13T21:21:29.902+0000 I FTDC     [initandlisten] Initializing full-time diagnostic data capture with directory '/var/lib/mongodb/diagnostic.data'
2023-04-13T21:21:29.903+0000 I NETWORK  [initandlisten] waiting for connections on port 27017
2023-04-13T21:21:30.024+0000 I FTDC     [ftdc] Unclean full-time diagnostic data capture shutdown detected, found interim file, some metrics may have been lost. OK
2023-04-13T21:21:44.085+0000 I NETWORK  [listener] connection accepted from 127.0.0.1:38858 #1 (1 connection now open)
2023-04-13T21:21:44.131+0000 I NETWORK  [conn1] received client metadata from 127.0.0.1:38858 conn1: { driver: { name: "nodejs", version: "2.2.34" }, os: { type: "Linux", name: "linux", architecture: "x64", version: "5.4.0-91-generic" }, platform: "Node.js v14.21.3, LE, mongodb-core: 2.1.18" }
2023-04-13T21:21:44.161+0000 I NETWORK  [listener] connection accepted from 127.0.0.1:38860 #2 (2 connections now open)
2023-04-13T21:21:44.166+0000 I NETWORK  [listener] connection accepted from 127.0.0.1:38862 #3 (3 connections now open)
2023-04-13T21:23:47.603+0000 I CONTROL  [main] ***** SERVER RESTARTED *****
2023-04-13T21:23:47.648+0000 I CONTROL  [initandlisten] MongoDB starting : pid=8 port=27017 dbpath=/var/lib/mongodb 64-bit host=8f44cc416e65
2023-04-13T21:23:47.648+0000 I CONTROL  [initandlisten] db version v3.6.8
2023-04-13T21:23:47.648+0000 I CONTROL  [initandlisten] git version: 8e540c0b6db93ce994cc548f000900bdc740f80a
2023-04-13T21:23:47.648+0000 I CONTROL  [initandlisten] OpenSSL version: OpenSSL 1.1.1f  31 Mar 2020
2023-04-13T21:23:47.659+0000 I CONTROL  [initandlisten] allocator: tcmalloc
2023-04-13T21:23:47.659+0000 I CONTROL  [initandlisten] modules: none
2023-04-13T21:23:47.659+0000 I CONTROL  [initandlisten] build environment:
2023-04-13T21:23:47.659+0000 I CONTROL  [initandlisten]     distarch: x86_64
2023-04-13T21:23:47.659+0000 I CONTROL  [initandlisten]     target_arch: x86_64
2023-04-13T21:23:47.659+0000 I CONTROL  [initandlisten] options: { net: { bindIpAll: true }, storage: { dbPath: "/var/lib/mongodb", mmapv1: { smallFiles: true } }, systemLog: { destination: "file", logAppend: true, logRotate: "reopen", path: "/open5gs/install/var/log/open5gs/mongodb.log" } }
2023-04-13T21:23:47.659+0000 W -        [initandlisten] Detected unclean shutdown - /var/lib/mongodb/mongod.lock is not empty.
2023-04-13T21:23:47.660+0000 I -        [initandlisten] Detected data files in /var/lib/mongodb created by the 'wiredTiger' storage engine, so setting the active storage engine to 'wiredTiger'.
2023-04-13T21:23:47.660+0000 W STORAGE  [initandlisten] Recovering data from the last clean checkpoint.
2023-04-13T21:23:47.660+0000 I STORAGE  [initandlisten] 
2023-04-13T21:23:47.661+0000 I STORAGE  [initandlisten] ** WARNING: Using the XFS filesystem is strongly recommended with the WiredTiger storage engine
2023-04-13T21:23:47.661+0000 I STORAGE  [initandlisten] **          See http://dochub.mongodb.org/core/prodnotes-filesystem
2023-04-13T21:23:47.661+0000 I STORAGE  [initandlisten] wiredtiger_open config: create,cache_size=1456M,session_max=20000,eviction=(threads_min=4,threads_max=4),config_base=false,statistics=(fast),cache_cursors=false,compatibility=(release="3.0",require_max="3.0"),log=(enabled=true,archive=true,path=journal,compressor=snappy),file_manager=(close_idle_time=100000),statistics_log=(wait=0),verbose=(recovery_progress),
2023-04-13T21:23:48.666+0000 I STORAGE  [initandlisten] WiredTiger message [1681421028:666271][8:0x7fafb7422ac0], txn-recover: Main recovery loop: starting at 147/256
2023-04-13T21:23:48.666+0000 I STORAGE  [initandlisten] WiredTiger message [1681421028:666553][8:0x7fafb7422ac0], txn-recover: Recovering log 147 through 148
2023-04-13T21:23:48.723+0000 I STORAGE  [initandlisten] WiredTiger message [1681421028:723235][8:0x7fafb7422ac0], file:index-3--375853139782481128.wt, txn-recover: Recovering log 148 through 148
2023-04-13T21:23:48.798+0000 I STORAGE  [initandlisten] WiredTiger message [1681421028:798747][8:0x7fafb7422ac0], file:index-3--375853139782481128.wt, txn-recover: Set global recovery timestamp: 0
2023-04-13T21:23:48.841+0000 W STORAGE  [initandlisten] Detected configuration for non-active storage engine mmapv1 when current storage engine is wiredTiger
2023-04-13T21:23:48.842+0000 I CONTROL  [initandlisten] 
2023-04-13T21:23:48.842+0000 I CONTROL  [initandlisten] ** WARNING: Access control is not enabled for the database.
2023-04-13T21:23:48.842+0000 I CONTROL  [initandlisten] **          Read and write access to data and configuration is unrestricted.
2023-04-13T21:23:48.842+0000 I CONTROL  [initandlisten] ** WARNING: You are running this process as the root user, which is not recommended.
2023-04-13T21:23:48.842+0000 I CONTROL  [initandlisten] 
2023-04-13T21:23:48.918+0000 I FTDC     [initandlisten] Initializing full-time diagnostic data capture with directory '/var/lib/mongodb/diagnostic.data'
2023-04-13T21:23:48.918+0000 I NETWORK  [initandlisten] waiting for connections on port 27017
2023-04-13T21:23:49.039+0000 I FTDC     [ftdc] Unclean full-time diagnostic data capture shutdown detected, found interim file, some metrics may have been lost. OK
2023-04-13T21:25:45.675+0000 I CONTROL  [main] ***** SERVER RESTARTED *****
2023-04-13T21:25:45.725+0000 I CONTROL  [initandlisten] MongoDB starting : pid=7 port=27017 dbpath=/var/lib/mongodb 64-bit host=943848c273b2
2023-04-13T21:25:45.729+0000 I CONTROL  [initandlisten] db version v3.6.8
2023-04-13T21:25:45.729+0000 I CONTROL  [initandlisten] git version: 8e540c0b6db93ce994cc548f000900bdc740f80a
2023-04-13T21:25:45.729+0000 I CONTROL  [initandlisten] OpenSSL version: OpenSSL 1.1.1f  31 Mar 2020
2023-04-13T21:25:45.729+0000 I CONTROL  [initandlisten] allocator: tcmalloc
2023-04-13T21:25:45.729+0000 I CONTROL  [initandlisten] modules: none
2023-04-13T21:25:45.729+0000 I CONTROL  [initandlisten] build environment:
2023-04-13T21:25:45.729+0000 I CONTROL  [initandlisten]     distarch: x86_64
2023-04-13T21:25:45.729+0000 I CONTROL  [initandlisten]     target_arch: x86_64
2023-04-13T21:25:45.729+0000 I CONTROL  [initandlisten] options: { net: { bindIpAll: true }, storage: { dbPath: "/var/lib/mongodb", mmapv1: { smallFiles: true } }, systemLog: { destination: "file", logAppend: true, logRotate: "reopen", path: "/open5gs/install/var/log/open5gs/mongodb.log" } }
2023-04-13T21:25:45.729+0000 W -        [initandlisten] Detected unclean shutdown - /var/lib/mongodb/mongod.lock is not empty.
2023-04-13T21:25:45.730+0000 I -        [initandlisten] Detected data files in /var/lib/mongodb created by the 'wiredTiger' storage engine, so setting the active storage engine to 'wiredTiger'.
2023-04-13T21:25:45.730+0000 W STORAGE  [initandlisten] Recovering data from the last clean checkpoint.
2023-04-13T21:25:45.730+0000 I STORAGE  [initandlisten] 
2023-04-13T21:25:45.730+0000 I STORAGE  [initandlisten] ** WARNING: Using the XFS filesystem is strongly recommended with the WiredTiger storage engine
2023-04-13T21:25:45.730+0000 I STORAGE  [initandlisten] **          See http://dochub.mongodb.org/core/prodnotes-filesystem
2023-04-13T21:25:45.730+0000 I STORAGE  [initandlisten] wiredtiger_open config: create,cache_size=1456M,session_max=20000,eviction=(threads_min=4,threads_max=4),config_base=false,statistics=(fast),cache_cursors=false,compatibility=(release="3.0",require_max="3.0"),log=(enabled=true,archive=true,path=journal,compressor=snappy),file_manager=(close_idle_time=100000),statistics_log=(wait=0),verbose=(recovery_progress),
2023-04-13T21:25:46.480+0000 I STORAGE  [initandlisten] WiredTiger message [1681421146:480061][7:0x7f64d439cac0], txn-recover: Main recovery loop: starting at 148/256
2023-04-13T21:25:46.480+0000 I STORAGE  [initandlisten] WiredTiger message [1681421146:480355][7:0x7f64d439cac0], txn-recover: Recovering log 148 through 149
2023-04-13T21:25:46.535+0000 I STORAGE  [initandlisten] WiredTiger message [1681421146:535101][7:0x7f64d439cac0], file:index-3--375853139782481128.wt, txn-recover: Recovering log 149 through 149
2023-04-13T21:25:46.599+0000 I STORAGE  [initandlisten] WiredTiger message [1681421146:599495][7:0x7f64d439cac0], file:index-3--375853139782481128.wt, txn-recover: Set global recovery timestamp: 0
2023-04-13T21:25:46.651+0000 W STORAGE  [initandlisten] Detected configuration for non-active storage engine mmapv1 when current storage engine is wiredTiger
2023-04-13T21:25:46.651+0000 I CONTROL  [initandlisten] 
2023-04-13T21:25:46.651+0000 I CONTROL  [initandlisten] ** WARNING: Access control is not enabled for the database.
2023-04-13T21:25:46.651+0000 I CONTROL  [initandlisten] **          Read and write access to data and configuration is unrestricted.
2023-04-13T21:25:46.651+0000 I CONTROL  [initandlisten] ** WARNING: You are running this process as the root user, which is not recommended.
2023-04-13T21:25:46.651+0000 I CONTROL  [initandlisten] 
2023-04-13T21:25:46.746+0000 I FTDC     [initandlisten] Initializing full-time diagnostic data capture with directory '/var/lib/mongodb/diagnostic.data'
2023-04-13T21:25:46.748+0000 I NETWORK  [initandlisten] waiting for connections on port 27017
2023-04-13T21:25:47.034+0000 I FTDC     [ftdc] Unclean full-time diagnostic data capture shutdown detected, found interim file, some metrics may have been lost. OK
2023-04-13T21:27:56.417+0000 I CONTROL  [main] ***** SERVER RESTARTED *****
2023-04-13T21:27:56.432+0000 I CONTROL  [initandlisten] MongoDB starting : pid=7 port=27017 dbpath=/var/lib/mongodb 64-bit host=82300008c884
2023-04-13T21:27:56.432+0000 I CONTROL  [initandlisten] db version v3.6.8
2023-04-13T21:27:56.432+0000 I CONTROL  [initandlisten] git version: 8e540c0b6db93ce994cc548f000900bdc740f80a
2023-04-13T21:27:56.432+0000 I CONTROL  [initandlisten] OpenSSL version: OpenSSL 1.1.1f  31 Mar 2020
2023-04-13T21:27:56.432+0000 I CONTROL  [initandlisten] allocator: tcmalloc
2023-04-13T21:27:56.432+0000 I CONTROL  [initandlisten] modules: none
2023-04-13T21:27:56.432+0000 I CONTROL  [initandlisten] build environment:
2023-04-13T21:27:56.432+0000 I CONTROL  [initandlisten]     distarch: x86_64
2023-04-13T21:27:56.432+0000 I CONTROL  [initandlisten]     target_arch: x86_64
2023-04-13T21:27:56.432+0000 I CONTROL  [initandlisten] options: { net: { bindIpAll: true }, storage: { dbPath: "/var/lib/mongodb", mmapv1: { smallFiles: true } }, systemLog: { destination: "file", logAppend: true, logRotate: "reopen", path: "/open5gs/install/var/log/open5gs/mongodb.log" } }
2023-04-13T21:27:56.432+0000 W -        [initandlisten] Detected unclean shutdown - /var/lib/mongodb/mongod.lock is not empty.
2023-04-13T21:27:56.433+0000 I -        [initandlisten] Detected data files in /var/lib/mongodb created by the 'wiredTiger' storage engine, so setting the active storage engine to 'wiredTiger'.
2023-04-13T21:27:56.433+0000 W STORAGE  [initandlisten] Recovering data from the last clean checkpoint.
2023-04-13T21:27:56.433+0000 I STORAGE  [initandlisten] 
2023-04-13T21:27:56.433+0000 I STORAGE  [initandlisten] ** WARNING: Using the XFS filesystem is strongly recommended with the WiredTiger storage engine
2023-04-13T21:27:56.433+0000 I STORAGE  [initandlisten] **          See http://dochub.mongodb.org/core/prodnotes-filesystem
2023-04-13T21:27:56.433+0000 I STORAGE  [initandlisten] wiredtiger_open config: create,cache_size=1456M,session_max=20000,eviction=(threads_min=4,threads_max=4),config_base=false,statistics=(fast),cache_cursors=false,compatibility=(release="3.0",require_max="3.0"),log=(enabled=true,archive=true,path=journal,compressor=snappy),file_manager=(close_idle_time=100000),statistics_log=(wait=0),verbose=(recovery_progress),
2023-04-13T21:27:57.308+0000 I STORAGE  [initandlisten] WiredTiger message [1681421277:308399][7:0x7ffa1acd8ac0], txn-recover: Main recovery loop: starting at 149/3200
2023-04-13T21:27:57.308+0000 I STORAGE  [initandlisten] WiredTiger message [1681421277:308898][7:0x7ffa1acd8ac0], txn-recover: Recovering log 149 through 150
2023-04-13T21:27:57.423+0000 I STORAGE  [initandlisten] WiredTiger message [1681421277:423522][7:0x7ffa1acd8ac0], file:sizeStorer.wt, txn-recover: Recovering log 150 through 150
2023-04-13T21:27:57.497+0000 I STORAGE  [initandlisten] WiredTiger message [1681421277:497620][7:0x7ffa1acd8ac0], file:sizeStorer.wt, txn-recover: Set global recovery timestamp: 0
2023-04-13T21:27:57.551+0000 W STORAGE  [initandlisten] Detected configuration for non-active storage engine mmapv1 when current storage engine is wiredTiger
2023-04-13T21:27:57.551+0000 I CONTROL  [initandlisten] 
2023-04-13T21:27:57.551+0000 I CONTROL  [initandlisten] ** WARNING: Access control is not enabled for the database.
2023-04-13T21:27:57.552+0000 I CONTROL  [initandlisten] **          Read and write access to data and configuration is unrestricted.
2023-04-13T21:27:57.552+0000 I CONTROL  [initandlisten] ** WARNING: You are running this process as the root user, which is not recommended.
2023-04-13T21:27:57.552+0000 I CONTROL  [initandlisten] 
2023-04-13T21:27:57.629+0000 I FTDC     [initandlisten] Initializing full-time diagnostic data capture with directory '/var/lib/mongodb/diagnostic.data'
2023-04-13T21:27:57.630+0000 I NETWORK  [initandlisten] waiting for connections on port 27017
2023-04-13T21:28:11.877+0000 I NETWORK  [listener] connection accepted from 127.0.0.1:38944 #1 (1 connection now open)
2023-04-13T21:28:11.925+0000 I NETWORK  [conn1] received client metadata from 127.0.0.1:38944 conn1: { driver: { name: "nodejs", version: "2.2.34" }, os: { type: "Linux", name: "linux", architecture: "x64", version: "5.4.0-91-generic" }, platform: "Node.js v14.21.3, LE, mongodb-core: 2.1.18" }
2023-04-13T21:28:11.956+0000 I NETWORK  [listener] connection accepted from 127.0.0.1:38946 #2 (2 connections now open)
2023-04-13T21:28:11.961+0000 I NETWORK  [listener] connection accepted from 127.0.0.1:38948 #3 (3 connections now open)
2023-04-13T21:28:58.098+0000 I CONTROL  [signalProcessingThread] got signal 1 (Hangup), will terminate after current cmd ends
2023-04-13T21:28:58.098+0000 I NETWORK  [signalProcessingThread] shutdown: going to close listening sockets...
2023-04-13T21:28:58.098+0000 I NETWORK  [signalProcessingThread] removing socket file: /tmp/mongodb-27017.sock
2023-04-13T21:39:14.872+0000 I CONTROL  [main] ***** SERVER RESTARTED *****
2023-04-13T21:39:14.885+0000 I CONTROL  [initandlisten] MongoDB starting : pid=8 port=27017 dbpath=/var/lib/mongodb 64-bit host=3229066be83d
2023-04-13T21:39:14.885+0000 I CONTROL  [initandlisten] db version v3.6.8
2023-04-13T21:39:14.885+0000 I CONTROL  [initandlisten] git version: 8e540c0b6db93ce994cc548f000900bdc740f80a
2023-04-13T21:39:14.885+0000 I CONTROL  [initandlisten] OpenSSL version: OpenSSL 1.1.1f  31 Mar 2020
2023-04-13T21:39:14.885+0000 I CONTROL  [initandlisten] allocator: tcmalloc
2023-04-13T21:39:14.885+0000 I CONTROL  [initandlisten] modules: none
2023-04-13T21:39:14.885+0000 I CONTROL  [initandlisten] build environment:
2023-04-13T21:39:14.885+0000 I CONTROL  [initandlisten]     distarch: x86_64
2023-04-13T21:39:14.885+0000 I CONTROL  [initandlisten]     target_arch: x86_64
2023-04-13T21:39:14.885+0000 I CONTROL  [initandlisten] options: { net: { bindIpAll: true }, storage: { dbPath: "/var/lib/mongodb", mmapv1: { smallFiles: true } }, systemLog: { destination: "file", logAppend: true, logRotate: "reopen", path: "/open5gs/install/var/log/open5gs/mongodb.log" } }
2023-04-13T21:39:14.885+0000 W -        [initandlisten] Detected unclean shutdown - /var/lib/mongodb/mongod.lock is not empty.
2023-04-13T21:39:14.886+0000 I -        [initandlisten] Detected data files in /var/lib/mongodb created by the 'wiredTiger' storage engine, so setting the active storage engine to 'wiredTiger'.
2023-04-13T21:39:14.886+0000 W STORAGE  [initandlisten] Recovering data from the last clean checkpoint.
2023-04-13T21:39:14.886+0000 I STORAGE  [initandlisten] 
2023-04-13T21:39:14.886+0000 I STORAGE  [initandlisten] ** WARNING: Using the XFS filesystem is strongly recommended with the WiredTiger storage engine
2023-04-13T21:39:14.886+0000 I STORAGE  [initandlisten] **          See http://dochub.mongodb.org/core/prodnotes-filesystem
2023-04-13T21:39:14.886+0000 I STORAGE  [initandlisten] wiredtiger_open config: create,cache_size=1456M,session_max=20000,eviction=(threads_min=4,threads_max=4),config_base=false,statistics=(fast),cache_cursors=false,compatibility=(release="3.0",require_max="3.0"),log=(enabled=true,archive=true,path=journal,compressor=snappy),file_manager=(close_idle_time=100000),statistics_log=(wait=0),verbose=(recovery_progress),
2023-04-13T21:39:15.639+0000 I STORAGE  [initandlisten] WiredTiger message [1681421955:639584][8:0x7f459d95aac0], txn-recover: Main recovery loop: starting at 150/3200
2023-04-13T21:39:15.639+0000 I STORAGE  [initandlisten] WiredTiger message [1681421955:639988][8:0x7f459d95aac0], txn-recover: Recovering log 150 through 151
2023-04-13T21:39:15.679+0000 I STORAGE  [initandlisten] WiredTiger message [1681421955:679557][8:0x7f459d95aac0], file:sizeStorer.wt, txn-recover: Recovering log 151 through 151
2023-04-13T21:39:15.720+0000 I STORAGE  [initandlisten] WiredTiger message [1681421955:720123][8:0x7f459d95aac0], file:sizeStorer.wt, txn-recover: Set global recovery timestamp: 0
2023-04-13T21:39:15.759+0000 W STORAGE  [initandlisten] Detected configuration for non-active storage engine mmapv1 when current storage engine is wiredTiger
2023-04-13T21:39:15.759+0000 I CONTROL  [initandlisten] 
2023-04-13T21:39:15.759+0000 I CONTROL  [initandlisten] ** WARNING: Access control is not enabled for the database.
2023-04-13T21:39:15.759+0000 I CONTROL  [initandlisten] **          Read and write access to data and configuration is unrestricted.
2023-04-13T21:39:15.759+0000 I CONTROL  [initandlisten] ** WARNING: You are running this process as the root user, which is not recommended.
2023-04-13T21:39:15.759+0000 I CONTROL  [initandlisten] 
2023-04-13T21:39:15.883+0000 I FTDC     [initandlisten] Initializing full-time diagnostic data capture with directory '/var/lib/mongodb/diagnostic.data'
2023-04-13T21:39:15.883+0000 I NETWORK  [initandlisten] waiting for connections on port 27017
2023-04-13T21:39:16.013+0000 I FTDC     [ftdc] Unclean full-time diagnostic data capture shutdown detected, found interim file, some metrics may have been lost. OK
2023-04-13T21:39:30.203+0000 I NETWORK  [listener] connection accepted from 127.0.0.1:38974 #1 (1 connection now open)
2023-04-13T21:39:30.261+0000 I NETWORK  [conn1] received client metadata from 127.0.0.1:38974 conn1: { driver: { name: "nodejs", version: "2.2.34" }, os: { type: "Linux", name: "linux", architecture: "x64", version: "5.4.0-91-generic" }, platform: "Node.js v14.21.3, LE, mongodb-core: 2.1.18" }
2023-04-13T21:39:30.307+0000 I NETWORK  [listener] connection accepted from 127.0.0.1:38976 #2 (2 connections now open)
2023-04-13T21:39:30.316+0000 I NETWORK  [listener] connection accepted from 127.0.0.1:38978 #3 (3 connections now open)
2023-04-14T08:15:16.841+0000 I CONTROL  [main] ***** SERVER RESTARTED *****
2023-04-14T08:15:16.879+0000 I CONTROL  [initandlisten] MongoDB starting : pid=19 port=27017 dbpath=/var/lib/mongodb 64-bit host=7b2efc4092c5
2023-04-14T08:15:16.879+0000 I CONTROL  [initandlisten] db version v3.6.8
2023-04-14T08:15:16.879+0000 I CONTROL  [initandlisten] git version: 8e540c0b6db93ce994cc548f000900bdc740f80a
2023-04-14T08:15:16.879+0000 I CONTROL  [initandlisten] OpenSSL version: OpenSSL 1.1.1f  31 Mar 2020
2023-04-14T08:15:16.879+0000 I CONTROL  [initandlisten] allocator: tcmalloc
2023-04-14T08:15:16.880+0000 I CONTROL  [initandlisten] modules: none
2023-04-14T08:15:16.880+0000 I CONTROL  [initandlisten] build environment:
2023-04-14T08:15:16.880+0000 I CONTROL  [initandlisten]     distarch: x86_64
2023-04-14T08:15:16.880+0000 I CONTROL  [initandlisten]     target_arch: x86_64
2023-04-14T08:15:16.880+0000 I CONTROL  [initandlisten] options: { net: { bindIpAll: true }, storage: { dbPath: "/var/lib/mongodb", mmapv1: { smallFiles: true } }, systemLog: { destination: "file", logAppend: true, logRotate: "reopen", path: "/open5gs/install/var/log/open5gs/mongodb.log" } }
2023-04-14T08:15:16.882+0000 W -        [initandlisten] Detected unclean shutdown - /var/lib/mongodb/mongod.lock is not empty.
2023-04-14T08:15:16.886+0000 I -        [initandlisten] Detected data files in /var/lib/mongodb created by the 'wiredTiger' storage engine, so setting the active storage engine to 'wiredTiger'.
2023-04-14T08:15:16.886+0000 W STORAGE  [initandlisten] Recovering data from the last clean checkpoint.
2023-04-14T08:15:16.886+0000 I STORAGE  [initandlisten] 
2023-04-14T08:15:16.886+0000 I STORAGE  [initandlisten] ** WARNING: Using the XFS filesystem is strongly recommended with the WiredTiger storage engine
2023-04-14T08:15:16.886+0000 I STORAGE  [initandlisten] **          See http://dochub.mongodb.org/core/prodnotes-filesystem
2023-04-14T08:15:16.886+0000 I STORAGE  [initandlisten] wiredtiger_open config: create,cache_size=1456M,session_max=20000,eviction=(threads_min=4,threads_max=4),config_base=false,statistics=(fast),cache_cursors=false,compatibility=(release="3.0",require_max="3.0"),log=(enabled=true,archive=true,path=journal,compressor=snappy),file_manager=(close_idle_time=100000),statistics_log=(wait=0),verbose=(recovery_progress),
2023-04-14T08:15:17.748+0000 I STORAGE  [initandlisten] WiredTiger message [1681460117:748568][19:0x7efd3b029ac0], txn-recover: Main recovery loop: starting at 151/256
2023-04-14T08:15:17.748+0000 I STORAGE  [initandlisten] WiredTiger message [1681460117:748930][19:0x7efd3b029ac0], txn-recover: Recovering log 151 through 152
2023-04-14T08:15:17.809+0000 I STORAGE  [initandlisten] WiredTiger message [1681460117:809517][19:0x7efd3b029ac0], file:index-3--375853139782481128.wt, txn-recover: Recovering log 152 through 152
2023-04-14T08:15:17.867+0000 I STORAGE  [initandlisten] WiredTiger message [1681460117:867837][19:0x7efd3b029ac0], file:index-3--375853139782481128.wt, txn-recover: Set global recovery timestamp: 0
2023-04-14T08:15:17.930+0000 W STORAGE  [initandlisten] Detected configuration for non-active storage engine mmapv1 when current storage engine is wiredTiger
2023-04-14T08:15:17.930+0000 I CONTROL  [initandlisten] 
2023-04-14T08:15:17.931+0000 I CONTROL  [initandlisten] ** WARNING: Access control is not enabled for the database.
2023-04-14T08:15:17.931+0000 I CONTROL  [initandlisten] **          Read and write access to data and configuration is unrestricted.
2023-04-14T08:15:17.931+0000 I CONTROL  [initandlisten] ** WARNING: You are running this process as the root user, which is not recommended.
2023-04-14T08:15:17.931+0000 I CONTROL  [initandlisten] 
2023-04-14T08:15:18.028+0000 I FTDC     [initandlisten] Initializing full-time diagnostic data capture with directory '/var/lib/mongodb/diagnostic.data'
2023-04-14T08:15:18.030+0000 I NETWORK  [initandlisten] waiting for connections on port 27017
2023-04-14T08:15:19.033+0000 I FTDC     [ftdc] Unclean full-time diagnostic data capture shutdown detected, found interim file, some metrics may have been lost. OK
2023-04-14T08:18:17.693+0000 I CONTROL  [main] ***** SERVER RESTARTED *****
2023-04-14T08:18:17.699+0000 I CONTROL  [initandlisten] MongoDB starting : pid=15 port=27017 dbpath=/var/lib/mongodb 64-bit host=2ba9f06e4ecc
2023-04-14T08:18:17.699+0000 I CONTROL  [initandlisten] db version v3.6.8
2023-04-14T08:18:17.700+0000 I CONTROL  [initandlisten] git version: 8e540c0b6db93ce994cc548f000900bdc740f80a
2023-04-14T08:18:17.700+0000 I CONTROL  [initandlisten] OpenSSL version: OpenSSL 1.1.1f  31 Mar 2020
2023-04-14T08:18:17.700+0000 I CONTROL  [initandlisten] allocator: tcmalloc
2023-04-14T08:18:17.700+0000 I CONTROL  [initandlisten] modules: none
2023-04-14T08:18:17.700+0000 I CONTROL  [initandlisten] build environment:
2023-04-14T08:18:17.700+0000 I CONTROL  [initandlisten]     distarch: x86_64
2023-04-14T08:18:17.700+0000 I CONTROL  [initandlisten]     target_arch: x86_64
2023-04-14T08:18:17.700+0000 I CONTROL  [initandlisten] options: { net: { bindIpAll: true }, storage: { dbPath: "/var/lib/mongodb", mmapv1: { smallFiles: true } }, systemLog: { destination: "file", logAppend: true, logRotate: "reopen", path: "/open5gs/install/var/log/open5gs/mongodb.log" } }
2023-04-14T08:18:17.700+0000 W -        [initandlisten] Detected unclean shutdown - /var/lib/mongodb/mongod.lock is not empty.
2023-04-14T08:18:17.700+0000 I -        [initandlisten] Detected data files in /var/lib/mongodb created by the 'wiredTiger' storage engine, so setting the active storage engine to 'wiredTiger'.
2023-04-14T08:18:17.701+0000 W STORAGE  [initandlisten] Recovering data from the last clean checkpoint.
2023-04-14T08:18:17.701+0000 I STORAGE  [initandlisten] 
2023-04-14T08:18:17.701+0000 I STORAGE  [initandlisten] ** WARNING: Using the XFS filesystem is strongly recommended with the WiredTiger storage engine
2023-04-14T08:18:17.701+0000 I STORAGE  [initandlisten] **          See http://dochub.mongodb.org/core/prodnotes-filesystem
2023-04-14T08:18:17.701+0000 I STORAGE  [initandlisten] wiredtiger_open config: create,cache_size=1456M,session_max=20000,eviction=(threads_min=4,threads_max=4),config_base=false,statistics=(fast),cache_cursors=false,compatibility=(release="3.0",require_max="3.0"),log=(enabled=true,archive=true,path=journal,compressor=snappy),file_manager=(close_idle_time=100000),statistics_log=(wait=0),verbose=(recovery_progress),
2023-04-14T08:18:18.833+0000 I STORAGE  [initandlisten] WiredTiger message [1681460298:833780][15:0x7ff097379ac0], txn-recover: Main recovery loop: starting at 152/3200
2023-04-14T08:18:18.834+0000 I STORAGE  [initandlisten] WiredTiger message [1681460298:834576][15:0x7ff097379ac0], txn-recover: Recovering log 152 through 153
2023-04-14T08:18:18.916+0000 I STORAGE  [initandlisten] WiredTiger message [1681460298:915915][15:0x7ff097379ac0], file:sizeStorer.wt, txn-recover: Recovering log 153 through 153
2023-04-14T08:18:18.961+0000 I STORAGE  [initandlisten] WiredTiger message [1681460298:961396][15:0x7ff097379ac0], file:sizeStorer.wt, txn-recover: Set global recovery timestamp: 0
2023-04-14T08:18:19.008+0000 W STORAGE  [initandlisten] Detected configuration for non-active storage engine mmapv1 when current storage engine is wiredTiger
2023-04-14T08:18:19.009+0000 I CONTROL  [initandlisten] 
2023-04-14T08:18:19.009+0000 I CONTROL  [initandlisten] ** WARNING: Access control is not enabled for the database.
2023-04-14T08:18:19.009+0000 I CONTROL  [initandlisten] **          Read and write access to data and configuration is unrestricted.
2023-04-14T08:18:19.009+0000 I CONTROL  [initandlisten] ** WARNING: You are running this process as the root user, which is not recommended.
2023-04-14T08:18:19.009+0000 I CONTROL  [initandlisten] 
2023-04-14T08:18:19.069+0000 I FTDC     [initandlisten] Initializing full-time diagnostic data capture with directory '/var/lib/mongodb/diagnostic.data'
2023-04-14T08:18:19.070+0000 I NETWORK  [initandlisten] waiting for connections on port 27017
2023-04-14T08:18:20.032+0000 I FTDC     [ftdc] Unclean full-time diagnostic data capture shutdown detected, found interim file, some metrics may have been lost. OK
2023-04-14T08:19:30.924+0000 I CONTROL  [signalProcessingThread] got signal 1 (Hangup), will terminate after current cmd ends
2023-04-14T08:19:30.924+0000 I NETWORK  [signalProcessingThread] shutdown: going to close listening sockets...
2023-04-14T08:19:30.924+0000 I NETWORK  [signalProcessingThread] removing socket file: /tmp/mongodb-27017.sock
2023-04-14T08:19:30.924+0000 I FTDC     [signalProcessingThread] Shutting down full-time diagnostic data capture
2023-04-14T08:20:46.008+0000 I CONTROL  [main] ***** SERVER RESTARTED *****
2023-04-14T08:20:46.089+0000 I CONTROL  [initandlisten] MongoDB starting : pid=14 port=27017 dbpath=/var/lib/mongodb 64-bit host=78bb0d6fad78
2023-04-14T08:20:46.089+0000 I CONTROL  [initandlisten] db version v3.6.8
2023-04-14T08:20:46.089+0000 I CONTROL  [initandlisten] git version: 8e540c0b6db93ce994cc548f000900bdc740f80a
2023-04-14T08:20:46.089+0000 I CONTROL  [initandlisten] OpenSSL version: OpenSSL 1.1.1f  31 Mar 2020
2023-04-14T08:20:46.089+0000 I CONTROL  [initandlisten] allocator: tcmalloc
2023-04-14T08:20:46.089+0000 I CONTROL  [initandlisten] modules: none
2023-04-14T08:20:46.090+0000 I CONTROL  [initandlisten] build environment:
2023-04-14T08:20:46.090+0000 I CONTROL  [initandlisten]     distarch: x86_64
2023-04-14T08:20:46.090+0000 I CONTROL  [initandlisten]     target_arch: x86_64
2023-04-14T08:20:46.090+0000 I CONTROL  [initandlisten] options: { net: { bindIpAll: true }, storage: { dbPath: "/var/lib/mongodb", mmapv1: { smallFiles: true } }, systemLog: { destination: "file", logAppend: true, logRotate: "reopen", path: "/open5gs/install/var/log/open5gs/mongodb.log" } }
2023-04-14T08:20:46.090+0000 W -        [initandlisten] Detected unclean shutdown - /var/lib/mongodb/mongod.lock is not empty.
2023-04-14T08:20:46.090+0000 I -        [initandlisten] Detected data files in /var/lib/mongodb created by the 'wiredTiger' storage engine, so setting the active storage engine to 'wiredTiger'.
2023-04-14T08:20:46.090+0000 W STORAGE  [initandlisten] Recovering data from the last clean checkpoint.
2023-04-14T08:20:46.090+0000 I STORAGE  [initandlisten] 
2023-04-14T08:20:46.091+0000 I STORAGE  [initandlisten] ** WARNING: Using the XFS filesystem is strongly recommended with the WiredTiger storage engine
2023-04-14T08:20:46.091+0000 I STORAGE  [initandlisten] **          See http://dochub.mongodb.org/core/prodnotes-filesystem
2023-04-14T08:20:46.091+0000 I STORAGE  [initandlisten] wiredtiger_open config: create,cache_size=1456M,session_max=20000,eviction=(threads_min=4,threads_max=4),config_base=false,statistics=(fast),cache_cursors=false,compatibility=(release="3.0",require_max="3.0"),log=(enabled=true,archive=true,path=journal,compressor=snappy),file_manager=(close_idle_time=100000),statistics_log=(wait=0),verbose=(recovery_progress),
2023-04-14T08:20:46.988+0000 I STORAGE  [initandlisten] WiredTiger message [1681460446:988707][14:0x7fb886f3eac0], txn-recover: Main recovery loop: starting at 153/3200
2023-04-14T08:20:46.989+0000 I STORAGE  [initandlisten] WiredTiger message [1681460446:989037][14:0x7fb886f3eac0], txn-recover: Recovering log 153 through 154
2023-04-14T08:20:47.066+0000 I STORAGE  [initandlisten] WiredTiger message [1681460447:66260][14:0x7fb886f3eac0], file:sizeStorer.wt, txn-recover: Recovering log 154 through 154
2023-04-14T08:20:47.137+0000 I STORAGE  [initandlisten] WiredTiger message [1681460447:137442][14:0x7fb886f3eac0], file:sizeStorer.wt, txn-recover: Set global recovery timestamp: 0
2023-04-14T08:20:47.191+0000 W STORAGE  [initandlisten] Detected configuration for non-active storage engine mmapv1 when current storage engine is wiredTiger
2023-04-14T08:20:47.191+0000 I CONTROL  [initandlisten] 
2023-04-14T08:20:47.192+0000 I CONTROL  [initandlisten] ** WARNING: Access control is not enabled for the database.
2023-04-14T08:20:47.192+0000 I CONTROL  [initandlisten] **          Read and write access to data and configuration is unrestricted.
2023-04-14T08:20:47.192+0000 I CONTROL  [initandlisten] ** WARNING: You are running this process as the root user, which is not recommended.
2023-04-14T08:20:47.192+0000 I CONTROL  [initandlisten] 
2023-04-14T08:20:47.269+0000 I FTDC     [initandlisten] Initializing full-time diagnostic data capture with directory '/var/lib/mongodb/diagnostic.data'
2023-04-14T08:20:47.270+0000 I NETWORK  [initandlisten] waiting for connections on port 27017
2023-04-14T08:20:48.045+0000 I FTDC     [ftdc] Unclean full-time diagnostic data capture shutdown detected, found interim file, some metrics may have been lost. OK
2023-04-14T08:21:01.569+0000 I NETWORK  [listener] connection accepted from 127.0.0.1:34388 #1 (1 connection now open)
2023-04-14T08:21:01.617+0000 I NETWORK  [conn1] received client metadata from 127.0.0.1:34388 conn1: { driver: { name: "nodejs", version: "2.2.34" }, os: { type: "Linux", name: "linux", architecture: "x64", version: "5.4.0-91-generic" }, platform: "Node.js v14.21.3, LE, mongodb-core: 2.1.18" }
2023-04-14T08:21:01.667+0000 I NETWORK  [listener] connection accepted from 127.0.0.1:34390 #2 (2 connections now open)
2023-04-14T08:21:01.671+0000 I NETWORK  [listener] connection accepted from 127.0.0.1:34392 #3 (3 connections now open)
2023-04-14T08:32:22.616+0000 I CONTROL  [main] ***** SERVER RESTARTED *****
2023-04-14T08:32:22.642+0000 I CONTROL  [initandlisten] MongoDB starting : pid=8 port=27017 dbpath=/var/lib/mongodb 64-bit host=0097b8931a56
2023-04-14T08:32:22.642+0000 I CONTROL  [initandlisten] db version v3.6.8
2023-04-14T08:32:22.642+0000 I CONTROL  [initandlisten] git version: 8e540c0b6db93ce994cc548f000900bdc740f80a
2023-04-14T08:32:22.642+0000 I CONTROL  [initandlisten] OpenSSL version: OpenSSL 1.1.1f  31 Mar 2020
2023-04-14T08:32:22.642+0000 I CONTROL  [initandlisten] allocator: tcmalloc
2023-04-14T08:32:22.643+0000 I CONTROL  [initandlisten] modules: none
2023-04-14T08:32:22.643+0000 I CONTROL  [initandlisten] build environment:
2023-04-14T08:32:22.643+0000 I CONTROL  [initandlisten]     distarch: x86_64
2023-04-14T08:32:22.643+0000 I CONTROL  [initandlisten]     target_arch: x86_64
2023-04-14T08:32:22.643+0000 I CONTROL  [initandlisten] options: { net: { bindIpAll: true }, storage: { dbPath: "/var/lib/mongodb", mmapv1: { smallFiles: true } }, systemLog: { destination: "file", logAppend: true, logRotate: "reopen", path: "/open5gs/install/var/log/open5gs/mongodb.log" } }
2023-04-14T08:32:22.643+0000 W -        [initandlisten] Detected unclean shutdown - /var/lib/mongodb/mongod.lock is not empty.
2023-04-14T08:32:22.643+0000 I -        [initandlisten] Detected data files in /var/lib/mongodb created by the 'wiredTiger' storage engine, so setting the active storage engine to 'wiredTiger'.
2023-04-14T08:32:22.646+0000 W STORAGE  [initandlisten] Recovering data from the last clean checkpoint.
2023-04-14T08:32:22.646+0000 I STORAGE  [initandlisten] 
2023-04-14T08:32:22.646+0000 I STORAGE  [initandlisten] ** WARNING: Using the XFS filesystem is strongly recommended with the WiredTiger storage engine
2023-04-14T08:32:22.646+0000 I STORAGE  [initandlisten] **          See http://dochub.mongodb.org/core/prodnotes-filesystem
2023-04-14T08:32:22.646+0000 I STORAGE  [initandlisten] wiredtiger_open config: create,cache_size=1456M,session_max=20000,eviction=(threads_min=4,threads_max=4),config_base=false,statistics=(fast),cache_cursors=false,compatibility=(release="3.0",require_max="3.0"),log=(enabled=true,archive=true,path=journal,compressor=snappy),file_manager=(close_idle_time=100000),statistics_log=(wait=0),verbose=(recovery_progress),
2023-04-14T08:32:23.457+0000 I STORAGE  [initandlisten] WiredTiger message [1681461143:457267][8:0x7fc5bf75eac0], txn-recover: Main recovery loop: starting at 154/3200
2023-04-14T08:32:23.467+0000 I STORAGE  [initandlisten] WiredTiger message [1681461143:467203][8:0x7fc5bf75eac0], txn-recover: Recovering log 154 through 155
2023-04-14T08:32:23.529+0000 I STORAGE  [initandlisten] WiredTiger message [1681461143:529038][8:0x7fc5bf75eac0], file:sizeStorer.wt, txn-recover: Recovering log 155 through 155
2023-04-14T08:32:23.598+0000 I STORAGE  [initandlisten] WiredTiger message [1681461143:598648][8:0x7fc5bf75eac0], file:sizeStorer.wt, txn-recover: Set global recovery timestamp: 0
2023-04-14T08:32:23.664+0000 W STORAGE  [initandlisten] Detected configuration for non-active storage engine mmapv1 when current storage engine is wiredTiger
2023-04-14T08:32:23.664+0000 I CONTROL  [initandlisten] 
2023-04-14T08:32:23.664+0000 I CONTROL  [initandlisten] ** WARNING: Access control is not enabled for the database.
2023-04-14T08:32:23.664+0000 I CONTROL  [initandlisten] **          Read and write access to data and configuration is unrestricted.
2023-04-14T08:32:23.664+0000 I CONTROL  [initandlisten] ** WARNING: You are running this process as the root user, which is not recommended.
2023-04-14T08:32:23.664+0000 I CONTROL  [initandlisten] 
2023-04-14T08:32:23.762+0000 I FTDC     [initandlisten] Initializing full-time diagnostic data capture with directory '/var/lib/mongodb/diagnostic.data'
2023-04-14T08:32:23.763+0000 I NETWORK  [initandlisten] waiting for connections on port 27017
2023-04-14T08:32:24.082+0000 I FTDC     [ftdc] Unclean full-time diagnostic data capture shutdown detected, found interim file, some metrics may have been lost. OK
2023-04-14T08:32:38.343+0000 I NETWORK  [listener] connection accepted from 127.0.0.1:34418 #1 (1 connection now open)
2023-04-14T08:32:38.392+0000 I NETWORK  [conn1] received client metadata from 127.0.0.1:34418 conn1: { driver: { name: "nodejs", version: "2.2.34" }, os: { type: "Linux", name: "linux", architecture: "x64", version: "5.4.0-91-generic" }, platform: "Node.js v14.21.3, LE, mongodb-core: 2.1.18" }
2023-04-14T08:32:38.422+0000 I NETWORK  [listener] connection accepted from 127.0.0.1:34420 #2 (2 connections now open)
2023-04-14T08:32:38.428+0000 I NETWORK  [listener] connection accepted from 127.0.0.1:34422 #3 (3 connections now open)
2023-04-14T08:37:08.780+0000 I CONTROL  [main] ***** SERVER RESTARTED *****
2023-04-14T08:37:08.840+0000 I CONTROL  [initandlisten] MongoDB starting : pid=7 port=27017 dbpath=/var/lib/mongodb 64-bit host=013f624d241b
2023-04-14T08:37:08.841+0000 I CONTROL  [initandlisten] db version v3.6.8
2023-04-14T08:37:08.841+0000 I CONTROL  [initandlisten] git version: 8e540c0b6db93ce994cc548f000900bdc740f80a
2023-04-14T08:37:08.841+0000 I CONTROL  [initandlisten] OpenSSL version: OpenSSL 1.1.1f  31 Mar 2020
2023-04-14T08:37:08.841+0000 I CONTROL  [initandlisten] allocator: tcmalloc
2023-04-14T08:37:08.841+0000 I CONTROL  [initandlisten] modules: none
2023-04-14T08:37:08.841+0000 I CONTROL  [initandlisten] build environment:
2023-04-14T08:37:08.841+0000 I CONTROL  [initandlisten]     distarch: x86_64
2023-04-14T08:37:08.843+0000 I CONTROL  [initandlisten]     target_arch: x86_64
2023-04-14T08:37:08.843+0000 I CONTROL  [initandlisten] options: { net: { bindIpAll: true }, storage: { dbPath: "/var/lib/mongodb", mmapv1: { smallFiles: true } }, systemLog: { destination: "file", logAppend: true, logRotate: "reopen", path: "/open5gs/install/var/log/open5gs/mongodb.log" } }
2023-04-14T08:37:08.843+0000 W -        [initandlisten] Detected unclean shutdown - /var/lib/mongodb/mongod.lock is not empty.
2023-04-14T08:37:08.846+0000 I -        [initandlisten] Detected data files in /var/lib/mongodb created by the 'wiredTiger' storage engine, so setting the active storage engine to 'wiredTiger'.
2023-04-14T08:37:08.846+0000 W STORAGE  [initandlisten] Recovering data from the last clean checkpoint.
2023-04-14T08:37:08.846+0000 I STORAGE  [initandlisten] 
2023-04-14T08:37:08.846+0000 I STORAGE  [initandlisten] ** WARNING: Using the XFS filesystem is strongly recommended with the WiredTiger storage engine
2023-04-14T08:37:08.846+0000 I STORAGE  [initandlisten] **          See http://dochub.mongodb.org/core/prodnotes-filesystem
2023-04-14T08:37:08.848+0000 I STORAGE  [initandlisten] wiredtiger_open config: create,cache_size=1456M,session_max=20000,eviction=(threads_min=4,threads_max=4),config_base=false,statistics=(fast),cache_cursors=false,compatibility=(release="3.0",require_max="3.0"),log=(enabled=true,archive=true,path=journal,compressor=snappy),file_manager=(close_idle_time=100000),statistics_log=(wait=0),verbose=(recovery_progress),
2023-04-14T08:37:09.730+0000 I STORAGE  [initandlisten] WiredTiger message [1681461429:730787][7:0x7f5a3f675ac0], txn-recover: Main recovery loop: starting at 155/4864
2023-04-14T08:37:09.731+0000 I STORAGE  [initandlisten] WiredTiger message [1681461429:731648][7:0x7f5a3f675ac0], txn-recover: Recovering log 155 through 156
2023-04-14T08:37:09.784+0000 I STORAGE  [initandlisten] WiredTiger message [1681461429:784846][7:0x7f5a3f675ac0], txn-recover: Recovering log 156 through 156
2023-04-14T08:37:09.838+0000 I STORAGE  [initandlisten] WiredTiger message [1681461429:838945][7:0x7f5a3f675ac0], txn-recover: Set global recovery timestamp: 0
2023-04-14T08:37:09.906+0000 W STORAGE  [initandlisten] Detected configuration for non-active storage engine mmapv1 when current storage engine is wiredTiger
2023-04-14T08:37:09.906+0000 I CONTROL  [initandlisten] 
2023-04-14T08:37:09.906+0000 I CONTROL  [initandlisten] ** WARNING: Access control is not enabled for the database.
2023-04-14T08:37:09.906+0000 I CONTROL  [initandlisten] **          Read and write access to data and configuration is unrestricted.
2023-04-14T08:37:09.906+0000 I CONTROL  [initandlisten] ** WARNING: You are running this process as the root user, which is not recommended.
2023-04-14T08:37:09.906+0000 I CONTROL  [initandlisten] 
2023-04-14T08:37:09.976+0000 I FTDC     [initandlisten] Initializing full-time diagnostic data capture with directory '/var/lib/mongodb/diagnostic.data'
2023-04-14T08:37:09.978+0000 I NETWORK  [initandlisten] waiting for connections on port 27017
2023-04-14T08:37:10.021+0000 I FTDC     [ftdc] Unclean full-time diagnostic data capture shutdown detected, found interim file, some metrics may have been lost. OK
2023-04-14T08:37:24.267+0000 I NETWORK  [listener] connection accepted from 127.0.0.1:34454 #1 (1 connection now open)
2023-04-14T08:37:24.316+0000 I NETWORK  [conn1] received client metadata from 127.0.0.1:34454 conn1: { driver: { name: "nodejs", version: "2.2.34" }, os: { type: "Linux", name: "linux", architecture: "x64", version: "5.4.0-91-generic" }, platform: "Node.js v14.21.3, LE, mongodb-core: 2.1.18" }
2023-04-14T08:37:24.374+0000 I NETWORK  [listener] connection accepted from 127.0.0.1:34456 #2 (2 connections now open)
2023-04-14T08:37:24.380+0000 I NETWORK  [listener] connection accepted from 127.0.0.1:34458 #3 (3 connections now open)
2023-04-14T08:37:48.012+0000 I CONTROL  [signalProcessingThread] got signal 1 (Hangup), will terminate after current cmd ends
2023-04-14T08:37:48.013+0000 I NETWORK  [signalProcessingThread] shutdown: going to close listening sockets...
2023-04-14T08:38:33.961+0000 I CONTROL  [main] ***** SERVER RESTARTED *****
2023-04-14T08:38:34.006+0000 I CONTROL  [initandlisten] MongoDB starting : pid=8 port=27017 dbpath=/var/lib/mongodb 64-bit host=68ef8656bef1
2023-04-14T08:38:34.006+0000 I CONTROL  [initandlisten] db version v3.6.8
2023-04-14T08:38:34.006+0000 I CONTROL  [initandlisten] git version: 8e540c0b6db93ce994cc548f000900bdc740f80a
2023-04-14T08:38:34.006+0000 I CONTROL  [initandlisten] OpenSSL version: OpenSSL 1.1.1f  31 Mar 2020
2023-04-14T08:38:34.006+0000 I CONTROL  [initandlisten] allocator: tcmalloc
2023-04-14T08:38:34.006+0000 I CONTROL  [initandlisten] modules: none
2023-04-14T08:38:34.006+0000 I CONTROL  [initandlisten] build environment:
2023-04-14T08:38:34.006+0000 I CONTROL  [initandlisten]     distarch: x86_64
2023-04-14T08:38:34.006+0000 I CONTROL  [initandlisten]     target_arch: x86_64
2023-04-14T08:38:34.006+0000 I CONTROL  [initandlisten] options: { net: { bindIpAll: true }, storage: { dbPath: "/var/lib/mongodb", mmapv1: { smallFiles: true } }, systemLog: { destination: "file", logAppend: true, logRotate: "reopen", path: "/open5gs/install/var/log/open5gs/mongodb.log" } }
2023-04-14T08:38:34.006+0000 W -        [initandlisten] Detected unclean shutdown - /var/lib/mongodb/mongod.lock is not empty.
2023-04-14T08:38:34.006+0000 I -        [initandlisten] Detected data files in /var/lib/mongodb created by the 'wiredTiger' storage engine, so setting the active storage engine to 'wiredTiger'.
2023-04-14T08:38:34.007+0000 W STORAGE  [initandlisten] Recovering data from the last clean checkpoint.
2023-04-14T08:38:34.007+0000 I STORAGE  [initandlisten] 
2023-04-14T08:38:34.007+0000 I STORAGE  [initandlisten] ** WARNING: Using the XFS filesystem is strongly recommended with the WiredTiger storage engine
2023-04-14T08:38:34.007+0000 I STORAGE  [initandlisten] **          See http://dochub.mongodb.org/core/prodnotes-filesystem
2023-04-14T08:38:34.007+0000 I STORAGE  [initandlisten] wiredtiger_open config: create,cache_size=1456M,session_max=20000,eviction=(threads_min=4,threads_max=4),config_base=false,statistics=(fast),cache_cursors=false,compatibility=(release="3.0",require_max="3.0"),log=(enabled=true,archive=true,path=journal,compressor=snappy),file_manager=(close_idle_time=100000),statistics_log=(wait=0),verbose=(recovery_progress),
2023-04-14T08:38:34.968+0000 I STORAGE  [initandlisten] WiredTiger message [1681461514:968782][8:0x7fdb6942cac0], txn-recover: Main recovery loop: starting at 156/256
2023-04-14T08:38:34.969+0000 I STORAGE  [initandlisten] WiredTiger message [1681461514:969157][8:0x7fdb6942cac0], txn-recover: Recovering log 156 through 157
2023-04-14T08:38:35.022+0000 I STORAGE  [initandlisten] WiredTiger message [1681461515:22929][8:0x7fdb6942cac0], file:index-3--375853139782481128.wt, txn-recover: Recovering log 157 through 157
2023-04-14T08:38:35.063+0000 I STORAGE  [initandlisten] WiredTiger message [1681461515:63292][8:0x7fdb6942cac0], file:index-3--375853139782481128.wt, txn-recover: Set global recovery timestamp: 0
2023-04-14T08:38:35.111+0000 W STORAGE  [initandlisten] Detected configuration for non-active storage engine mmapv1 when current storage engine is wiredTiger
2023-04-14T08:38:35.111+0000 I CONTROL  [initandlisten] 
2023-04-14T08:38:35.111+0000 I CONTROL  [initandlisten] ** WARNING: Access control is not enabled for the database.
2023-04-14T08:38:35.111+0000 I CONTROL  [initandlisten] **          Read and write access to data and configuration is unrestricted.
2023-04-14T08:38:35.111+0000 I CONTROL  [initandlisten] ** WARNING: You are running this process as the root user, which is not recommended.
2023-04-14T08:38:35.111+0000 I CONTROL  [initandlisten] 
2023-04-14T08:38:35.196+0000 I FTDC     [initandlisten] Initializing full-time diagnostic data capture with directory '/var/lib/mongodb/diagnostic.data'
2023-04-14T08:38:35.196+0000 I NETWORK  [initandlisten] waiting for connections on port 27017
2023-04-14T08:38:36.037+0000 I FTDC     [ftdc] Unclean full-time diagnostic data capture shutdown detected, found interim file, some metrics may have been lost. OK
2023-04-14T08:38:49.375+0000 I NETWORK  [listener] connection accepted from 127.0.0.1:34484 #1 (1 connection now open)
2023-04-14T08:38:49.424+0000 I NETWORK  [conn1] received client metadata from 127.0.0.1:34484 conn1: { driver: { name: "nodejs", version: "2.2.34" }, os: { type: "Linux", name: "linux", architecture: "x64", version: "5.4.0-91-generic" }, platform: "Node.js v14.21.3, LE, mongodb-core: 2.1.18" }
2023-04-14T08:38:49.455+0000 I NETWORK  [listener] connection accepted from 127.0.0.1:34486 #2 (2 connections now open)
2023-04-14T08:38:49.460+0000 I NETWORK  [listener] connection accepted from 127.0.0.1:34488 #3 (3 connections now open)
2023-04-14T08:39:24.800+0000 I CONTROL  [signalProcessingThread] got signal 1 (Hangup), will terminate after current cmd ends
2023-04-14T08:39:24.800+0000 I NETWORK  [signalProcessingThread] shutdown: going to close listening sockets...
2023-04-14T08:39:24.800+0000 I NETWORK  [signalProcessingThread] removing socket file: /tmp/mongodb-27017.sock
2023-04-14T08:39:24.801+0000 I FTDC     [signalProcessingThread] Shutting down full-time diagnostic data capture
2023-04-14T08:50:42.046+0000 I CONTROL  [main] ***** SERVER RESTARTED *****
2023-04-14T08:50:42.058+0000 I CONTROL  [initandlisten] MongoDB starting : pid=8 port=27017 dbpath=/var/lib/mongodb 64-bit host=3365947bfc3b
2023-04-14T08:50:42.058+0000 I CONTROL  [initandlisten] db version v3.6.8
2023-04-14T08:50:42.058+0000 I CONTROL  [initandlisten] git version: 8e540c0b6db93ce994cc548f000900bdc740f80a
2023-04-14T08:50:42.058+0000 I CONTROL  [initandlisten] OpenSSL version: OpenSSL 1.1.1f  31 Mar 2020
2023-04-14T08:50:42.058+0000 I CONTROL  [initandlisten] allocator: tcmalloc
2023-04-14T08:50:42.058+0000 I CONTROL  [initandlisten] modules: none
2023-04-14T08:50:42.058+0000 I CONTROL  [initandlisten] build environment:
2023-04-14T08:50:42.058+0000 I CONTROL  [initandlisten]     distarch: x86_64
2023-04-14T08:50:42.058+0000 I CONTROL  [initandlisten]     target_arch: x86_64
2023-04-14T08:50:42.058+0000 I CONTROL  [initandlisten] options: { net: { bindIpAll: true }, storage: { dbPath: "/var/lib/mongodb", mmapv1: { smallFiles: true } }, systemLog: { destination: "file", logAppend: true, logRotate: "reopen", path: "/open5gs/install/var/log/open5gs/mongodb.log" } }
2023-04-14T08:50:42.058+0000 W -        [initandlisten] Detected unclean shutdown - /var/lib/mongodb/mongod.lock is not empty.
2023-04-14T08:50:42.059+0000 I -        [initandlisten] Detected data files in /var/lib/mongodb created by the 'wiredTiger' storage engine, so setting the active storage engine to 'wiredTiger'.
2023-04-14T08:50:42.059+0000 W STORAGE  [initandlisten] Recovering data from the last clean checkpoint.
2023-04-14T08:50:42.059+0000 I STORAGE  [initandlisten] 
2023-04-14T08:50:42.059+0000 I STORAGE  [initandlisten] ** WARNING: Using the XFS filesystem is strongly recommended with the WiredTiger storage engine
2023-04-14T08:50:42.059+0000 I STORAGE  [initandlisten] **          See http://dochub.mongodb.org/core/prodnotes-filesystem
2023-04-14T08:50:42.059+0000 I STORAGE  [initandlisten] wiredtiger_open config: create,cache_size=1456M,session_max=20000,eviction=(threads_min=4,threads_max=4),config_base=false,statistics=(fast),cache_cursors=false,compatibility=(release="3.0",require_max="3.0"),log=(enabled=true,archive=true,path=journal,compressor=snappy),file_manager=(close_idle_time=100000),statistics_log=(wait=0),verbose=(recovery_progress),
2023-04-14T08:50:42.895+0000 I STORAGE  [initandlisten] WiredTiger message [1681462242:895250][8:0x7f5bd1729ac0], txn-recover: Main recovery loop: starting at 157/256
2023-04-14T08:50:42.897+0000 I STORAGE  [initandlisten] WiredTiger message [1681462242:897056][8:0x7f5bd1729ac0], txn-recover: Recovering log 157 through 158
2023-04-14T08:50:42.946+0000 I STORAGE  [initandlisten] WiredTiger message [1681462242:946097][8:0x7f5bd1729ac0], file:index-3--375853139782481128.wt, txn-recover: Recovering log 158 through 158
2023-04-14T08:50:42.997+0000 I STORAGE  [initandlisten] WiredTiger message [1681462242:997434][8:0x7f5bd1729ac0], file:index-3--375853139782481128.wt, txn-recover: Set global recovery timestamp: 0
2023-04-14T08:50:43.119+0000 W STORAGE  [initandlisten] Detected configuration for non-active storage engine mmapv1 when current storage engine is wiredTiger
2023-04-14T08:50:43.119+0000 I CONTROL  [initandlisten] 
2023-04-14T08:50:43.119+0000 I CONTROL  [initandlisten] ** WARNING: Access control is not enabled for the database.
2023-04-14T08:50:43.119+0000 I CONTROL  [initandlisten] **          Read and write access to data and configuration is unrestricted.
2023-04-14T08:50:43.119+0000 I CONTROL  [initandlisten] ** WARNING: You are running this process as the root user, which is not recommended.
2023-04-14T08:50:43.119+0000 I CONTROL  [initandlisten] 
2023-04-14T08:50:43.192+0000 I FTDC     [initandlisten] Initializing full-time diagnostic data capture with directory '/var/lib/mongodb/diagnostic.data'
2023-04-14T08:50:43.193+0000 I NETWORK  [initandlisten] waiting for connections on port 27017
2023-04-14T08:50:44.035+0000 I FTDC     [ftdc] Unclean full-time diagnostic data capture shutdown detected, found interim file, some metrics may have been lost. OK
2023-04-14T08:50:57.840+0000 I NETWORK  [listener] connection accepted from 127.0.0.1:34686 #1 (1 connection now open)
2023-04-14T08:50:57.891+0000 I NETWORK  [conn1] received client metadata from 127.0.0.1:34686 conn1: { driver: { name: "nodejs", version: "2.2.34" }, os: { type: "Linux", name: "linux", architecture: "x64", version: "5.4.0-91-generic" }, platform: "Node.js v14.21.3, LE, mongodb-core: 2.1.18" }
2023-04-14T08:50:57.944+0000 I NETWORK  [listener] connection accepted from 127.0.0.1:34688 #2 (2 connections now open)
2023-04-14T08:50:57.955+0000 I NETWORK  [listener] connection accepted from 127.0.0.1:34690 #3 (3 connections now open)
2023-04-14T08:54:39.217+0000 I CONTROL  [main] ***** SERVER RESTARTED *****
2023-04-14T08:54:39.281+0000 I CONTROL  [initandlisten] MongoDB starting : pid=7 port=27017 dbpath=/var/lib/mongodb 64-bit host=d3a807d1db4d
2023-04-14T08:54:39.281+0000 I CONTROL  [initandlisten] db version v3.6.8
2023-04-14T08:54:39.281+0000 I CONTROL  [initandlisten] git version: 8e540c0b6db93ce994cc548f000900bdc740f80a
2023-04-14T08:54:39.281+0000 I CONTROL  [initandlisten] OpenSSL version: OpenSSL 1.1.1f  31 Mar 2020
2023-04-14T08:54:39.281+0000 I CONTROL  [initandlisten] allocator: tcmalloc
2023-04-14T08:54:39.281+0000 I CONTROL  [initandlisten] modules: none
2023-04-14T08:54:39.281+0000 I CONTROL  [initandlisten] build environment:
2023-04-14T08:54:39.281+0000 I CONTROL  [initandlisten]     distarch: x86_64
2023-04-14T08:54:39.281+0000 I CONTROL  [initandlisten]     target_arch: x86_64
2023-04-14T08:54:39.282+0000 I CONTROL  [initandlisten] options: { net: { bindIpAll: true }, storage: { dbPath: "/var/lib/mongodb", mmapv1: { smallFiles: true } }, systemLog: { destination: "file", logAppend: true, logRotate: "reopen", path: "/open5gs/install/var/log/open5gs/mongodb.log" } }
2023-04-14T08:54:39.282+0000 W -        [initandlisten] Detected unclean shutdown - /var/lib/mongodb/mongod.lock is not empty.
2023-04-14T08:54:39.282+0000 I -        [initandlisten] Detected data files in /var/lib/mongodb created by the 'wiredTiger' storage engine, so setting the active storage engine to 'wiredTiger'.
2023-04-14T08:54:39.282+0000 W STORAGE  [initandlisten] Recovering data from the last clean checkpoint.
2023-04-14T08:54:39.282+0000 I STORAGE  [initandlisten] 
2023-04-14T08:54:39.282+0000 I STORAGE  [initandlisten] ** WARNING: Using the XFS filesystem is strongly recommended with the WiredTiger storage engine
2023-04-14T08:54:39.282+0000 I STORAGE  [initandlisten] **          See http://dochub.mongodb.org/core/prodnotes-filesystem
2023-04-14T08:54:39.282+0000 I STORAGE  [initandlisten] wiredtiger_open config: create,cache_size=1456M,session_max=20000,eviction=(threads_min=4,threads_max=4),config_base=false,statistics=(fast),cache_cursors=false,compatibility=(release="3.0",require_max="3.0"),log=(enabled=true,archive=true,path=journal,compressor=snappy),file_manager=(close_idle_time=100000),statistics_log=(wait=0),verbose=(recovery_progress),
2023-04-14T08:54:40.080+0000 I STORAGE  [initandlisten] WiredTiger message [1681462480:80898][7:0x7f2a07b33ac0], txn-recover: Main recovery loop: starting at 158/3200
2023-04-14T08:54:40.081+0000 I STORAGE  [initandlisten] WiredTiger message [1681462480:81184][7:0x7f2a07b33ac0], txn-recover: Recovering log 158 through 159
2023-04-14T08:54:40.147+0000 I STORAGE  [initandlisten] WiredTiger message [1681462480:147000][7:0x7f2a07b33ac0], file:sizeStorer.wt, txn-recover: Recovering log 159 through 159
2023-04-14T08:54:40.196+0000 I STORAGE  [initandlisten] WiredTiger message [1681462480:196708][7:0x7f2a07b33ac0], file:sizeStorer.wt, txn-recover: Set global recovery timestamp: 0
2023-04-14T08:54:40.237+0000 W STORAGE  [initandlisten] Detected configuration for non-active storage engine mmapv1 when current storage engine is wiredTiger
2023-04-14T08:54:40.237+0000 I CONTROL  [initandlisten] 
2023-04-14T08:54:40.237+0000 I CONTROL  [initandlisten] ** WARNING: Access control is not enabled for the database.
2023-04-14T08:54:40.237+0000 I CONTROL  [initandlisten] **          Read and write access to data and configuration is unrestricted.
2023-04-14T08:54:40.237+0000 I CONTROL  [initandlisten] ** WARNING: You are running this process as the root user, which is not recommended.
2023-04-14T08:54:40.243+0000 I CONTROL  [initandlisten] 
2023-04-14T08:54:40.316+0000 I FTDC     [initandlisten] Initializing full-time diagnostic data capture with directory '/var/lib/mongodb/diagnostic.data'
2023-04-14T08:54:40.317+0000 I NETWORK  [initandlisten] waiting for connections on port 27017
2023-04-14T08:54:41.043+0000 I FTDC     [ftdc] Unclean full-time diagnostic data capture shutdown detected, found interim file, some metrics may have been lost. OK
2023-04-14T08:54:55.155+0000 I NETWORK  [listener] connection accepted from 127.0.0.1:36390 #1 (1 connection now open)
2023-04-14T08:54:55.207+0000 I NETWORK  [conn1] received client metadata from 127.0.0.1:36390 conn1: { driver: { name: "nodejs", version: "2.2.34" }, os: { type: "Linux", name: "linux", architecture: "x64", version: "5.4.0-91-generic" }, platform: "Node.js v14.21.3, LE, mongodb-core: 2.1.18" }
2023-04-14T08:54:55.238+0000 I NETWORK  [listener] connection accepted from 127.0.0.1:36396 #2 (2 connections now open)
2023-04-14T08:54:55.244+0000 I NETWORK  [listener] connection accepted from 127.0.0.1:36398 #3 (3 connections now open)
2023-04-14T08:58:00.784+0000 I CONTROL  [main] ***** SERVER RESTARTED *****
2023-04-14T08:58:00.887+0000 I CONTROL  [initandlisten] MongoDB starting : pid=7 port=27017 dbpath=/var/lib/mongodb 64-bit host=0814be642d88
2023-04-14T08:58:00.887+0000 I CONTROL  [initandlisten] db version v3.6.8
2023-04-14T08:58:00.887+0000 I CONTROL  [initandlisten] git version: 8e540c0b6db93ce994cc548f000900bdc740f80a
2023-04-14T08:58:00.887+0000 I CONTROL  [initandlisten] OpenSSL version: OpenSSL 1.1.1f  31 Mar 2020
2023-04-14T08:58:00.887+0000 I CONTROL  [initandlisten] allocator: tcmalloc
2023-04-14T08:58:00.887+0000 I CONTROL  [initandlisten] modules: none
2023-04-14T08:58:00.887+0000 I CONTROL  [initandlisten] build environment:
2023-04-14T08:58:00.887+0000 I CONTROL  [initandlisten]     distarch: x86_64
2023-04-14T08:58:00.887+0000 I CONTROL  [initandlisten]     target_arch: x86_64
2023-04-14T08:58:00.887+0000 I CONTROL  [initandlisten] options: { net: { bindIpAll: true }, storage: { dbPath: "/var/lib/mongodb", mmapv1: { smallFiles: true } }, systemLog: { destination: "file", logAppend: true, logRotate: "reopen", path: "/open5gs/install/var/log/open5gs/mongodb.log" } }
2023-04-14T08:58:00.887+0000 W -        [initandlisten] Detected unclean shutdown - /var/lib/mongodb/mongod.lock is not empty.
2023-04-14T08:58:00.887+0000 I -        [initandlisten] Detected data files in /var/lib/mongodb created by the 'wiredTiger' storage engine, so setting the active storage engine to 'wiredTiger'.
2023-04-14T08:58:00.887+0000 W STORAGE  [initandlisten] Recovering data from the last clean checkpoint.
2023-04-14T08:58:00.887+0000 I STORAGE  [initandlisten] 
2023-04-14T08:58:00.887+0000 I STORAGE  [initandlisten] ** WARNING: Using the XFS filesystem is strongly recommended with the WiredTiger storage engine
2023-04-14T08:58:00.887+0000 I STORAGE  [initandlisten] **          See http://dochub.mongodb.org/core/prodnotes-filesystem
2023-04-14T08:58:00.887+0000 I STORAGE  [initandlisten] wiredtiger_open config: create,cache_size=1456M,session_max=20000,eviction=(threads_min=4,threads_max=4),config_base=false,statistics=(fast),cache_cursors=false,compatibility=(release="3.0",require_max="3.0"),log=(enabled=true,archive=true,path=journal,compressor=snappy),file_manager=(close_idle_time=100000),statistics_log=(wait=0),verbose=(recovery_progress),
2023-04-14T08:58:01.682+0000 I STORAGE  [initandlisten] WiredTiger message [1681462681:682460][7:0x7f44f98e4ac0], txn-recover: Main recovery loop: starting at 159/3200
2023-04-14T08:58:01.682+0000 I STORAGE  [initandlisten] WiredTiger message [1681462681:682955][7:0x7f44f98e4ac0], txn-recover: Recovering log 159 through 160
2023-04-14T08:58:01.745+0000 I STORAGE  [initandlisten] WiredTiger message [1681462681:745837][7:0x7f44f98e4ac0], file:sizeStorer.wt, txn-recover: Recovering log 160 through 160
2023-04-14T08:58:01.808+0000 I STORAGE  [initandlisten] WiredTiger message [1681462681:808486][7:0x7f44f98e4ac0], file:sizeStorer.wt, txn-recover: Set global recovery timestamp: 0
2023-04-14T08:58:01.851+0000 W STORAGE  [initandlisten] Detected configuration for non-active storage engine mmapv1 when current storage engine is wiredTiger
2023-04-14T08:58:01.851+0000 I CONTROL  [initandlisten] 
2023-04-14T08:58:01.851+0000 I CONTROL  [initandlisten] ** WARNING: Access control is not enabled for the database.
2023-04-14T08:58:01.851+0000 I CONTROL  [initandlisten] **          Read and write access to data and configuration is unrestricted.
2023-04-14T08:58:01.851+0000 I CONTROL  [initandlisten] ** WARNING: You are running this process as the root user, which is not recommended.
2023-04-14T08:58:01.851+0000 I CONTROL  [initandlisten] 
2023-04-14T08:58:01.950+0000 I FTDC     [initandlisten] Initializing full-time diagnostic data capture with directory '/var/lib/mongodb/diagnostic.data'
2023-04-14T08:58:01.951+0000 I NETWORK  [initandlisten] waiting for connections on port 27017
2023-04-14T08:58:02.082+0000 I FTDC     [ftdc] Unclean full-time diagnostic data capture shutdown detected, found interim file, some metrics may have been lost. OK
2023-04-14T08:58:16.383+0000 I NETWORK  [listener] connection accepted from 127.0.0.1:39228 #1 (1 connection now open)
2023-04-14T08:58:16.467+0000 I NETWORK  [conn1] received client metadata from 127.0.0.1:39228 conn1: { driver: { name: "nodejs", version: "2.2.34" }, os: { type: "Linux", name: "linux", architecture: "x64", version: "5.4.0-91-generic" }, platform: "Node.js v14.21.3, LE, mongodb-core: 2.1.18" }
2023-04-14T08:58:16.501+0000 I NETWORK  [listener] connection accepted from 127.0.0.1:39230 #2 (2 connections now open)
2023-04-14T08:58:16.506+0000 I NETWORK  [listener] connection accepted from 127.0.0.1:39232 #3 (3 connections now open)
2023-04-14T09:02:55.808+0000 I CONTROL  [main] ***** SERVER RESTARTED *****
2023-04-14T09:02:55.833+0000 I CONTROL  [initandlisten] MongoDB starting : pid=7 port=27017 dbpath=/var/lib/mongodb 64-bit host=c18d466b0751
2023-04-14T09:02:55.834+0000 I CONTROL  [initandlisten] db version v3.6.8
2023-04-14T09:02:55.834+0000 I CONTROL  [initandlisten] git version: 8e540c0b6db93ce994cc548f000900bdc740f80a
2023-04-14T09:02:55.835+0000 I CONTROL  [initandlisten] OpenSSL version: OpenSSL 1.1.1f  31 Mar 2020
2023-04-14T09:02:55.835+0000 I CONTROL  [initandlisten] allocator: tcmalloc
2023-04-14T09:02:55.835+0000 I CONTROL  [initandlisten] modules: none
2023-04-14T09:02:55.835+0000 I CONTROL  [initandlisten] build environment:
2023-04-14T09:02:55.835+0000 I CONTROL  [initandlisten]     distarch: x86_64
2023-04-14T09:02:55.835+0000 I CONTROL  [initandlisten]     target_arch: x86_64
2023-04-14T09:02:55.835+0000 I CONTROL  [initandlisten] options: { net: { bindIpAll: true }, storage: { dbPath: "/var/lib/mongodb", mmapv1: { smallFiles: true } }, systemLog: { destination: "file", logAppend: true, logRotate: "reopen", path: "/open5gs/install/var/log/open5gs/mongodb.log" } }
2023-04-14T09:02:55.835+0000 W -        [initandlisten] Detected unclean shutdown - /var/lib/mongodb/mongod.lock is not empty.
2023-04-14T09:02:55.835+0000 I -        [initandlisten] Detected data files in /var/lib/mongodb created by the 'wiredTiger' storage engine, so setting the active storage engine to 'wiredTiger'.
2023-04-14T09:02:55.835+0000 W STORAGE  [initandlisten] Recovering data from the last clean checkpoint.
2023-04-14T09:02:55.835+0000 I STORAGE  [initandlisten] 
2023-04-14T09:02:55.835+0000 I STORAGE  [initandlisten] ** WARNING: Using the XFS filesystem is strongly recommended with the WiredTiger storage engine
2023-04-14T09:02:55.835+0000 I STORAGE  [initandlisten] **          See http://dochub.mongodb.org/core/prodnotes-filesystem
2023-04-14T09:02:55.836+0000 I STORAGE  [initandlisten] wiredtiger_open config: create,cache_size=1456M,session_max=20000,eviction=(threads_min=4,threads_max=4),config_base=false,statistics=(fast),cache_cursors=false,compatibility=(release="3.0",require_max="3.0"),log=(enabled=true,archive=true,path=journal,compressor=snappy),file_manager=(close_idle_time=100000),statistics_log=(wait=0),verbose=(recovery_progress),
2023-04-14T09:02:56.618+0000 I STORAGE  [initandlisten] WiredTiger message [1681462976:618716][7:0x7fba352b9ac0], txn-recover: Main recovery loop: starting at 160/4992
2023-04-14T09:02:56.619+0000 I STORAGE  [initandlisten] WiredTiger message [1681462976:619290][7:0x7fba352b9ac0], txn-recover: Recovering log 160 through 161
2023-04-14T09:02:56.675+0000 I STORAGE  [initandlisten] WiredTiger message [1681462976:675440][7:0x7fba352b9ac0], txn-recover: Recovering log 161 through 161
2023-04-14T09:02:56.731+0000 I STORAGE  [initandlisten] WiredTiger message [1681462976:731425][7:0x7fba352b9ac0], txn-recover: Set global recovery timestamp: 0
2023-04-14T09:02:56.785+0000 W STORAGE  [initandlisten] Detected configuration for non-active storage engine mmapv1 when current storage engine is wiredTiger
2023-04-14T09:02:56.785+0000 I CONTROL  [initandlisten] 
2023-04-14T09:02:56.785+0000 I CONTROL  [initandlisten] ** WARNING: Access control is not enabled for the database.
2023-04-14T09:02:56.785+0000 I CONTROL  [initandlisten] **          Read and write access to data and configuration is unrestricted.
2023-04-14T09:02:56.785+0000 I CONTROL  [initandlisten] ** WARNING: You are running this process as the root user, which is not recommended.
2023-04-14T09:02:56.785+0000 I CONTROL  [initandlisten] 
2023-04-14T09:02:56.872+0000 I FTDC     [initandlisten] Initializing full-time diagnostic data capture with directory '/var/lib/mongodb/diagnostic.data'
2023-04-14T09:02:56.873+0000 I NETWORK  [initandlisten] waiting for connections on port 27017
2023-04-14T09:02:57.039+0000 I FTDC     [ftdc] Unclean full-time diagnostic data capture shutdown detected, found interim file, some metrics may have been lost. OK
2023-04-14T09:03:11.745+0000 I NETWORK  [listener] connection accepted from 127.0.0.1:40844 #1 (1 connection now open)
2023-04-14T09:03:11.796+0000 I NETWORK  [conn1] received client metadata from 127.0.0.1:40844 conn1: { driver: { name: "nodejs", version: "2.2.34" }, os: { type: "Linux", name: "linux", architecture: "x64", version: "5.4.0-91-generic" }, platform: "Node.js v14.21.3, LE, mongodb-core: 2.1.18" }
2023-04-14T09:03:11.830+0000 I NETWORK  [listener] connection accepted from 127.0.0.1:40846 #2 (2 connections now open)
2023-04-14T09:03:11.834+0000 I NETWORK  [listener] connection accepted from 127.0.0.1:40848 #3 (3 connections now open)
2023-04-14T09:06:20.362+0000 I CONTROL  [signalProcessingThread] got signal 1 (Hangup), will terminate after current cmd ends
2023-04-14T09:06:20.363+0000 I NETWORK  [signalProcessingThread] shutdown: going to close listening sockets...
2023-04-14T09:06:20.363+0000 I NETWORK  [signalProcessingThread] removing socket file: /tmp/mongodb-27017.sock
