2023-05-03T11:42:11.592040 [ENB    ] [I] Using binary srsenb with arguments: --log.all_level=info --log.filename=/tmp/srsran_logs/enb.log 
2023-05-03T11:42:11.687282 [ENB    ] [I] Built in Release mode using 21.10.0.
2023-05-03T11:42:11.690039 [ENB    ] [I] Using sync queue size of one for ZMQ based radio.
2023-05-03T11:42:11.786296 [RRC    ] [I] Tx Broadcast PDU - systemInformationBlockType1, cc=0, idx=0 (15 B)
    0000: 40 64 04 e1 00 07 00 19 b0 18 14 60 10 82 80
2023-05-03T11:42:11.786304 [RRC    ] [I] Tx Broadcast PDU - systemInformation-r8, cc=0, idx=1 (33 B)
    0000: 00 80 0c e1 bf 78 88 00 ca 11 e0 01 00 00 08 01
    0010: 82 99 45 ab 9c 30 c6 a6 cc c1 c2 14 62 d8 4e a5
2023-05-03T11:42:11.786310 [RRC    ] [I] Allocating 1 PRBs for PUCCH
2023-05-03T11:42:11.786481 [MAC    ] [I] [    0] Using time-domain PF scheduling policy for cc=0
2023-05-03T11:42:11.786515 [RRC    ] [I] T310 200, T311 10000, N310 1
2023-05-03T11:42:11.786516 [RRC    ] [I] Inactivity timeout: 30000 ms
2023-05-03T11:42:11.786516 [RRC    ] [I] Max consecutive MAC KOs: 100
2023-05-03T11:42:11.786522 [S1AP   ] [I] Proc "MME Connection" - Starting new MME connection.
2023-05-03T11:42:11.786523 [S1AP   ] [I] Connecting to MME 127.0.0.2:36412
2023-05-03T11:42:11.800659 [COMN   ] [D] [    0] Setting RTO_INFO options on SCTP socket. Association 0, Initial RTO 3000, Minimum RTO 1000, Maximum RTO 6000
2023-05-03T11:42:11.800662 [COMN   ] [D] [    0] Setting SCTP_INITMSG options on SCTP socket. Max attempts 3, Max init attempts timeout 5000
2023-05-03T11:42:11.800677 [COMN   ] [D] [    0] Successfully bound to address 127.0.0.2:0
2023-05-03T11:42:11.800678 [S1AP   ] [I] SCTP socket opened. fd=6
2023-05-03T11:42:11.800767 [COMN   ] [I] [    0] Failed to establish socket connection to 127.0.0.2
2023-05-03T11:42:11.800792 [S1AP   ] [I] Proc "MME Connection" - Could not connect to MME
2023-05-03T11:42:11.800793 [S1AP   ] [I] Proc "MME Connection" - Failed to initiate S1 connection. Attempting reconnection in 10 seconds
2023-05-03T11:42:11.800799 [COMN   ] [W] [    0] RxSockets: The socket fd=6 to be removed does not exist
2023-05-03T11:42:11.800807 [S1AP   ] [I] Proc "MME Connection" - S1AP socket closed.
2023-05-03T11:42:11.800808 [S1AP   ] [E] Failed to initiate S1Setup procedure.
2023-05-03T11:42:11.800823 [COMN   ] [D] [    0] Successfully bound to address 127.0.0.2:2152
2023-05-03T11:42:11.800853 [COMN   ] [D] [    0] RxSockets: socket fd=6 has been registered.
2023-05-03T11:42:11.805860 [RF     ] [I] Configuring physical DL channel 0 with band-pass filter (0.0, 0.0)
2023-05-03T11:42:11.805861 [RF     ] [I] Configuring physical UL channel 0 with band-pass filter (0.0, 0.0)
2023-05-03T11:42:14.609027 [PHY0   ] [I] [    0] Component Carrier Worker 0 configured cell 50 PRB
2023-05-03T11:42:14.609068 [PHY0   ] [I] [    0] Worker 0 configured cell 50 PRB
2023-05-03T11:42:14.857541 [PHY1   ] [I] [    0] Component Carrier Worker 0 configured cell 50 PRB
2023-05-03T11:42:14.857583 [PHY1   ] [I] [    0] Worker 0 configured cell 50 PRB
2023-05-03T11:42:15.158038 [PHY2   ] [I] [    0] Component Carrier Worker 0 configured cell 50 PRB
2023-05-03T11:42:15.158116 [PHY2   ] [I] [    0] Worker 0 configured cell 50 PRB
2023-05-03T11:42:17.138761 [RF     ] [I] Mapping RF channel 0 (device=0, channel=0) to logical carrier 0 on f_tx=2680.0 MHz
2023-05-03T11:42:17.138763 [RF     ] [I] Mapping RF channel 0 (device=0, channel=0) to logical carrier 0 on f_rx=2560.0 MHz
2023-05-03T11:42:17.138764 [PHY    ] [I] [    0] Starting RX/TX thread nof_prb=50, sf_len=11520
2023-05-03T11:54:51.282710 [PHY    ] [I] [  342] PRACH: cc=0, 0/1, preamble=28, offset=0.0 us, peak2avg=839.0, max_offset=30.0 us
2023-05-03T11:54:51.283063 [MAC    ] [I] [  341] SCHED: Added user rnti=0x46
2023-05-03T11:54:51.283066 [MAC    ] [I] [  341] SCHED: rnti=0x46, new lcid configuration: [{lcid=0, mode=bi-dir, prio=1, lcg=0}]
2023-05-03T11:54:51.283067 [MAC    ] [I] [  341] SCHED: Resetting rnti=0x46, cc=0 HARQs and feedback state
2023-05-03T11:54:51.283067 [MAC    ] [I] [  341] SCHED: rnti=0x46 PCell is now enb_cc_idx=0
2023-05-03T11:54:51.283085 [RRC    ] [I] Setting RLF timer for rnti=0x46 to 4000ms
2023-05-03T11:54:51.283091 [RLC    ] [I] Added LTE radio bearer with LCID 0 in Transparent Mode
2023-05-03T11:54:51.283094 [RRC    ] [I] Added new user rnti=0x46
2023-05-03T11:54:51.283095 [MAC    ] [I] [  341] SCHED: New PRACH tti=341, preamble=28, temp_crnti=0x46, ta_cmd=0, msg3_size=7
2023-05-03T11:54:51.283095 [MAC    ] [I] [  341] RACH:  tti=341, cc=0, preamble=28, offset=0, temp_crnti=0x46
2023-05-03T11:54:51.283109 [MAC    ] [I] [  341] rach_tprof: {mean, max, min}={395.8, 395, 395} usec, nof_samples=1
2023-05-03T11:54:51.308200 [MAC    ] [I] [  342] SCHED: RAR, ra-rnti=2, rbgs=[0, 1), dci=(2,0), msg3 grants=[{c-rnti=0x46, rba=102, mcs=0}]
2023-05-03T11:54:51.308229 [PHY0   ] [I] [  342] PDCCH: cc=0, rnti=0x2, f=1A, cce= 0, L=2, riv=100, pid=0, mcs={1}, ndi={0}, tpc_pucch=0, tti_tx_dl=346
2023-05-03T11:54:51.308250 [PHY0   ] [I] [  342] PDSCH: cc=0, rnti=0x2, nof_prb=3, nof_re=450, tbs={11}, mod={2}, rv={0}, tti_tx_dl=346
2023-05-03T11:54:51.323890 [MAC    ] [I] [  344] SCHED: Msg3 tx rnti=0x46, cc=0, pid=0, dci=(0,0), prb=[2, 5), n_rtx=0, cfi=1, tbs=7, bsr=0 (0-7)
2023-05-03T11:54:51.415714 [MAC    ] [I] [  352] SCHED: UL adaptive link: rnti=0x46, snr_estim=5.00, last_mcs=0, snr_offset=0.001000
2023-05-03T11:54:51.415717 [MAC    ] [I] [  352] Pushing PDU rnti=0x46, tti_rx=352, nof_bytes=7
2023-05-03T11:54:51.415731 [PHY0   ] [I] [  352] PUSCH: cc=0, rnti=0x46, rb=(2,4), nof_re=432, tbs=7, mod=2, rv=0, crc=OK, avg_iter=2.0, snr=117.9 dB, epre=73.6 dBfs, ta=0.0 us, cfo=0.0 hz, t=50 us
2023-05-03T11:54:51.415768 [PHY0   ] [I] [  352] PHICH: rnti=0x46, hi=1, I_lowest=2, n_dmrs=0, tti_tx_dl=356
2023-05-03T11:54:51.415949 [MAC    ] [I] [  352] 0x46 UL LCID=0 len=6
2023-05-03T11:54:51.415992 [RRC    ] [I] Rx SRB0 PDU, rnti=0x46 - rrcConnectionRequest (6 B)
    0000: 52 80 bb a2 7d 88
2023-05-03T11:54:51.416028 [RRC    ] [E] MME isn't connected. Sending Connection Reject
2023-05-03T11:54:51.416031 [MAC    ] [I] [  352] SCHED: UE Contention Resolution Identity for rnti=0x46 needs to be scheduled
2023-05-03T11:54:51.416041 [RRC    ] [I] Tx SRB0 PDU, rnti=0x46 - rrcConnectionReject (2 B)
    0000: 41 20
2023-05-03T11:54:51.416046 [RLC    ] [I] SRB0 Tx SDU, queue size=1, bytes=2
    0000: 41 20
2023-05-03T11:54:51.416048 [MAC    ] [I] [  352] SCHED: rnti=0x46 DL lcid=0 buffer_state=2,0
2023-05-03T11:54:51.423639 [MAC    ] [I] [  353] SCHED: DL tx rnti=0x46, cc=0, pid=0, mask=0x10000, dci=(3, 0), n_rtx=0, cfi=1, tbs=11, buffer=11/0, tti_tx_dl=357
2023-05-03T11:54:51.423642 [MAC    ] [I] [  353] SCHED: DL MAC CEs cc=0: rnti=0x46: [CE "ConResId"]
2023-05-03T11:54:51.423648 [RLC    ] [I] SRB0 Tx Transparent Mode PDU, queue size=0, bytes=0
    0000: 41 20
2023-05-03T11:54:51.423655 [MAC    ] [I] [  353] 0x46 DL CON_RES: id=0x5280bba27d88 LCID=0 len=2
2023-05-03T11:54:51.423686 [PHY1   ] [I] [  353] PDCCH: cc=0, rnti=0x46, f=1A, cce= 0, L=3, riv=100, pid=0, mcs={1}, ndi={1}, tpc_pucch=1, tti_tx_dl=357
2023-05-03T11:54:51.423740 [PHY1   ] [I] [  353] PDSCH: cc=0, rnti=0x46, nof_prb=3, nof_re=450, tbs={11}, mod={2}, rv={0}, tti_tx_dl=357
2023-05-03T11:54:51.501556 [MAC    ] [I] [  361] SCHED: DL adaptive link: rnti=0x46, cqi=5, last_mcs=1, cqi_offset=0.001000
2023-05-03T11:54:51.501563 [PHY1   ] [I] [  361] PUCCH: cc=0; rnti=0x46, f=1a, n_pucch=12, dmrs_corr=1.000, snr=111.8 dB, corr=1.000, ack=1, ta=0.0 us
2023-05-03T11:54:51.984415 [RRC    ] [I] Activity timer for rnti=0x46 expired after 80 ms
2023-05-03T11:54:51.984422 [GTPU   ] [I] Removing user - rnti=0x46 not found.
2023-05-03T11:54:51.984423 [STCK   ] [E] Bearers: No EPS bearer registered for rnti=0x46
2023-05-03T11:54:51.984460 [RRC    ] [I] Removed user rnti=0x46
2023-05-03T11:54:52.090344 [MAC    ] [I] [  431] User rnti=0x46 removed from MAC/PHY
2023-05-03T11:56:14.277590 [S1AP   ] [I] Proc "MME Connection" - Starting new MME connection.
2023-05-03T11:56:14.277591 [S1AP   ] [I] Connecting to MME 127.0.0.2:36412
2023-05-03T11:56:14.277631 [COMN   ] [D] [    0] Setting RTO_INFO opt