2023-04-21T09:59:48.266314 [UE     ] [I] Using binary srsue with arguments: --log.all_level=info --log.filename=/tmp/srsran_logs/ue.log 
2023-04-21T09:59:48.323770 [UE     ] [I] Built in Release mode using 21.10.0.
2023-04-21T09:59:48.408785 [RF     ] [I] Configuring physical DL channel 0 with band-pass filter (0.0, 0.0)
2023-04-21T09:59:48.408787 [RF     ] [I] Configuring physical UL channel 0 with band-pass filter (0.0, 0.0)
2023-04-21T09:59:48.539064 [MAC    ] [I] [    0] Resetting MAC
2023-04-21T09:59:48.539072 [MAC    ] [I] [    0] Logical Channel Setup: LCID=0, LCG=0, priority=0, PBR=-1, BSD=50ms, bucket_size=0
2023-04-21T09:59:48.539075 [MAC    ] [I] [    0] Logical Channel Setup: LCID=1, LCG=0, priority=1, PBR=-1, BSD=50ms, bucket_size=0
2023-04-21T09:59:48.539092 [MAC    ] [I] [    0] Setting configuration
2023-04-21T09:59:48.539093 [MAC    ] [I] [    0] BSR:   Configured timer reTX 2560 ms
2023-04-21T09:59:48.553448 [RLC    ] [I] Added LTE radio bearer with LCID 0 in Transparent Mode
2023-04-21T09:59:48.553473 [USIM   ] [I] Read Home PLMN Id=90170
2023-04-21T09:59:48.579232 [RLC-NR ] [I] Added LTE radio bearer with LCID 0 in Transparent Mode
2023-04-21T09:59:48.579245 [RRC    ] [I] using srand seed of 579244
2023-04-21T10:00:39.982905 [STCK   ] [I] Triggering NAS switch on

2023-04-21T10:00:39.983228 [NAS    ] [I] Switching on
2023-04-21T10:00:39.983237 [MAC    ] [I] [    0] DL retx: 0.00 %, perpkt: 0.00, UL retx: 0.00 % perpkt: 0.00
2023-04-21T10:00:39.983241 [RLC    ] [I] lcid=0, rx_rate_mbps=0.00 (real=0.00), tx_rate_mbps=0.00 (real=0.00)
2023-04-21T10:00:39.985755 [GW     ] [I] [    0] gw_rx_rate_mbps=0.00 (real=0.00), gw_tx_rate_mbps=0.00 (real=0.00)
2023-04-21T10:00:40.048064 [NAS    ] [I] No PLMN selected. Starting PLMN Selection...
2023-04-21T10:00:40.048067 [RRC    ] [I] Proc "PLMN Search" - Starting PLMN search
2023-04-21T10:00:40.048068 [RRC    ] [I] Proc "Cell Search" - Starting...
2023-04-21T10:00:40.048081 [RRC    ] [I] FSM "phy_controller" - transition detected - unknown_st -> searching_cell (cause: cell_search_cmd)
2023-04-21T10:00:40.048082 [RRC    ] [I] FSM "phy_controller" - Initiating Cell search
2023-04-21T10:00:40.048085 [PHY    ] [I] [    0] Cell Search: Start EARFCN index=0/1
2023-04-21T10:00:40.048096 [PHY    ] [I] [    0] INTRA-LTE-0: Disabled neighbour cell search
2023-04-21T10:00:40.048103 [NAS    ] [I] Proc "NAS PLMN Search" - Starting...
2023-04-21T10:00:40.048138 [PHY    ] [I] [    0] Resetting PHY...
2023-04-21T10:00:40.048139 [PHY    ] [I] [    0] PHY:   Set TA base: n_ta: 0, ta_usec: 0.0
2023-04-21T10:00:40.048172 [PHY    ] [I] [    0] SYNC:  Setting Cell Search sampling rate
2023-04-21T10:00:40.048172 [PHY    ] [I] [    0] Cell Search: changing frequency to EARFCN=3350
2023-04-21T10:00:40.048174 [PHY    ] [I] [    0] SYNC:  Set DL EARFCN=3350, f_dl=2680.0 MHz, f_ul=2560.0 MHz
2023-04-21T10:00:40.048247 [RF     ] [I] Mapping RF channel 0 (device=0, channel=0) to logical carrier 0 on f_rx=2680.0 MHz
2023-04-21T10:00:40.048250 [RF     ] [I] Mapping RF channel 0 (device=0, channel=0) to logical carrier 0 on f_tx=2560.0 MHz
2023-04-21T10:00:40.048258 [PHY    ] [I] [    0] Cell Search: Setting Cell search state
2023-04-21T10:00:40.062460 [PHY    ] [I] [    0] SYNC:  Searching for cell...
2023-04-21T10:00:41.371841 [PHY    ] [I] [    0] SYNC:  PSS/SSS detected: Mode=FDD, PCI=1, CFO=-0.2 KHz, CP=Normal  
2023-04-21T10:00:41.493227 [PHY    ] [I] [    0] SYNC:  MIB Decoded: Mode=FDD, PCI=1, PRB=50, Ports=1, CFO=-0.2 KHz
2023-04-21T10:00:41.493316 [RLC    ] [I] BCCH BCH message received.
    0000: 60 0c 00
2023-04-21T10:00:41.493338 [RRC    ] [I] BCCH-BCH - Rx MIB (3 B)
2023-04-21T10:00:41.493342 [PHY    ] [I] [    0] Cell Search: Found cell with PCI=1 with 50 PRB
2023-04-21T10:00:41.493344 [PHY    ] [I] [    0] Cell Search: No more frequencies in the current EARFCN set
2023-04-21T10:00:41.493572 [MAC    ] [I] [    3] DL retx: 0.00 %, perpkt: 0.00, UL retx: 0.00 % perpkt: 0.00
2023-04-21T10:00:41.493575 [RLC    ] [I] lcid=0, rx_rate_mbps=0.00 (real=0.00), tx_rate_mbps=0.00 (real=0.00)
2023-04-21T10:00:41.493587 [RRC    ] [I] FSM "phy_controller" - PHY cell search completed. Found cell {pci=1, dl_earfcn=3350}
2023-04-21T10:00:41.493597 [RRC    ] [I] FSM "phy_controller" - transition detected - searching_cell -> unknown_st (cause: cell_srch_res)
2023-04-21T10:00:41.493599 [RRC    ] [I] Proc "Cell Search" - Cell found in this frequency. Setting new serving cell EARFCN=3350 PCI=1 ...
2023-04-21T10:00:41.493607 [RRC    ] [I] Adding neighbour cell {cell_id: 0x0, pci: 1, dl_earfcn: 3350, rsrp=+nan, cfo=-203.9}, nof_neighbours=1
2023-04-21T10:00:41.493613 [RRC    ] [I] Setting serving cell {cell_id: 0x0, pci: 1, dl_earfcn: 3350, rsrp=+nan, cfo=-203.9}, nof_neighbours=0
2023-04-21T10:00:41.493619 [RRC    ] [I] FSM "phy_controller" - transition detected - unknown_st -> selecting_cell (cause: cell_sel_cmd)
2023-04-21T10:00:41.493619 [RRC    ] [I] FSM "selecting_cell" - Starting for pci=1, earfcn=3350
2023-04-21T10:00:41.493621 [PHY    ] [I] [    0] Cell Select: Going to IDLE
2023-04-21T10:00:41.493632 [GW     ] [I] [    0] gw_rx_rate_mbps=0.00 (real=0.00), gw_tx_rate_mbps=0.00 (real=0.00)
2023-04-21T10:00:41.493849 [PHY    ] [I] [    0] Resetting PHY...
2023-04-21T10:00:41.493849 [PHY    ] [I] [    0] PHY:   Set TA base: n_ta: 0, ta_usec: 0.0
2023-04-21T10:00:43.426422 [PHY    ] [I] [   65] SYNC:  Setting sampling rate 11.52 MHz
2023-04-21T10:00:43.530420 [PHY    ] [I] [   67] SYNC:  Waiting for PSS while trying to decode MIB (0/100)
2023-04-21T10:00:43.564653 [PHY    ] [I] [   68] SYNC:  Waiting for PSS while trying to decode MIB (1/100)
2023-04-21T10:00:43.619826 [PHY    ] [I] [   72] SYNC:  DONE, SNR=25.3 dB, TTI=190, sfn_offset=3
2023-04-21T10:00:43.619902 [PHY    ] [I] [   72] Cell Select: SFN synchronized. CAMPING...
2023-04-21T10:00:43.621012 [MAC    ] [I] [   72] DL retx: 0.00 %, perpkt: 0.00, UL retx: 0.00 % perpkt: 0.00
2023-04-21T10:00:43.621017 [RLC    ] [I] lcid=0, rx_rate_mbps=0.00 (real=0.00), tx_rate_mbps=0.00 (real=0.00)
2023-04-21T10:00:43.621037 [RRC    ] [I] FSM "selecting_cell" - transition detected - wait_csel_res -> wait_in_sync (cause: cell_sel_res)
2023-04-21T10:00:43.621042 [RRC    ] [I] FSM "selecting_cell" - transition detected - wait_in_sync -> in_sync_st (cause: in_sync_ev)
2023-04-21T10:00:43.621047 [RRC    ] [I] FSM "selecting_cell" - Cell {pci=1, dl_earfcn=3350} successfully selected
2023-04-21T10:00:43.621050 [RRC    ] [I] Proc "Cell Search" - No valid measurement found for the serving cell. Wait for valid measurement...
2023-04-21T10:00:43.621112 [GW     ] [I] [    0] gw_rx_rate_mbps=0.00 (real=0.00), gw_tx_rate_mbps=0.00 (real=0.00)
2023-04-21T10:00:43.621390 [MAC    ] [I] [   72] DL retx: 0.00 %, perpkt: 0.00, UL retx: 0.00 % perpkt: 0.00
2023-04-21T10:00:43.621393 [RLC    ] [I] lcid=0, rx_rate_mbps=0.00 (real=0.00), tx_rate_mbps=0.00 (real=0.00)
2023-04-21T10:00:43.621410 [GW     ] [I] [    0] gw_rx_rate_mbps=0.00 (real=0.00), gw_tx_rate_mbps=0.00 (real=0.00)
2023-04-21T10:00:43.621411 [UE     ] [I] Interval less than 10ms, skipping measurement.
2023-04-21T10:00:43.724947 [RRC    ] [I] MEAS:  New measurement serving cell: earfcn=0, pci=1, rsrp=29.02 dBm, cfo=-170.3 Hz
2023-04-21T10:00:43.724950 [RRC    ] [I] Proc "Cell Search" - Cell has no SIB1. Obtaining SIB1...
2023-04-21T10:00:43.724951 [RRC    ] [I] Proc "SI Acquire" - Starting SI Acquisition procedure for SIB1
2023-04-21T10:00:43.724952 [MAC    ] [I] [  200] SCHED: Searching for DL dci for SI-RNTI window_st=225, window_len=1
2023-04-21T10:00:43.724953 [RRC    ] [I] Proc "SI Acquire" - Instructed MAC to search for SIB1, win_start=225, win_len=1, period=20, sched_index=0
2023-04-21T10:00:43.985936 [MAC    ] [I] [  207] DL retx: 0.00 %, perpkt: 0.00, UL retx: 0.00 % perpkt: 0.00
2023-04-21T10:00:43.985941 [RLC    ] [I] lcid=0, rx_rate_mbps=0.00 (real=0.00), tx_rate_mbps=0.00 (real=0.00)
2023-04-21T10:00:43.986232 [GW     ] [I] [    0] gw_rx_rate_mbps=0.00 (real=0.00), gw_tx_rate_mbps=0.00 (real=0.00)
2023-04-21T10:00:44.111063 [RRC    ] [I] MEAS:  New measurement serving cell: earfcn=0, pci=1, rsrp=-11.28 dBm, cfo=-51.1 Hz
2023-04-21T10:00:44.156404 [PHY0   ] [I] [  225] PDCCH: cc=0, f=1A, cce= 0, L=2, riv=100, pid=0, mcs={2}, ndi={0}, tpc_pucch=0, snr=54.8 dB
2023-04-21T10:00:44.156459 [PHY0   ] [I] [  225] PDSCH: cc=0, rnti=0xffff, nof_prb=3, nof_re=450, tbs={18}, mod={2}, rv={1}, crc={OK}, it=1.0, snr=54.8 dB
2023-04-21T10:00:44.156461 [MAC    ] [I] [  225] DL 0 (TB 0):  newTX tbs=18, rv=1, ack=OK, ndi=0
2023-04-21T10:00:44.156611 [RLC    ] [I] BCCH TXSCH message received.
    0000: 40 64 04 e1 00 07 00 19 b0 18 14 60 10 82 80 00
    0010: 00 00
2023-04-21T10:00:44.156614 [MAC    ] [I] [  225] SCHED: Searching for DL dci for SI-RNTI window_st=-1, window_len=-1
2023-04-21T10:00:44.156626 [RRC    ] [I] BCCH-DLSCH - Rx systemInformationBlockType1 (18 B)
2023-04-21T10:00:44.156627 [RRC    ] [I] Processing SIB1 (1/1)
2023-04-21T10:00:44.156633 [RRC    ] [I] Proc "SI Acquire" - SIB1 acquired successfully
2023-04-21T10:00:44.156634 [RRC    ] [I] SIB1 received, CellID=2817, si_window=20, sib2_period=16
2023-04-21T10:00:44.165459 [RRC    ] [I] Proc "Cell Search" - Completed successfully
2023-04-21T10:00:44.165463 [RRC    ] [I] Proc "PLMN Search" - completed PLMN search
2023-04-21T10:00:44.165464 [RRC    ] [I] Proc "PLMN Search" - completed with success
2023-04-21T10:00:44.165467 [NAS    ] [I] Proc "NAS PLMN Search" - Found PLMN:  Id=90170, TAC=7
2023-04-21T10:00:44.165489 [NAS    ] [I] Selecting Home PLMN Id=90170
2023-04-21T10:00:44.165493 [RRC    ] [I] PLMN Selected 90170
2023-04-21T10:00:44.165494 [NAS    ] [I] Proc "NAS PLMN Search" - Completed with success
2023-04-21T10:00:44.165496 [NAS    ] [I] Attach Request with cause mo-Data.
2023-04-21T10:00:44.165500 [NAS    ] [I] Generating attach request
2023-04-21T10:00:44.165502 [NAS    ] [I] Generating PDN Connectivity Request
2023-04-21T10:00:44.165504 [NAS    ] [I] Requesting IMSI attach (IMSI=901700123456789)
2023-04-21T10:00:44.165508 [RRC    ] [I] Proc "Connection Request" - Initiation of Connection establishment procedure
2023-04-21T10:00:44.165511 [RRC    ] [I] Proc "Cell Selection" - Starting...
2023-04-21T10:00:44.165512 [RRC    ] [I] Proc "Cell Selection" - Current neighbor cells: []
2023-04-21T10:00:44.165513 [RRC    ] [I] Proc "Cell Selection" - Current PHY state: in-sync
2023-04-21T10:00:44.165513 [RRC    ] [I] Proc "Cell Selection" - Cell selection criteria: not available
2023-04-21T10:00:44.165522 [RRC    ] [I] Proc "Cell Selection" - Current serving cell: {cell_id: 0x19b01, pci: 1, dl_earfcn: 3350, rsrp=-11.3, cfo=-51.1}
2023-04-21T10:00:44.165523 [RRC    ] [I] Proc "Cell Selection" - PHY is camping on serving cell, but SIBs need to be acquired
2023-04-21T10:00:44.165524 [RRC    ] [I] Proc "Serving Cell Configuration" - Starting a Serving Cell Configuration Procedure
2023-04-21T10:00:44.165525 [RRC    ] [I] Proc "Serving Cell Configuration" - Cell has SIB1
2023-04-21T10:00:44.165526 [RRC    ] [I] Proc "Serving Cell Configuration" - Cell has no SIB2. Obtaining SIB2
2023-04-21T10:00:44.165527 [RRC    ] [I] Proc "SI Acquire" - Starting SI Acquisition procedure for SIB2
2023-04-21T10:00:44.165530 [MAC    ] [I] [  226] SCHED: Searching for DL dci for SI-RNTI window_st=320, window_len=20
2023-04-21T10:00:44.165531 [RRC    ] [I] Proc "SI Acquire" - Instructed MAC to search for SIB2, win_start=320, win_len=20, period=16, sched_index=0
2023-04-21T10:00:44.318937 [RRC    ] [I] MEAS:  New measurement serving cell: earfcn=0, pci=1, rsrp=-11.28 dBm, cfo=-11.1 Hz
2023-04-21T10:00:44.632440 [RRC    ] [I] MEAS:  New measurement serving cell: earfcn=0, pci=1, rsrp=-11.28 dBm, cfo=-2.1 Hz
2023-04-21T10:00:44.874011 [RRC    ] [I] MEAS:  New measurement serving cell: earfcn=0, pci=1, rsrp=-11.28 dBm, cfo=-0.4 Hz
2023-04-21T10:00:44.983095 [MAC    ] [I] [  290] DL retx: 0.00 %, perpkt: 0.00, UL retx: 0.00 % perpkt: 0.00
2023-04-21T10:00:44.983100 [RLC    ] [I] lcid=0, rx_rate_mbps=0.00 (real=0.00), tx_rate_mbps=0.00 (real=0.00)
2023-04-21T10:00:44.983126 [GW     ] [I] [    0] gw_rx_rate_mbps=0.00 (real=0.00), gw_tx_rate_mbps=0.00 (real=0.00)
2023-04-21T10:00:45.065242 [RRC    ] [I] MEAS:  New measurement serving cell: earfcn=0, pci=1, rsrp=-11.28 dBm, cfo=-0.1 Hz
2023-04-21T10:00:45.253445 [RRC    ] [I] MEAS:  New measurement serving cell: earfcn=0, pci=1, rsrp=-11.28 dBm, cfo=-0.0 Hz
2023-04-21T10:00:45.362204 [PHY0   ] [I] [  329] PDCCH: cc=0, f=1A, cce= 0, L=2, riv=100, pid=0, mcs={7}, ndi={0}, tpc_pucch=0, snr=136.1 dB
2023-04-21T10:00:45.362279 [PHY0   ] [I] [  329] PDSCH: cc=0, rnti=0xffff, nof_prb=3, nof_re=450, tbs={41}, mod={2}, rv={0}, crc={OK}, it=1.0, snr=136.1 dB
2023-04-21T10:00:45.362282 [MAC    ] [I] [  328] DL 0 (TB 0):  newTX tbs=41, rv=0, ack=OK, ndi=0
2023-04-21T10:00:45.362314 [RLC    ] [I] BCCH TXSCH message received.
    0000: 00 80 0c e1 bf 78 88 00 ca 11 e0 01 00 00 08 01
    0010: 82 99 45 ab 9c 30 c6 a6 cc c1 c2 14 62 d8 4e a5
2023-04-21T10:00:45.362335 [MAC    ] [I] [  329] SCHED: Searching for DL dci for SI-RNTI window_st=-1, window_len=-1
2023-04-21T10:00:45.362352 [RRC    ] [I] BCCH-DLSCH - Rx systemInformation (41 B)
2023-04-21T10:00:45.362353 [RRC    ] [I] Processing SIB2 (0/2)
2023-04-21T10:00:45.362356 [RRC    ] [I] SIB2 received
2023-04-21T10:00:45.362358 [MAC    ] [I] [  329] Setting configuration
2023-04-21T10:00:45.362359 [MAC    ] [I] [  329] BSR:   Configured timer reTX 2560 ms
2023-04-21T10:00:45.362361 [RRC    ] [I] Setting PHY config for cc_idx=0
2023-04-21T10:00:45.362362 [PHY    ] [I] [  329] Setting configuration
2023-04-21T10:00:45.362372 [RRC    ] [I] Set RACH ConfigCommon: NofPreambles=52, ResponseWindow=10, ContentionResolutionTimer=64 ms
2023-04-21T10:00:45.362373 [RRC    ] [I] Set PUSCH ConfigCommon: P0_pusch=0.000000, DMRS cs=0, delta_ss=0, N_sb=1
2023-04-21T10:00:45.362373 [RRC    ] [I] Set PUCCH ConfigCommon: DeltaShift=1, CyclicShift=0, N1=0, NRB=1
2023-04-21T10:00:45.362374 [RRC    ] [I] Set PRACH ConfigCommon: SeqIdx=128, HS=no, FreqOffset=4, ZC=5, ConfigIndex=3
2023-04-21T10:00:45.362376 [RRC    ] [I] Set Constants and Timers: N310=1, N311=1, t300=2000, t301=100, t310=200, t311=10000
2023-04-21T10:00:45.362378 [RRC    ] [I] Proc "SI Acquire" - SIB2 acquired successfully
2023-04-21T10:00:45.362379 [RRC    ] [I] Processing SIB3 (1/2)
2023-04-21T10:00:45.362379 [RRC    ] [I] SIB3 received
2023-04-21T10:00:45.362512 [PHY    ] [I] [  329] Setting new PHY configuration cc_idx=0...
2023-04-21T10:00:45.362514 [PHY    ] [I] [  329] PRACH: cell.id=1, configIdx=3, rootSequence=128, zeroCorrelationConfig=5, freqOffset=4
2023-04-21T10:00:45.399813 [RRC    ] [I] Proc "Serving Cell Configuration" - Cell has SIB3
2023-04-21T10:00:45.399814 [RRC    ] [I] Proc "Serving Cell Configuration" - Serving Cell Configuration Procedure has finished successfully
2023-04-21T10:00:45.399817 [RRC    ] [I] Proc "Cell Selection" - Completed with success.
2023-04-21T10:00:45.399821 [RRC    ] [I] Setting default PHY config (common and dedicated)
2023-04-21T10:00:45.399822 [PHY    ] [I] [  330] Setting configuration
2023-04-21T10:00:45.399825 [RRC    ] [I] Setting MAC default configuration
2023-04-21T10:00:45.399826 [MAC    ] [I] [  330] Setting configuration
2023-04-21T10:00:45.399827 [MAC    ] [I] [  330] BSR:   Configured timer reTX 2560 ms
2023-04-21T10:00:45.399829 [RRC    ] [I] Set MAC main config: harq-MaxReTX=5, bsr-TimerReTX=2560, bsr-TimerPeriodic=-1, SR disabled (dsr-TransMax=0)
2023-04-21T10:00:45.399830 [RRC    ] [I] Proc "Connection Request" - Configuring serving cell...
2023-04-21T10:00:45.399832 [RRC    ] [I] Proc "Serving Cell Configuration" - Starting a Serving Cell Configuration Procedure
2023-04-21T10:00:45.399832 [RRC    ] [I] Proc "Serving Cell Configuration" - Cell has SIB1
2023-04-21T10:00:45.399833 [RRC    ] [I] Proc "Serving Cell Configuration" - Cell has SIB2
2023-04-21T10:00:45.399833 [RRC    ] [I] SIB2 received
2023-04-21T10:00:45.399835 [MAC    ] [I] [  330] Setting configuration
2023-04-21T10:00:45.399836 [MAC    ] [I] [  330] BSR:   Configured timer reTX 2560 ms
2023-04-21T10:00:45.399837 [RRC    ] [I] Setting PHY config for cc_idx=0
2023-04-21T10:00:45.399838 [PHY    ] [I] [  330] Setting configuration
2023-04-21T10:00:45.399840 [RRC    ] [I] Set RACH ConfigCommon: NofPreambles=52, ResponseWindow=10, ContentionResolutionTimer=64 ms
2023-04-21T10:00:45.399840 [RRC    ] [I] Set PUSCH ConfigCommon: P0_pusch=0.000000, DMRS cs=0, delta_ss=0, N_sb=1
2023-04-21T10:00:45.399841 [RRC    ] [I] Set PUCCH ConfigCommon: DeltaShift=1, CyclicShift=0, N1=0, NRB=1
2023-04-21T10:00:45.399841 [RRC    ] [I] Set PRACH ConfigCommon: SeqIdx=128, HS=no, FreqOffset=4, ZC=5, ConfigIndex=3
2023-04-21T10:00:45.399844 [RRC    ] [I] Set Constants and Timers: N310=1, N311=1, t300=2000, t301=100, t310=200, t311=10000
2023-04-21T10:00:45.399844 [RRC    ] [I] Proc "Serving Cell Configuration" - Cell has SIB3
2023-04-21T10:00:45.399845 [RRC    ] [I] Proc "Serving Cell Configuration" - Serving Cell Configuration Procedure has finished successfully
2023-04-21T10:00:45.399855 [RRC    ] [I] SRB0 - Tx rrcConnectionRequest (6 B)
2023-04-21T10:00:45.399858 [RLC    ] [I] SRB0 Tx SDU, queue size=1, bytes=6
    0000: 51 30 f2 43 67 98
2023-04-21T10:00:45.399859 [RRC    ] [I] Proc "Connection Request" - Waiting for RRCConnectionSetup/Reject or expiry
2023-04-21T10:00:45.431807 [MAC    ] [I] [  331] SR:    PUCCH not configured. Starting RA procedure
2023-04-21T10:00:45.431809 [MAC    ] [I] [  331] RA:    INIT:   Starting PRACH by MAC order
2023-04-21T10:00:47.628322 [PHY    ] [I] [  333] Finished setting new PRACH configuration.
2023-04-21T10:00:47.628340 [PHY    ] [I] [  333] Setting new PHY configuration cc_idx=0...
2023-04-21T10:00:47.628342 [PHY    ] [I] [  333] Setting new PHY configuration cc_idx=0...
2023-04-21T10:00:47.628746 [PHY    ] [I] [  333] PHY:   Set TA base: n_ta: 0, ta_usec: 0.0
2023-04-21T10:00:47.628760 [MAC    ] [W] [  331] proc_time: detected long duration=2196ms
2023-04-21T10:00:47.628765 [MAC    ] [I] [  331] DL retx: 0.00 %, perpkt: 0.00, UL retx: 0.00 % perpkt: 0.00
2023-04-21T10:00:47.628768 [RLC    ] [I] lcid=0, rx_rate_mbps=0.00 (real=0.00), tx_rate_mbps=0.00 (real=0.00)
2023-04-21T10:00:47.628828 [GW     ] [I] [    0] gw_rx_rate_mbps=0.00 (real=0.00), gw_tx_rate_mbps=0.00 (real=0.00)
2023-04-21T10:00:47.629193 [MAC    ] [I] [  333] DL retx: 0.00 %, perpkt: 0.00, UL retx: 0.00 % perpkt: 0.00
2023-04-21T10:00:47.629195 [RLC    ] [I] lcid=0, rx_rate_mbps=0.00 (real=0.00), tx_rate_mbps=0.00 (real=0.00)
2023-04-21T10:00:47.629209 [GW     ] [I] [    0] gw_rx_rate_mbps=0.00 (real=0.00), gw_tx_rate_mbps=0.00 (real=0.00)
2023-04-21T10:00:47.629210 [UE     ] [I] Interval less than 10ms, skipping measurement.
2023-04-21T10:00:47.679318 [PHY    ] [I] [  337] PRACH: Transmitted preamble=51, tti_tx=341, CFO=-0.00 KHz, nof_sf=1, target_power=-104.0 dBm
2023-04-21T10:00:47.679801 [MAC    ] [I] [  337] RA:    PDCCH:  seq=51, ra-rnti=0x2, ra-tti=341, f_id=0
2023-04-21T10:00:47.720080 [RRC    ] [I] MEAS:  New measurement serving cell: earfcn=0, pci=1, rsrp=-11.28 dBm, cfo=-0.0 Hz
2023-04-21T10:00:47.844978 [MAC    ] [W] [  354] RA response not received within the response window
2023-04-21T10:00:47.844982 [MAC    ] [I] [  354] RA:    Rx:     Transmitting new preamble immediately (2/10)
2023-04-21T10:00:47.844985 [PHY    ] [I] [  354] PHY:   Set TA base: n_ta: 0, ta_usec: 0.0
2023-04-21T10:00:47.875139 [PHY    ] [I] [  357] PRACH: Transmitted preamble=26, tti_tx=361, CFO=-0.12 KHz, nof_sf=1, target_power=-98.0 dBm
2023-04-21T10:00:47.875235 [MAC    ] [I] [  357] RA:    PDCCH:  seq=26, ra-rnti=0x2, ra-tti=361, f_id=0
2023-04-21T10:00:47.905422 [RRC    ] [I] MEAS:  New measurement serving cell: earfcn=0, pci=1, rsrp=-11.28 dBm, cfo=-68.2 Hz
2023-04-21T10:00:47.983101 [MAC    ] [I] [  367] DL retx: 0.00 %, perpkt: 0.00, UL retx: 0.00 % perpkt: 0.00
2023-04-21T10:00:47.983105 [RLC    ] [I] lcid=0, rx_rate_mbps=0.00 (real=0.00), tx_rate_mbps=0.00 (real=0.00)
2023-04-21T10:00:47.983128 [GW     ] [I] [    0] gw_rx_rate_mbps=0.00 (real=0.00), gw_tx_rate_mbps=0.00 (real=0.00)
2023-04-21T10:00:48.044771 [MAC    ] [W] [  374] RA response not received within the response window
2023-04-21T10:00:48.044774 [MAC    ] [I] [  374] RA:    Rx:     Transmitting new preamble immediately (3/10)
2023-04-21T10:00:48.044776 [PHY    ] [I] [  374] PHY:   Set TA base: n_ta: 0, ta_usec: 0.0
2023-04-21T10:00:48.071085 [PHY    ] [I] [  377] PRACH: Transmitted preamble=50, tti_tx=381, CFO=-0.15 KHz, nof_sf=1, target_power=-92.0 dBm
2023-04-21T10:00:48.071215 [MAC    ] [I] [  377] RA:    PDCCH:  seq=50, ra-rnti=0x2, ra-tti=381, f_id=0
2023-04-21T10:00:48.100469 [PHY    ] [W] [  379] SNR=2.9 dB RSRP=-11.3 dBm, sync=out-of-sync from channel estimator
2023-04-21T10:00:48.100471 [PHY    ] [I] [  379] Out-of-sync 0/20
2023-04-21T10:00:48.100754 [RRC    ] [I] MEAS:  New measurement serving cell: earfcn=0, pci=1, rsrp=-11.28 dBm, cfo=-112.4 Hz
2023-04-21T10:00:48.108714 [PHY    ] [W] [  380] SNR=2.7 dB RSRP=-11.3 dBm, sync=out-of-sync from channel estimator
2023-04-21T10:00:48.108717 [PHY    ] [I] [  380] Out-of-sync 1/20
2023-04-21T10:00:48.117873 [PHY    ] [W] [  381] SNR=2.5 dB RSRP=-11.3 dBm, sync=out-of-sync from channel estimator
2023-04-21T10:00:48.117875 [PHY    ] [I] [  381] Out-of-sync 2/20
2023-04-21T10:00:48.130882 [PHY    ] [W] [  382] SNR=2.4 dB RSRP=-11.3 dBm, sync=out-of-sync from channel estimator
2023-04-21T10:00:48.130884 [PHY    ] [I] [  382] Out-of-sync 3/20
2023-04-21T10:00:48.141119 [PHY    ] [W] [  383] SNR=2.3 dB RSRP=-11.3 dBm, sync=out-of-sync from channel estimator
2023-04-21T10:00:48.141122 [PHY    ] [I] [  383] Out-of-sync 4/20
2023-04-21T10:00:48.166388 [PHY    ] [W] [  384] SNR=2.1 dB RSRP=-11.3 dBm, sync=out-of-sync from channel estimator
2023-04-21T10:00:48.166391 [PHY    ] [I] [  384] Out-of-sync 5/20
2023-04-21T10:00:48.180498 [PHY    ] [W] [  385] SNR=2.1 dB RSRP=-11.3 dBm, sync=out-of-sync from channel estimator
2023-04-21T10:00:48.180500 [PHY    ] [I] [  385] Out-of-sync 6/20
2023-04-21T10:00:48.192186 [PHY    ] [W] [  386] SYNC:  Out-of-sync detected in PSS/SSS
2023-04-21T10:00:48.192187 [PHY    ] [I] [  386] Out-of-sync 7/20
2023-04-21T10:00:48.212222 [PHY    ] [W] [  387] SYNC:  Out-of-sync detected in PSS/SSS
2023-04-21T10:00:48.212224 [PHY    ] [I] [  387] Out-of-sync 8/20
2023-04-21T10:00:48.227580 [PHY    ] [W] [  388] SYNC:  Out-of-sync detected in PSS/SSS
2023-04-21T10:00:48.227582 [PHY    ] [I] [  388] Out-of-sync 9/20
2023-04-21T10:00:48.259965 [PHY    ] [W] [  389] SYNC:  Out-of-sync detected in PSS/SSS
2023-04-21T10:00:48.259967 [PHY    ] [I] [  389] Out-of-sync 10/20
2023-04-21T10:00:48.275468 [PHY    ] [W] [  390] SFN not yet synchronized, sending out-of-sync
2023-04-21T10:00:48.275680 [RF     ] [I] Detected RF gap of -5000.0 us. Sending end-of-burst.
2023-04-21T10:00:48.296386 [PHY    ] [W] [  393] SFN not yet synchronized, sending out-of-sync
2023-04-21T10:00:48.319009 [PHY    ] [W] [  394] SFN not yet synchronized, sending out-of-sync
2023-04-21T10:00:48.319373 [MAC    ] [W] [  394] RA response not received within the response window
2023-04-21T10:00:48.319377 [MAC    ] [I] [  394] RA:    Rx:     Transmitting new preamble immediately (4/10)
2023-04-21T10:00:48.319379 [PHY    ] [I] [  394] PHY:   Set TA base: n_ta: 0, ta_usec: 0.0
2023-04-21T10:00:48.331611 [PHY    ] [W] [  395] SFN not yet synchronized, sending out-of-sync
2023-04-21T10:00:48.340972 [PHY    ] [W] [  396] SFN not yet synchronized, sending out-of-sync
2023-04-21T10:00:48.350498 [PHY    ] [W] [  397] SFN not yet synchronized, sending out-of-sync
2023-04-21T10:00:48.350733 [PHY    ] [I] [  397] PRACH: Transmitted preamble=16, tti_tx=401, CFO=-0.12 KHz, nof_sf=1, target_power=-86.0 dBm
2023-04-21T10:00:48.351617 [MAC    ] [I] [  397] RA:    PDCCH:  seq=16, ra-rnti=0x2, ra-tti=401, f_id=0
2023-04-21T10:00:48.364282 [PHY    ] [W] [  398] SFN not yet synchronized, sending out-of-sync
2023-04-21T10:00:48.372862 [PHY    ] [W] [  399] SFN not yet synchronized, sending out-of-sync
2023-04-21T10:00:48.382983 [PHY    ] [I] [  400] SYNC:  DONE, SNR=33.6 dB, TTI=400, sfn_offset=0
2023-04-21T10:00:48.382984 [PHY    ] [I] [  400] SFN resynchronized successfully
2023-04-21T10:00:48.383233 [RRC    ] [I] MEAS:  New measurement serving cell: earfcn=0, pci=1, rsrp=-11.28 dBm, cfo=-120.2 Hz
2023-04-21T10:00:48.453079 [PHY1   ] [I] [  405] PDCCH: cc=0, f=1A, cce= 4, L=2, riv=103, pid=0, mcs={1}, ndi={0}, tpc_pucch=0, snr=37.3 dB
2023-04-21T10:00:48.453126 [PHY1   ] [I] [  405] PDSCH: cc=0, rnti=0x2, nof_prb=3, nof_re=450, tbs={11}, mod={2}, rv={0}, crc={OK}, it=1.0, snr=37.3 dB
2023-04-21T10:00:48.453129 [PHY    ] [I] [  405] PHY:   Set TA RAR: ta_cmd: 0, n_ta: 0, ta_usec: 0.0
2023-04-21T10:00:48.453132 [MAC    ] [I] [  405] RA:    Rx:     RAPID=16, TA=0, T-CRNTI=0x46
2023-04-21T10:00:48.471397 [RLC    ] [I] SRB0 Tx Transparent Mode PDU, queue size=0, bytes=0
    0000: 51 30 f2 43 67 98
2023-04-21T10:00:48.471425 [MAC    ] [I] [  407] UL LCID=0 len=6
2023-04-21T10:00:48.471427 [MAC    ] [I] [  407] UL 3:  New TX for Msg3, RV=0, TBS=7
2023-04-21T10:00:48.471550 [PHY0   ] [I] [  407] PUSCH: cc=0, tti_tx=411, rnti=0x46, rb=(10,12), nof_re=432, tbs=7, mod=2, rv=0
2023-04-21T10:00:48.480380 [MAC    ] [I] [  408] RA:    ConRes: Starting ContentionResolutionTimer=64 ms
2023-04-21T10:00:48.543570 [PHY0   ] [I] [  415] PHICH: hi=1, corr=1.0, I_lowest=10, n_dmrs=0, I_phich=0
2023-04-21T10:00:48.552091 [PHY1   ] [I] [  416] PDCCH: cc=0, f=1A, cce= 0, L=0, riv=100, pid=0, mcs={1}, ndi={1}, tpc_pucch=0, snr=47.4 dB
2023-04-21T10:00:48.552096 [MAC    ] [I] [  416] Considering NDI in pid=0 to be toggled for first Temporal C-RNTI
2023-04-21T10:00:48.552148 [PHY1   ] [I] [  416] PDSCH: cc=0, rnti=0x46, nof_prb=3, nof_re=450, tbs={11}, mod={2}, rv={0}, crc={OK}, it=1.0, snr=47.4 dB
2023-04-21T10:00:48.552154 [MAC    ] [I] [  416] DL 0 (TB 0):  newTX tbs=11, rv=0, ack=OK, ndi=1
2023-04-21T10:00:48.552219 [MAC    ] [I] [  416] DL PAD: len=0 CON_RES: id=0x5130f2436798 LCID=0 len=2
2023-04-21T10:00:48.552230 [RRC    ] [I] SRB0 - Rx rrcConnectionReject (2 B)
2023-04-21T10:00:48.552231 [RRC    ] [I] Received ConnectionReject. Wait time: 10
2023-04-21T10:00:48.552260 [MAC    ] [I] [  416] RA:    ConRes: Random Access Complete.     c-rnti=0x46, ta=0
2023-04-21T10:00:48.552304 [PHY1   ] [I] [  416] PUCCH: cc=0, tti_tx=420, rnti=0x46, f=1a, n_pucch=12, ack=1
2023-04-21T10:00:48.560253 [RRC    ] [W] Proc "Connection Request" - Timer T300 stopped: Received ConnectionReject
2023-04-21T10:00:48.560254 [MAC    ] [I] [  417] Resetting MAC
2023-04-21T10:00:48.560255 [RRC    ] [I] Setting default PHY config dedicated
2023-04-21T10:00:48.560257 [PHY    ] [I] [  417] Setting configuration
2023-04-21T10:00:48.560291 [MAC    ] [I] [  417] Setting SR configuration
2023-04-21T10:00:48.560299 [MAC    ] [I] [  417] Logical Channel Setup: LCID=0, LCG=0, priority=0, PBR=-1, BSD=50ms, bucket_size=0
2023-04-21T10:00:48.560302 [MAC    ] [I] [  417] Logical Channel Setup: LCID=1, LCG=0, priority=1, PBR=-1, BSD=50ms, bucket_size=0
2023-04-21T10:00:48.560317 [RRC    ] [I] Setting MAC default configuration
2023-04-21T10:00:48.560317 [MAC    ] [I] [  417] Setting configuration
2023-04-21T10:00:48.560319 [MAC    ] [I] [  417] BSR:   Configured timer reTX 2560 ms
2023-04-21T10:00:48.560321 [RRC    ] [I] Set MAC main config: harq-MaxReTX=5, bsr-TimerReTX=2560, bsr-TimerPeriodic=-1, SR disabled (dsr-TransMax=0)
2023-04-21T10:00:48.560322 [RRC    ] [W] Could not establish connection. Deallocating dedicatedInfoNAS PDU
2023-04-21T10:00:48.560376 [PHY    ] [I] [  417] Setting new PHY configuration cc_idx=0...
2023-04-21T10:00:48.599984 [RRC    ] [I] MEAS:  New measurement serving cell: earfcn=0, pci=1, rsrp=-11.28 dBm, cfo=-46.9 Hz
2023-04-21T10:00:48.811878 [RRC    ] [I] MEAS:  New measurement serving cell: earfcn=0, pci=1, rsrp=-11.28 dBm, cfo=-10.7 Hz
2023-04-21T10:00:48.983881 [MAC    ] [I] [  456] DL retx: 0.00 %, perpkt: 0.00, UL retx: 0.00 % perpkt: 0.00
2023-04-21T10:00:48.983885 [RLC    ] [I] lcid=0, rx_rate_mbps=0.00 (real=0.00), tx_rate_mbps=0.00 (real=0.00)
2023-04-21T10:00:48.983917 [GW     ] [I] [    0] gw_rx_rate_mbps=0.00 (real=0.00), gw_tx_rate_mbps=0.00 (real=0.00)
2023-04-21T10:00:49.014243 [RRC    ] [I] MEAS:  New measurement serving cell: earfcn=0, pci=1, rsrp=-11.28 dBm, cfo=-2.1 Hz
2023-04-21T10:00:49.226421 [RRC    ] [I] MEAS:  New measurement serving cell: earfcn=0, pci=1, rsrp=-11.28 dBm, cfo=-0.4 Hz
2023-04-21T10:00:49.426446 [RRC    ] [I] MEAS:  New measurement serving cell: earfcn=0, pci=1, rsrp=-11.28 dBm, cfo=-0.1 Hz
2023-04-21T10:00:49.666573 [RRC    ] [I] MEAS:  New measurement serving cell: earfcn=0, pci=1, rsrp=-11.28 dBm, cfo=-0.0 Hz
2023-04-21T10:00:49.889903 [RRC    ] [I] MEAS:  New measurement serving cell: earfcn=0, pci=1, rsrp=-11.28 dBm, cfo=-0.0 Hz
2023-04-21T10:00:49.982998 [MAC    ] [I] [  548] DL retx: 0.00 %, perpkt: 0.00, UL retx: 0.00 % perpkt: 0.00
2023-04-21T10:00:49.983003 [RLC    ] [I] lcid=0, rx_rate_mbps=0.00 (real=0.00), tx_rate_mbps=0.00 (real=0.00)
2023-04-21T10:00:49.983016 [GW     ] [I] [    0] gw_rx_rate_mbps=0.00 (real=0.00), gw_tx_rate_mbps=0.00 (real=0.00)
2023-04-21T10:00:50.081637 [RRC    ] [I] MEAS:  New measurement serving cell: earfcn=0, pci=1, rsrp=-11.28 dBm, cfo=-0.0 Hz
2023-04-21T10:00:50.251000 [RRC    ] [I] MEAS:  New measurement serving cell: earfcn=0, pci=1, rsrp=-11.28 dBm, cfo=-0.0 Hz
2023-04-21T10:00:50.423862 [RRC    ] [I] MEAS:  New measurement serving cell: earfcn=0, pci=1, rsrp=-11.28 dBm, cfo=-0.0 Hz
2023-04-21T10:00:50.605149 [RRC    ] [I] MEAS:  New measurement serving cell: earfcn=0, pci=1, rsrp=-11.28 dBm, cfo=-0.0 Hz
2023-04-21T10:00:50.812936 [RRC    ] [I] MEAS:  New measurement serving cell: earfcn=0, pci=1, rsrp=-11.28 dBm, cfo=-0.0 Hz
2023-04-21T10:00:50.983019 [MAC    ] [I] [  656] DL retx: 0.00 %, perpkt: 0.00, UL retx: 0.00 % perpkt: 0.00
2023-04-21T10:00:50.983024 [RLC    ] [I] lcid=0, rx_rate_mbps=0.00 (real=0.00), tx_rate_mbps=0.00 (real=0.00)
2023-04-21T10:00:50.983045 [GW     ] [I] [    0] gw_rx_rate_mbps=0.00 (real=0.00), gw_tx_rate_mbps=0.00 (real=0.00)
2023-04-21T10:00:51.015559 [RRC    ] [I] MEAS:  New measurement serving cell: earfcn=0, pci=1, rsrp=-11.28 dBm, cfo=-0.0 Hz
2023-04-21T10:00:51.205003 [RRC    ] [I] MEAS:  New measurement serving cell: earfcn=0, pci=1, rsrp=-11.28 dBm, cfo=-0.0 Hz
2023-04-21T10:00:51.493632 [RRC    ] [I] MEAS:  New measurement serving cell: earfcn=0, pci=1, rsrp=-11.28 dBm, cfo=-0.0 Hz
2023-04-21T10:00:51.892434 [RRC    ] [I] MEAS:  New measurement serving cell: earfcn=0, pci=1, rsrp=-11.28 dBm, cfo=-0.0 Hz
2023-04-21T10:00:51.991100 [MAC    ] [I] [  722] DL retx: 0.00 %, perpkt: 0.00, UL retx: 0.00 % perpkt: 0.00
2023-04-21T10:00:51.991105 [RLC    ] [I] lcid=0, rx_rate_mbps=0.00 (real=0.00), tx_rate_mbps=0.00 (real=0.00)
2023-04-21T10:00:51.991151 [GW     ] [I] [    0] gw_rx_rate_mbps=0.00 (real=0.00), gw_tx_rate_mbps=0.00 (real=0.00)
2023-04-21T10:00:52.595197 [RRC    ] [I] MEAS:  New measurement serving cell: earfcn=0, pci=1, rsrp=-11.28 dBm, cfo=-0.0 Hz
2023-04-21T10:00:52.983118 [MAC    ] [I] [  753] DL retx: 0.00 %, perpkt: 0.00, UL retx: 0.00 % perpkt: 0.00
2023-04-21T10:00:52.983122 [RLC    ] [I] lcid=0, rx_rate_mbps=0.00 (real=0.00), tx_rate_mbps=0.00 (real=0.00)
2023-04-21T10:00:52.983148 [GW     ] [I] [    0] gw_rx_rate_mbps=0.00 (real=0.00), gw_tx_rate_mbps=0.00 (real=0.00)
2023-04-21T10:00:53.045101 [RRC    ] [I] MEAS:  New measurement serving cell: earfcn=0, pci=1, rsrp=-11.28 dBm, cfo=-0.0 Hz
2023-04-21T10:00:53.347445 [RRC    ] [I] MEAS:  New measurement serving cell: earfcn=0, pci=1, rsrp=-11.28 dBm, cfo=-0.0 Hz
2023-04-21T10:00:53.835211 [RRC    ] [I] MEAS:  New measurement serving cell: earfcn=0, pci=1, rsrp=-11.28 dBm, cfo=-0.0 Hz
2023-04-21T10:00:53.983079 [MAC    ] [I] [  809] DL retx: 0.00 %, perpkt: 0.00, UL retx: 0.00 % perpkt: 0.00
2023-04-21T10:00:53.983084 [RLC    ] [I] lcid=0, rx_rate_mbps=0.00 (real=0.00), tx_rate_mbps=0.00 (real=0.00)
2023-04-21T10:00:53.983106 [GW     ] [I] [    0] gw_rx_rate_mbps=0.00 (real=0.00), gw_tx_rate_mbps=0.00 (real=0.00)
2023-04-21T10:00:54.161302 [RRC    ] [I] MEAS:  New measurement serving cell: earfcn=0, pci=1, rsrp=-11.28 dBm, cfo=-0.0 Hz
2023-04-21T10:00:54.500444 [RRC    ] [I] MEAS:  New measurement serving cell: earfcn=0, pci=1, rsrp=-11.28 dBm, cfo=-0.0 Hz
2023-04-21T10:00:54.814159 [RRC    ] [I] MEAS:  New measurement serving cell: earfcn=0, pci=1, rsrp=-11.28 dBm, cfo=-0.0 Hz
2023-04-21T10:00:54.986772 [MAC    ] [I] [  874] DL retx: 0.00 %, perpkt: 0.00, UL retx: 0.00 % perpkt: 0.00
2023-04-21T10:00:54.986778 [RLC    ] [I] lcid=0, rx_rate_mbps=0.00 (real=0.00), tx_rate_mbps=0.00 (real=0.00)
2023-04-21T10:00:54.988736 [GW     ] [I] [    0] gw_rx_rate_mbps=0.00 (real=0.00), gw_tx_rate_mbps=0.00 (real=0.00)
2023-04-21T10:00:55.037370 [RRC    ] [I] MEAS:  New measurement serving cell: earfcn=0, pci=1, rsrp=-11.28 dBm, cfo=-0.0 Hz
2023-04-21T10:00:55.590492 [RRC    ] [I] MEAS:  New measurement serving cell: earfcn=0, pci=1, rsrp=-11.28 dBm, cfo=-0.0 Hz
2023-04-21T10:00:55.985124 [MAC    ] [I] [  912] DL retx: 0.00 %, perpkt: 0.00, UL retx: 0.00 % perpkt: 0.00
2023-04-21T10:00:55.985129 [RLC    ] [I] lcid=0, rx_rate_mbps=0.00 (real=0.00), tx_rate_mbps=0.00 (real=0.00)
2023-04-21T10:00:55.985196 [GW     ] [I] [    0] gw_rx_rate_mbps=0.00 (real=0.00), gw_tx_rate_mbps=0.00 (real=0.00)
2023-04-21T10:00:56.204114 [RRC    ] [I] MEAS:  New measurement serving cell: earfcn=0, pci=1, rsrp=-11.28 dBm, cfo=-0.0 Hz
2023-04-21T10:00:56.991215 [MAC    ] [I] [  937] DL retx: 0.00 %, perpkt: 0.00, UL retx: 0.00 % perpkt: 0.00
2023-04-21T10:00:56.991221 [RLC    ] [I] lcid=0, rx_rate_mbps=0.00 (real=0.00), tx_rate_mbps=0.00 (real=0.00)
2023-04-21T10:00:56.991408 [GW     ] [I] [    0] gw_rx_rate_mbps=0.00 (real=0.00), gw_tx_rate_mbps=0.00 (real=0.00)
2023-04-21T10:00:57.074907 [RRC    ] [I] MEAS:  New measurement serving cell: earfcn=0, pci=1, rsrp=-11.28 dBm, cfo=-0.0 Hz
2023-04-21T10:00:57.801929 [RRC    ] [I] MEAS:  New measurement serving cell: earfcn=0, pci=1, rsrp=-11.28 dBm, cfo=-0.0 Hz
2023-04-21T10:00:57.983593 [MAC    ] [I] [  968] DL retx: 0.00 %, perpkt: 0.00, UL retx: 0.00 % perpkt: 0.00
2023-04-21T10:00:57.983599 [RLC    ] [I] lcid=0, rx_rate_mbps=0.00 (real=0.00), tx_rate_mbps=0.00 (real=0.00)
2023-04-21T10:00:57.983650 [GW     ] [I] [    0] gw_rx_rate_mbps=0.00 (real=0.00), gw_tx_rate_mbps=0.00 (real=0.00)
2023-04-21T10:00:58.209187 [RRC    ] [I] MEAS:  New measurement serving cell: earfcn=0, pci=1, rsrp=-11.28 dBm, cfo=-0.0 Hz
2023-04-21T10:00:58.435067 [RRC    ] [I] MEAS:  New measurement serving cell: earfcn=0, pci=1, rsrp=-11.28 dBm, cfo=-0.0 Hz
2023-04-21T10:00:58.469914 [MAC    ] [I] [ 1004] BSR:   triggered_bsr_type=none, LCID QUEUE status: 0: 0 1: 0 
2023-04-21T10:00:58.728552 [RRC    ] [I] MEAS:  New measurement serving cell: earfcn=0, pci=1, rsrp=-11.28 dBm, cfo=-0.0 Hz
2023-04-21T10:00:58.983081 [MAC    ] [I] [ 1031] DL retx: 0.00 %, perpkt: 0.00, UL retx: 0.00 % perpkt: 0.00
2023-04-21T10:00:58.983111 [RLC    ] [I] lcid=0, rx_rate_mbps=0.00 (real=0.00), tx_rate_mbps=0.00 (real=0.00)
2023-04-21T10:00:58.983135 [GW     ] [I] [    0] gw_rx_rate_mbps=0.00 (real=0.00), gw_tx_rate_mbps=0.00 (real=0.00)
2023-04-21T10:00:59.122293 [RRC    ] [I] MEAS:  New measurement serving cell: earfcn=0, pci=1, rsrp=-11.28 dBm, cfo=-0.0 Hz
2023-04-21T10:00:59.585425 [RRC    ] [I] MEAS:  New measurement serving cell: earfcn=0, pci=1, rsrp=-11.28 dBm, cfo=-0.0 Hz
2023-04-21T10:00:59.992963 [MAC    ] [I] [ 1076] DL retx: 0.00 %, perpkt: 0.00, UL retx: 0.00 % perpkt: 0.00
2023-04-21T10:00:59.992988 [RLC    ] [I] lcid=0, rx_rate_mbps=0.00 (real=0.00), tx_rate_mbps=0.00 (real=0.00)
2023-04-21T10:00:59.993146 [GW     ] [I] [    0] gw_rx_rate_mbps=0.00 (real=0.00), gw_tx_rate_mbps=0.00 (real=0.00)
2023-04-21T10:01:00.129771 [RRC    ] [I] MEAS:  New measurement serving cell: earfcn=0, pci=1, rsrp=-11.28 dBm, cfo=-0.0 Hz
2023-04-21T10:01:00.847909 [RRC    ] [I] MEAS:  New measurement serving cell: earfcn=0, pci=1, rsrp=-11.28 dBm, cfo=-0.0 Hz
2023-04-21T10:01:00.983230 [MAC    ] [I] [ 1108] DL retx: 0.00 %, perpkt: 0.00, UL retx: 0.00 % perpkt: 0.00
2023-04-21T10:01:00.983235 [RLC    ] [I] lcid=0, rx_rate_mbps=0.00 (real=0.00), tx_rate_mbps=0.00 (real=0.00)
2023-04-21T10:01:00.983255 [GW     ] [I] [    0] gw_rx_rate_mbps=0.00 (real=0.00), gw_tx_rate_mbps=0.00 (real=0.00)
2023-04-21T10:01:00.990373 [STCK   ] [I] tti_tprof: {mean, max, min} = {2.17, 2196, 0} msec
2023-04-21T10:01:01.085956 [RRC    ] [I] MEAS:  New measurement serving cell: earfcn=0, pci=1, rsrp=-11.28 dBm, cfo=-0.0 Hz
2023-04-21T10:01:01.725125 [RRC    ] [I] MEAS:  New measurement serving cell: earfcn=0, pci=1, rsrp=-11.28 dBm, cfo=-0.0 Hz
2023-04-21T10:01:01.986341 [MAC    ] [I] [ 1143] DL retx: 0.00 %, perpkt: 0.00, UL retx: 0.00 % perpkt: 0.00
2023-04-21T10:01:01.986345 [RLC    ] [I] lcid=0, rx_rate_mbps=0.00 (real=0.00), tx_rate_mbps=0.00 (real=0.00)
2023-04-21T10:01:01.986377 [GW     ] [I] [    0] gw_rx_rate_mbps=0.00 (real=0.00), gw_tx_rate_mbps=0.00 (real=0.00)
2023-04-21T10:01:02.391518 [RRC    ] [I] MEAS:  New measurement serving cell: earfcn=0, pci=1, rsrp=-11.28 dBm, cfo=-0.0 Hz
2023-04-21T10:01:02.933465 [RRC    ] [I] MEAS:  New measurement serving cell: earfcn=0, pci=1, rsrp=-11.28 dBm, cfo=-0.0 Hz
2023-04-21T10:01:02.984736 [MAC    ] [I] [ 1180] DL retx: 0.00 %, perpkt: 0.00, UL retx: 0.00 % perpkt: 0.00
2023-04-21T10:01:02.984740 [RLC    ] [I] lcid=0, rx_rate_mbps=0.00 (real=0.00), tx_rate_mbps=0.00 (real=0.00)
2023-04-21T10:01:02.984770 [GW     ] [I] [    0] gw_rx_rate_mbps=0.00 (real=0.00), gw_tx_rate_mbps=0.00 (real=0.00)
2023-04-21T10:01:03.505920 [RRC    ] [I] MEAS:  New measurement serving cell: earfcn=0, pci=1, rsrp=-11.28 dBm, cfo=-0.0 Hz
2023-04-21T10:01:03.986497 [MAC    ] [I] [ 1216] DL retx: 0.00 %, perpkt: 0.00, UL retx: 0.00 % perpkt: 0.00
2023-04-21T10:01:03.986501 [RLC    ] [I] lcid=0, rx_rate_mbps=0.00 (real=0.00), tx_rate_mbps=0.00 (real=0.00)
2023-04-21T10:01:03.986613 [GW     ] [I] [    0] gw_rx_rate_mbps=0.00 (real=0.00), gw_tx_rate_mbps=0.00 (real=0.00)
2023-04-21T10:01:04.083719 [RRC    ] [I] MEAS:  New measurement serving cell: earfcn=0, pci=1, rsrp=-11.28 dBm, cfo=-0.0 Hz
2023-04-21T10:01:04.554358 [RRC    ] [I] MEAS:  New measurement serving cell: earfcn=0, pci=1, rsrp=-11.28 dBm, cfo=-0.0 Hz
2023-04-21T10:01:04.990799 [MAC    ] [I] [ 1258] DL retx: 0.00 %, perpkt: 0.00, UL retx: 0.00 % perpkt: 0.00
2023-04-21T10:01:04.990802 [RLC    ] [I] lcid=0, rx_rate_mbps=0.00 (real=0.00), tx_rate_mbps=0.00 (real=0.00)
2023-04-21T10:01:04.990828 [GW     ] [I] [    0] gw_rx_rate_mbps=0.00 (real=0.00), gw_tx_rate_mbps=0.00 (real=0.00)
2023-04-21T10:01:05.043602 [RRC    ] [I] MEAS:  New measurement serving cell: earfcn=0, pci=1, rsrp=-11.28 dBm, cfo=-0.0 Hz
2023-04-21T10:01:05.497307 [RRC    ] [I] MEAS:  New measurement serving cell: earfcn=0, pci=1, rsrp=-11.28 dBm, cfo=-0.0 Hz
2023-04-21T10:01:05.983305 [MAC    ] [I] [ 1298] DL retx: 0.00 %, perpkt: 0.00, UL retx: 0.00 % perpkt: 0.00
2023-04-21T10:01:05.983310 [RLC    ] [I] lcid=0, rx_rate_mbps=0.00 (real=0.00), tx_rate_mbps=0.00 (real=0.00)
2023-04-21T10:01:05.983549 [GW     ] [I] [    0] gw_rx_rate_mbps=0.00 (real=0.00), gw_tx_rate_mbps=0.00 (real=0.00)
2023-04-21T10:01:06.021858 [RRC    ] [I] MEAS:  New measurement serving cell: earfcn=0, pci=1, rsrp=-11.28 dBm, cfo=-0.0 Hz
2023-04-21T10:01:06.320164 [RRC    ] [I] MEAS:  New measurement serving cell: earfcn=0, pci=1, rsrp=-11.28 dBm, cfo=-0.0 Hz
2023-04-21T10:01:06.570195 [RRC    ] [I] MEAS:  New measurement serving cell: earfcn=0, pci=1, rsrp=-11.28 dBm, cfo=-0.0 Hz
2023-04-21T10:01:06.793282 [RRC    ] [I] MEAS:  New measurement serving cell: earfcn=0, pci=1, rsrp=-11.28 dBm, cfo=-0.0 Hz
2023-04-21T10:01:06.983080 [MAC    ] [I] [ 1372] DL retx: 0.00 %, perpkt: 0.00, UL retx: 0.00 % perpkt: 0.00
2023-04-21T10:01:06.983085 [RLC    ] [I] lcid=0, rx_rate_mbps=0.00 (real=0.00), tx_rate_mbps=0.00 (real=0.00)
2023-04-21T10:01:06.983112 [GW     ] [I] [    0] gw_rx_rate_mbps=0.00 (real=0.00), gw_tx_rate_mbps=0.00 (real=0.00)
2023-04-21T10:01:07.205104 [RRC    ] [I] MEAS:  New measurement serving cell: earfcn=0, pci=1, rsrp=-11.28 dBm, cfo=-0.0 Hz
2023-04-21T10:01:07.987268 [MAC    ] [I] [ 1396] DL retx: 0.00 %, perpkt: 0.00, UL retx: 0.00 % perpkt: 0.00
2023-04-21T10:01:07.987274 [RLC    ] [I] lcid=0, rx_rate_mbps=0.00 (real=0.00), tx_rate_mbps=0.00 (real=0.00)
2023-04-21T10:01:07.987475 [GW     ] [I] [    0] gw_rx_rate_mbps=0.00 (real=0.00), gw_tx_rate_mbps=0.00 (real=0.00)
2023-04-21T10:01:08.105584 [RRC    ] [I] MEAS:  New measurement serving cell: earfcn=0, pci=1, rsrp=-11.28 dBm, cfo=-0.0 Hz
2023-04-21T10:01:08.432609 [RRC    ] [I] MEAS:  New measurement serving cell: earfcn=0, pci=1, rsrp=-11.28 dBm, cfo=-0.0 Hz
2023-04-21T10:01:08.987980 [MAC    ] [I] [ 1432] DL retx: 0.00 %, perpkt: 0.00, UL retx: 0.00 % perpkt: 0.00
2023-04-21T10:01:08.987985 [RLC    ] [I] lcid=0, rx_rate_mbps=0.00 (real=0.00), tx_rate_mbps=0.00 (real=0.00)
2023-04-21T10:01:08.988548 [GW     ] [I] [    0] gw_rx_rate_mbps=0.00 (real=0.00), gw_tx_rate_mbps=0.00 (real=0.00)
2023-04-21T10:01:09.236091 [RRC    ] [I] MEAS:  New measurement serving cell: earfcn=0, pci=1, rsrp=-11.28 dBm, cfo=-0.0 Hz
2023-04-21T10:01:09.986697 [MAC    ] [I] [ 1456] DL retx: 0.00 %, perpkt: 0.00, UL retx: 0.00 % perpkt: 0.00
2023-04-21T10:01:09.986702 [RLC    ] [I] lcid=0, rx_rate_mbps=0.00 (real=0.00), tx_rate_mbps=0.00 (real=0.00)
2023-04-21T10:01:09.986727 [GW     ] [I] [    0] gw_rx_rate_mbps=0.00 (real=0.00), gw_tx_rate_mbps=0.00 (real=0.00)
2023-04-21T10:01:10.081750 [RRC    ] [I] MEAS:  New measurement serving cell: earfcn=0, pci=1, rsrp=-11.28 dBm, cfo=-0.0 Hz
2023-04-21T10:01:10.987172 [MAC    ] [I] [ 1477] DL retx: 0.00 %, perpkt: 0.00, UL retx: 0.00 % perpkt: 0.00
2023-04-21T10:01:10.987177 [RLC    ] [I] lcid=0, rx_rate_mbps=0.00 (real=0.00), tx_rate_mbps=0.00 (real=0.00)
2023-04-21T10:01:10.987392 [GW     ] [I] [    0] gw_rx_rate_mbps=0.00 (real=0.00), gw_tx_rate_mbps=0.00 (real=0.00)
2023-04-21T10:01:11.046190 [RRC    ] [I] MEAS:  New measurement serving cell: earfcn=0, pci=1, rsrp=-11.28 dBm, cfo=-0.0 Hz
2023-04-21T10:01:11.928073 [RRC    ] [I] MEAS:  New measurement serving cell: earfcn=0, pci=1, rsrp=-11.28 dBm, cfo=-0.0 Hz
2023-04-21T10:01:11.984180 [MAC    ] [I] [ 1501] DL retx: 0.00 %, perpkt: 0.00, UL retx: 0.00 % perpkt: 0.00
2023-04-21T10:01:11.984184 [RLC    ] [I] lcid=0, rx_rate_mbps=0.00 (real=0.00), tx_rate_mbps=0.00 (real=0.00)
2023-04-21T10:01:11.984229 [GW     ] [I] [    0] gw_rx_rate_mbps=0.00 (real=0.00), gw_tx_rate_mbps=0.00 (real=0.00)
2023-04-21T10:01:12.616641 [RRC    ] [I] MEAS:  New measurement serving cell: earfcn=0, pci=1, rsrp=-11.28 dBm, cfo=-0.0 Hz
2023-04-21T10:01:12.984537 [MAC    ] [I] [ 1528] DL retx: 0.00 %, perpkt: 0.00, UL retx: 0.00 % perpkt: 0.00
2023-04-21T10:01:12.984541 [RLC    ] [I] lcid=0, rx_rate_mbps=0.00 (real=0.00), tx_rate_mbps=0.00 (real=0.00)
2023-04-21T10:01:12.988566 [GW     ] [I] [    0] gw_rx_rate_mbps=0.00 (real=0.00), gw_tx_rate_mbps=0.00 (real=0.00)
2023-04-21T10:01:13.459269 [RRC    ] [I] MEAS:  New measurement serving cell: earfcn=0, pci=1, rsrp=-11.28 dBm, cfo=-0.0 Hz
2023-04-21T10:01:13.983460 [MAC    ] [I] [ 1555] DL retx: 0.00 %, perpkt: 0.00, UL retx: 0.00 % perpkt: 0.00
2023-04-21T10:01:13.983464 [RLC    ] [I] lcid=0, rx_rate_mbps=0.00 (real=0.00), tx_rate_mbps=0.00 (real=0.00)
2023-04-21T10:01:13.983538 [GW     ] [I] [    0] gw_rx_rate_mbps=0.00 (real=0.00), gw_tx_rate_mbps=0.00 (real=0.00)
2023-04-21T10:01:14.102937 [RRC    ] [I] MEAS:  New measurement serving cell: earfcn=0, pci=1, rsrp=-11.28 dBm, cfo=-0.0 Hz
2023-04-21T10:01:14.702566 [RRC    ] [I] MEAS:  New measurement serving cell: earfcn=0, pci=1, rsrp=-11.28 dBm, cfo=-0.0 Hz
2023-04-21T10:01:14.999405 [MAC    ] [I] [ 1585] DL retx: 0.00 %, perpkt: 0.00, UL retx: 0.00 % perpkt: 0.00
2023-04-21T10:01:14.999410 [RLC    ] [I] lcid=0, rx_rate_mbps=0.00 (real=0.00), tx_rate_mbps=0.00 (real=0.00)
2023-04-21T10:01:14.999726 [GW     ] [I] [    0] gw_rx_rate_mbps=0.00 (real=0.00), gw_tx_rate_mbps=0.00 (real=0.00)
2023-04-21T10:01:15.663764 [RRC    ] [I] MEAS:  New measurement serving cell: earfcn=0, pci=1, rsrp=-11.28 dBm, cfo=-0.0 Hz
2023-04-21T10:01:15.984338 [MAC    ] [I] [ 1609] DL retx: 0.00 %, perpkt: 0.00, UL retx: 0.00 % perpkt: 0.00
2023-04-21T10:01:15.984344 [RLC    ] [I] lcid=0, rx_rate_mbps=0.00 (real=0.00), tx_rate_mbps=0.00 (real=0.00)
2023-04-21T10:01:15.984378 [GW     ] [I] [    0] gw_rx_rate_mbps=0.00 (real=0.00), gw_tx_rate_mbps=0.00 (real=0.00)
2023-04-21T10:01:16.489990 [RRC    ] [I] MEAS:  New measurement serving cell: earfcn=0, pci=1, rsrp=-11.28 dBm, cfo=-0.0 Hz
2023-04-21T10:01:16.985452 [MAC    ] [I] [ 1630] DL retx: 0.00 %, perpkt: 0.00, UL retx: 0.00 % perpkt: 0.00
2023-04-21T10:01:16.985457 [RLC    ] [I] lcid=0, rx_rate_mbps=0.00 (real=0.00), tx_rate_mbps=0.00 (real=0.00)
2023-04-21T10:01:16.985470 [GW     ] [I] [    0] gw_rx_rate_mbps=0.00 (real=0.00), gw_tx_rate_mbps=0.00 (real=0.00)
2023-04-21T10:01:17.188190 [RRC    ] [I] MEAS:  New measurement serving cell: earfcn=0, pci=1, rsrp=-11.28 dBm, cfo=-0.0 Hz
2023-04-21T10:01:17.620813 [RRC    ] [I] MEAS:  New measurement serving cell: earfcn=0, pci=1, rsrp=-11.28 dBm, cfo=-0.0 Hz
2023-04-21T10:01:17.885160 [RRC    ] [I] MEAS:  New measurement serving cell: earfcn=0, pci=1, rsrp=-11.28 dBm, cfo=-0.0 Hz
2023-04-21T10:01:17.983100 [MAC    ] [I] [ 1691] DL retx: 0.00 %, perpkt: 0.00, UL retx: 0.00 % perpkt: 0.00
2023-04-21T10:01:17.983104 [RLC    ] [I] lcid=0, rx_rate_mbps=0.00 (real=0.00), tx_rate_mbps=0.00 (real=0.00)
2023-04-21T10:01:17.983130 [GW     ] [I] [    0] gw_rx_rate_mbps=0.00 (real=0.00), gw_tx_rate_mbps=0.00 (real=0.00)
2023-04-21T10:01:18.083014 [RRC    ] [I] MEAS:  New measurement serving cell: earfcn=0, pci=1, rsrp=-11.28 dBm, cfo=-0.0 Hz
2023-04-21T10:01:18.690120 [RRC    ] [I] MEAS:  New measurement serving cell: earfcn=0, pci=1, rsrp=-11.28 dBm, cfo=-0.0 Hz
2023-04-21T10:01:18.987528 [MAC    ] [I] [ 1729] DL retx: 0.00 %, perpkt: 0.00, UL retx: 0.00 % perpkt: 0.00
2023-04-21T10:01:18.987532 [RLC    ] [I] lcid=0, rx_rate_mbps=0.00 (real=0.00), tx_rate_mbps=0.00 (real=0.00)
2023-04-21T10:01:18.987590 [GW     ] [I] [    0] gw_rx_rate_mbps=0.00 (real=0.00), gw_tx_rate_mbps=0.00 (real=0.00)
2023-04-21T10:01:19.318328 [RRC    ] [I] MEAS:  New measurement serving cell: earfcn=0, pci=1, rsrp=-11.28 dBm, cfo=-0.0 Hz
2023-04-21T10:01:19.804187 [RRC    ] [I] MEAS:  New measurement serving cell: earfcn=0, pci=1, rsrp=-11.28 dBm, cfo=-0.0 Hz
2023-04-21T10:01:19.985473 [MAC    ] [I] [ 1768] DL retx: 0.00 %, perpkt: 0.00, UL retx: 0.00 % perpkt: 0.00
2023-04-21T10:01:19.985481 [RLC    ] [I] lcid=0, rx_rate_mbps=0.00 (real=0.00), tx_rate_mbps=0.00 (real=0.00)
2023-04-21T10:01:19.985507 [GW     ] [I] [    0] gw_rx_rate_mbps=0.00 (real=0.00), gw_tx_rate_mbps=0.00 (real=0.00)
2023-04-21T10:01:20.201531 [RRC    ] [I] MEAS:  New measurement serving cell: earfcn=0, pci=1, rsrp=-11.28 dBm, cfo=-0.0 Hz
2023-04-21T10:01:20.807701 [RRC    ] [I] MEAS:  New measurement serving cell: earfcn=0, pci=1, rsrp=-11.28 dBm, cfo=-0.0 Hz
2023-04-21T10:01:20.993285 [MAC    ] [I] [ 1805] DL retx: 0.00 %, perpkt: 0.00, UL retx: 0.00 % perpkt: 0.00
2023-04-21T10:01:20.993289 [RLC    ] [I] lcid=0, rx_rate_mbps=0.00 (real=0.00), tx_rate_mbps=0.00 (real=0.00)
2023-04-21T10:01:20.993310 [GW     ] [I] [    0] gw_rx_rate_mbps=0.00 (real=0.00), gw_tx_rate_mbps=0.00 (real=0.00)
2023-04-21T10:01:21.447873 [RRC    ] [I] MEAS:  New measurement serving cell: earfcn=0, pci=1, rsrp=-11.28 dBm, cfo=-0.0 Hz
2023-04-21T10:01:21.934526 [RRC    ] [I] MEAS:  New measurement serving cell: earfcn=0, pci=1, rsrp=-11.28 dBm, cfo=-0.0 Hz
2023-04-21T10:01:21.985098 [MAC    ] [I] [ 1844] DL retx: 0.00 %, perpkt: 0.00, UL retx: 0.00 % perpkt: 0.00
2023-04-21T10:01:21.985113 [RLC    ] [I] lcid=0, rx_rate_mbps=0.00 (real=0.00), tx_rate_mbps=0.00 (real=0.00)
2023-04-21T10:01:21.985214 [GW     ] [I] [    0] gw_rx_rate_mbps=0.00 (real=0.00), gw_tx_rate_mbps=0.00 (real=0.00)
2023-04-21T10:01:22.126890 [RRC    ] [I] MEAS:  New measurement serving cell: earfcn=0, pci=1, rsrp=-11.28 dBm, cfo=-0.0 Hz
2023-04-21T10:01:22.351478 [RRC    ] [I] MEAS:  New measurement serving cell: earfcn=0, pci=1, rsrp=-11.28 dBm, cfo=-0.0 Hz
2023-04-21T10:01:22.577964 [RRC    ] [I] MEAS:  New measurement serving cell: earfcn=0, pci=1, rsrp=-11.28 dBm, cfo=-0.0 Hz
2023-04-21T10:01:22.745269 [RRC    ] [I] MEAS:  New measurement serving cell: earfcn=0, pci=1, rsrp=-11.28 dBm, cfo=-0.0 Hz
2023-04-21T10:01:22.921025 [RRC    ] [I] MEAS:  New measurement serving cell: earfcn=0, pci=1, rsrp=-11.28 dBm, cfo=-0.0 Hz
2023-04-21T10:01:22.983026 [MAC    ] [I] [ 1947] DL retx: 0.00 %, perpkt: 0.00, UL retx: 0.00 % perpkt: 0.00
2023-04-21T10:01:22.983030 [RLC    ] [I] lcid=0, rx_rate_mbps=0.00 (real=0.00), tx_rate_mbps=0.00 (real=0.00)
2023-04-21T10:01:22.983069 [GW     ] [I] [    0] gw_rx_rate_mbps=0.00 (real=0.00), gw_tx_rate_mbps=0.00 (real=0.00)
2023-04-21T10:01:23.119028 [RRC    ] [I] MEAS:  New measurement serving cell: earfcn=0, pci=1, rsrp=-11.28 dBm, cfo=-0.0 Hz
2023-04-21T10:01:23.299433 [RRC    ] [I] MEAS:  New measurement serving cell: earfcn=0, pci=1, rsrp=-11.28 dBm, cfo=-0.0 Hz
2023-04-21T10:01:23.542108 [RRC    ] [I] MEAS:  New measurement serving cell: earfcn=0, pci=1, rsrp=-11.28 dBm, cfo=-0.0 Hz
2023-04-21T10:01:23.568977 [MAC    ] [I] [ 2003] BSR:   triggered_bsr_type=none, LCID QUEUE status: 0: 0 1: 0 
2023-04-21T10:01:23.714248 [RRC    ] [I] MEAS:  New measurement serving cell: earfcn=0, pci=1, rsrp=-11.28 dBm, cfo=-0.0 Hz
2023-04-21T10:01:23.901345 [RRC    ] [I] MEAS:  New measurement serving cell: earfcn=0, pci=1, rsrp=-11.28 dBm, cfo=-0.0 Hz
2023-04-21T10:01:23.983163 [MAC    ] [I] [ 2047] DL retx: 0.00 %, perpkt: 0.00, UL retx: 0.00 % perpkt: 0.00
2023-04-21T10:01:23.983171 [RLC    ] [I] lcid=0, rx_rate_mbps=0.00 (real=0.00), tx_rate_mbps=0.00 (real=0.00)
2023-04-21T10:01:23.983203 [GW     ] [I] [    0] gw_rx_rate_mbps=0.00 (real=0.00), gw_tx_rate_mbps=0.00 (real=0.00)
2023-04-21T10:01:24.095281 [RRC    ] [I] MEAS:  New measurement serving cell: earfcn=0, pci=1, rsrp=-11.28 dBm, cfo=-0.0 Hz
2023-04-21T10:01:24.296203 [RRC    ] [I] MEAS:  New measurement serving cell: earfcn=0, pci=1, rsrp=-11.28 dBm, cfo=-0.0 Hz
2023-04-21T10:01:24.502625 [RRC    ] [I] MEAS:  New measurement serving cell: earfcn=0, pci=1, rsrp=-11.28 dBm, cfo=-0.0 Hz
2023-04-21T10:01:24.682876 [RRC    ] [I] MEAS:  New measurement serving cell: earfcn=0, pci=1, rsrp=-11.28 dBm, cfo=-0.0 Hz
2023-04-21T10:01:24.847752 [STCK   ] [I] tti_tprof: {mean, max, min} = {0.02, 0, 0} msec
2023-04-21T10:01:24.936570 [RRC    ] [I] MEAS:  New measurement serving cell: earfcn=0, pci=1, rsrp=-11.28 dBm, cfo=-0.0 Hz
2023-04-21T10:01:24.983122 [MAC    ] [I] [ 2143] DL retx: 0.00 %, perpkt: 0.00, UL retx: 0.00 % perpkt: 0.00
2023-04-21T10:01:24.983126 [RLC    ] [I] lcid=0, rx_rate_mbps=0.00 (real=0.00), tx_rate_mbps=0.00 (real=0.00)
2023-04-21T10:01:24.986186 [GW     ] [I] [    0] gw_rx_rate_mbps=0.00 (real=0.00), gw_tx_rate_mbps=0.00 (real=0.00)
2023-04-21T10:01:25.151397 [RRC    ] [I] MEAS:  New measurement serving cell: earfcn=0, pci=1, rsrp=-11.28 dBm, cfo=-0.0 Hz
2023-04-21T10:01:25.378389 [RRC    ] [I] MEAS:  New measurement serving cell: earfcn=0, pci=1, rsrp=-11.28 dBm, cfo=-0.0 Hz
2023-04-21T10:01:25.582134 [RRC    ] [I] MEAS:  New measurement serving cell: earfcn=0, pci=1, rsrp=-11.28 dBm, cfo=-0.0 Hz
2023-04-21T10:01:25.755532 [RRC    ] [I] MEAS:  New measurement serving cell: earfcn=0, pci=1, rsrp=-11.28 dBm, cfo=-0.0 Hz
2023-04-21T10:01:25.927695 [RRC    ] [I] MEAS:  New measurement serving cell: earfcn=0, pci=1, rsrp=-11.28 dBm, cfo=-0.0 Hz
2023-04-21T10:01:25.983086 [MAC    ] [I] [ 2246] DL retx: 0.00 %, perpkt: 0.00, UL retx: 0.00 % perpkt: 0.00
2023-04-21T10:01:25.983091 [RLC    ] [I] lcid=0, rx_rate_mbps=0.00 (real=0.00), tx_rate_mbps=0.00 (real=0.00)
2023-04-21T10:01:25.983118 [GW     ] [I] [    0] gw_rx_rate_mbps=0.00 (real=0.00), gw_tx_rate_mbps=0.00 (real=0.00)
2023-04-21T10:01:26.106876 [RRC    ] [I] MEAS:  New measurement serving cell: earfcn=0, pci=1, rsrp=-11.28 dBm, cfo=-0.0 Hz
2023-04-21T10:01:26.276977 [RRC    ] [I] MEAS:  New measurement serving cell: earfcn=0, pci=1, rsrp=-11.28 dBm, cfo=-0.0 Hz
2023-04-21T10:01:26.582514 [RRC    ] [I] MEAS:  New measurement serving cell: earfcn=0, pci=1, rsrp=-11.28 dBm, cfo=-0.0 Hz
2023-04-21T10:01:26.748817 [RRC    ] [I] MEAS:  New measurement serving cell: earfcn=0, pci=1, rsrp=-11.28 dBm, cfo=-0.0 Hz
2023-04-21T10:01:26.918531 [RRC    ] [I] MEAS:  New measurement serving cell: earfcn=0, pci=1, rsrp=-11.28 dBm, cfo=-0.0 Hz
2023-04-21T10:01:26.982998 [MAC    ] [I] [ 2346] DL retx: 0.00 %, perpkt: 0.00, UL retx: 0.00 % perpkt: 0.00
2023-04-21T10:01:26.983002 [RLC    ] [I] lcid=0, rx_rate_mbps=0.00 (real=0.00), tx_rate_mbps=0.00 (real=0.00)
2023-04-21T10:01:26.983025 [GW     ] [I] [    0] gw_rx_rate_mbps=0.00 (real=0.00), gw_tx_rate_mbps=0.00 (real=0.00)
2023-04-21T10:01:27.097980 [RRC    ] [I] MEAS:  New measurement serving cell: earfcn=0, pci=1, rsrp=-11.28 dBm, cfo=-0.0 Hz
2023-04-21T10:01:27.259819 [RRC    ] [I] MEAS:  New measurement serving cell: earfcn=0, pci=1, rsrp=-11.28 dBm, cfo=-0.0 Hz
2023-04-21T10:01:27.474855 [RRC    ] [I] MEAS:  New measurement serving cell: earfcn=0, pci=1, rsrp=-11.28 dBm, cfo=-0.0 Hz
2023-04-21T10:01:27.673905 [RRC    ] [I] MEAS:  New measurement serving cell: earfcn=0, pci=1, rsrp=-11.28 dBm, cfo=-0.0 Hz
2023-04-21T10:01:27.858939 [RRC    ] [I] MEAS:  New measurement serving cell: earfcn=0, pci=1, rsrp=-11.28 dBm, cfo=-0.0 Hz
2023-04-21T10:01:27.983202 [MAC    ] [I] [ 2452] DL retx: 0.00 %, perpkt: 0.00, UL retx: 0.00 % perpkt: 0.00
2023-04-21T10:01:27.983206 [RLC    ] [I] lcid=0, rx_rate_mbps=0.00 (real=0.00), tx_rate_mbps=0.00 (real=0.00)
2023-04-21T10:01:27.983443 [GW     ] [I] [    0] gw_rx_rate_mbps=0.00 (real=0.00), gw_tx_rate_mbps=0.00 (real=0.00)
2023-04-21T10:01:28.058078 [RRC    ] [I] MEAS:  New measurement serving cell: earfcn=0, pci=1, rsrp=-11.28 dBm, cfo=-0.0 Hz
2023-04-21T10:01:28.306735 [RRC    ] [I] MEAS:  New measurement serving cell: earfcn=0, pci=1, rsrp=-11.28 dBm, cfo=-0.0 Hz
2023-04-21T10:01:28.612891 [RRC    ] [I] MEAS:  New measurement serving cell: earfcn=0, pci=1, rsrp=-11.28 dBm, cfo=-0.0 Hz
2023-04-21T10:01:28.851180 [RRC    ] [I] MEAS:  New measurement serving cell: earfcn=0, pci=1, rsrp=-11.28 dBm, cfo=-0.0 Hz
2023-04-21T10:01:28.983042 [MAC    ] [I] [ 2532] DL retx: 0.00 %, perpkt: 0.00, UL retx: 0.00 % perpkt: 0.00
2023-04-21T10:01:28.983047 [RLC    ] [I] lcid=0, rx_rate_mbps=0.00 (real=0.00), tx_rate_mbps=0.00 (real=0.00)
2023-04-21T10:01:28.983084 [GW     ] [I] [    0] gw_rx_rate_mbps=0.00 (real=0.00), gw_tx_rate_mbps=0.00 (real=0.00)
2023-04-21T10:01:29.050309 [RRC    ] [I] MEAS:  New measurement serving cell: earfcn=0, pci=1, rsrp=-11.28 dBm, cfo=-0.0 Hz
2023-04-21T10:01:29.248098 [RRC    ] [I] MEAS:  New measurement serving cell: earfcn=0, pci=1, rsrp=-11.28 dBm, cfo=-0.0 Hz
2023-04-21T10:01:29.449956 [RRC    ] [I] MEAS:  New measurement serving cell: earfcn=0, pci=1, rsrp=-11.28 dBm, cfo=-0.0 Hz
2023-04-21T10:01:29.639530 [RRC    ] [I] MEAS:  New measurement serving cell: earfcn=0, pci=1, rsrp=-11.28 dBm, cfo=-0.0 Hz
2023-04-21T10:01:29.824453 [RRC    ] [I] MEAS:  New measurement serving cell: earfcn=0, pci=1, rsrp=-11.28 dBm, cfo=-0.0 Hz
2023-04-21T10:01:29.983322 [MAC    ] [I] [ 2636] DL retx: 0.00 %, perpkt: 0.00, UL retx: 0.00 % perpkt: 0.00
2023-04-21T10:01:29.983326 [RLC    ] [I] lcid=0, rx_rate_mbps=0.00 (real=0.00), tx_rate_mbps=0.00 (real=0.00)
2023-04-21T10:01:29.983381 [GW     ] [I] [    0] gw_rx_rate_mbps=0.00 (real=0.00), gw_tx_rate_mbps=0.00 (real=0.00)
2023-04-21T10:01:30.016771 [RRC    ] [I] MEAS:  New measurement serving cell: earfcn=0, pci=1, rsrp=-11.28 dBm, cfo=-0.0 Hz
2023-04-21T10:01:30.205387 [RRC    ] [I] MEAS:  New measurement serving cell: earfcn=0, pci=1, rsrp=-11.28 dBm, cfo=-0.0 Hz
2023-04-21T10:01:30.392478 [RRC    ] [I] MEAS:  New measurement serving cell: earfcn=0, pci=1, rsrp=-11.28 dBm, cfo=-0.0 Hz
2023-04-21T10:01:30.608152 [RRC    ] [I] MEAS:  New measurement serving cell: earfcn=0, pci=1, rsrp=-11.28 dBm, cfo=-0.0 Hz
2023-04-21T10:01:30.806919 [RRC    ] [I] MEAS:  New measurement serving cell: earfcn=0, pci=1, rsrp=-11.28 dBm, cfo=-0.0 Hz
2023-04-21T10:01:30.983028 [MAC    ] [I] [ 2732] DL retx: 0.00 %, perpkt: 0.00, UL retx: 0.00 % perpkt: 0.00
2023-04-21T10:01:30.983034 [RLC    ] [I] lcid=0, rx_rate_mbps=0.00 (real=0.00), tx_rate_mbps=0.00 (real=0.00)
2023-04-21T10:01:30.983051 [GW     ] [I] [    0] gw_rx_rate_mbps=0.00 (real=0.00), gw_tx_rate_mbps=0.00 (real=0.00)
2023-04-21T10:01:31.077023 [RRC    ] [I] MEAS:  New measurement serving cell: earfcn=0, pci=1, rsrp=-11.28 dBm, cfo=-0.0 Hz
2023-04-21T10:01:31.304972 [RRC    ] [I] MEAS:  New measurement serving cell: earfcn=0, pci=1, rsrp=-11.28 dBm, cfo=-0.0 Hz
2023-04-21T10:01:31.604497 [RRC    ] [I] MEAS:  New measurement serving cell: earfcn=0, pci=1, rsrp=-11.28 dBm, cfo=-0.0 Hz
2023-04-21T10:01:31.821434 [RRC    ] [I] MEAS:  New measurement serving cell: earfcn=0, pci=1, rsrp=-11.28 dBm, cfo=-0.0 Hz
2023-04-21T10:01:31.983156 [MAC    ] [I] [ 2812] DL retx: 0.00 %, perpkt: 0.00, UL retx: 0.00 % perpkt: 0.00
2023-04-21T10:01:31.983161 [RLC    ] [I] lcid=0, rx_rate_mbps=0.00 (real=0.00), tx_rate_mbps=0.00 (real=0.00)
2023-04-21T10:01:31.983183 [GW     ] [I] [    0] gw_rx_rate_mbps=0.00 (real=0.00), gw_tx_rate_mbps=0.00 (real=0.00)
2023-04-21T10:01:32.116256 [RRC    ] [I] MEAS:  New measurement serving cell: earfcn=0, pci=1, rsrp=-11.28 dBm, cfo=-0.0 Hz
2023-04-21T10:01:32.367182 [RRC    ] [I] MEAS:  New measurement serving cell: earfcn=0, pci=1, rsrp=-11.28 dBm, cfo=-0.0 Hz
2023-04-21T10:01:32.562273 [RRC    ] [I] MEAS:  New measurement serving cell: earfcn=0, pci=1, rsrp=-11.28 dBm, cfo=-0.0 Hz
2023-04-21T10:01:32.748400 [RRC    ] [I] MEAS:  New measurement serving cell: earfcn=0, pci=1, rsrp=-11.28 dBm, cfo=-0.0 Hz
2023-04-21T10:01:32.932969 [RRC    ] [I] MEAS:  New measurement serving cell: earfcn=0, pci=1, rsrp=-11.28 dBm, cfo=-0.0 Hz
2023-04-21T10:01:32.983059 [MAC    ] [I] [ 2905] DL retx: 0.00 %, perpkt: 0.00, UL retx: 0.00 % perpkt: 0.00
2023-04-21T10:01:32.983064 [RLC    ] [I] lcid=0, rx_rate_mbps=0.00 (real=0.00), tx_rate_mbps=0.00 (real=0.00)
2023-04-21T10:01:32.983112 [GW     ] [I] [    0] gw_rx_rate_mbps=0.00 (real=0.00), gw_tx_rate_mbps=0.00 (real=0.00)
2023-04-21T10:01:33.122102 [RRC    ] [I] MEAS:  New measurement serving cell: earfcn=0, pci=1, rsrp=-11.28 dBm, cfo=-0.0 Hz
2023-04-21T10:01:33.314294 [RRC    ] [I] MEAS:  New measurement serving cell: earfcn=0, pci=1, rsrp=-11.28 dBm, cfo=-0.0 Hz
2023-04-21T10:01:33.504286 [RRC    ] [I] MEAS:  New measurement serving cell: earfcn=0, pci=1, rsrp=-11.28 dBm, cfo=-0.0 Hz
2023-04-21T10:01:33.737598 [RRC    ] [I] MEAS:  New measurement serving cell: earfcn=0, pci=1, rsrp=-11.28 dBm, cfo=-0.0 Hz
2023-04-21T10:01:33.968492 [RRC    ] [I] MEAS:  New measurement serving cell: earfcn=0, pci=1, rsrp=-11.28 dBm, cfo=-0.0 Hz
2023-04-21T10:01:33.983023 [MAC    ] [I] [ 3001] DL retx: 0.00 %, perpkt: 0.00, UL retx: 0.00 % perpkt: 0.00
2023-04-21T10:01:33.983027 [RLC    ] [I] lcid=0, rx_rate_mbps=0.00 (real=0.00), tx_rate_mbps=0.00 (real=0.00)
2023-04-21T10:01:33.983041 [GW     ] [I] [    0] gw_rx_rate_mbps=0.00 (real=0.00), gw_tx_rate_mbps=0.00 (real=0.00)
2023-04-21T10:01:33.988244 [MAC    ] [I] [ 3002] BSR:   triggered_bsr_type=none, LCID QUEUE status: 0: 0 1: 0 
2023-04-21T10:01:34.222115 [RRC    ] [I] MEAS:  New measurement serving cell: earfcn=0, pci=1, rsrp=-11.28 dBm, cfo=-0.0 Hz
2023-04-21T10:01:34.467119 [RRC    ] [I] MEAS:  New measurement serving cell: earfcn=0, pci=1, rsrp=-11.28 dBm, cfo=-0.0 Hz
2023-04-21T10:01:34.657813 [RRC    ] [I] MEAS:  New measurement serving cell: earfcn=0, pci=1, rsrp=-11.28 dBm, cfo=-0.0 Hz
2023-04-21T10:01:34.835570 [RRC    ] [I] MEAS:  New measurement serving cell: earfcn=0, pci=1, rsrp=-11.28 dBm, cfo=-0.0 Hz
2023-04-21T10:01:34.983043 [MAC    ] [I] [ 3096] DL retx: 0.00 %, perpkt: 0.00, UL retx: 0.00 % perpkt: 0.00
2023-04-21T10:01:34.983048 [RLC    ] [I] lcid=0, rx_rate_mbps=0.00 (real=0.00), tx_rate_mbps=0.00 (real=0.00)
2023-04-21T10:01:34.983067 [GW     ] [I] [    0] gw_rx_rate_mbps=0.00 (real=0.00), gw_tx_rate_mbps=0.00 (real=0.00)
2023-04-21T10:01:35.012938 [RRC    ] [I] MEAS:  New measurement serving cell: earfcn=0, pci=1, rsrp=-11.28 dBm, cfo=-0.0 Hz
2023-04-21T10:01:35.180165 [RRC    ] [I] MEAS:  New measurement serving cell: earfcn=0, pci=1, rsrp=-11.28 dBm, cfo=-0.0 Hz
2023-04-21T10:01:35.349373 [RRC    ] [I] MEAS:  New measurement serving cell: earfcn=0, pci=1, rsrp=-11.28 dBm, cfo=-0.0 Hz
2023-04-21T10:01:35.524934 [STCK   ] [I] tti_tprof: {mean, max, min} = {0.02, 0, 0} msec
2023-04-21T10:01:35.554409 [RRC    ] [I] MEAS:  New measurement serving cell: earfcn=0, pci=1, rsrp=-11.28 dBm, cfo=-0.0 Hz
2023-04-21T10:01:35.765245 [RRC    ] [I] MEAS:  New measurement serving cell: earfcn=0, pci=1, rsrp=-11.28 dBm, cfo=-0.0 Hz
2023-04-21T10:01:35.983265 [MAC    ] [I] [ 3196] DL retx: 0.00 %, perpkt: 0.00, UL retx: 0.00 % perpkt: 0.00
2023-04-21T10:01:35.983270 [RLC    ] [I] lcid=0, rx_rate_mbps=0.00 (real=0.00), tx_rate_mbps=0.00 (real=0.00)
2023-04-21T10:01:35.983313 [GW     ] [I] [    0] gw_rx_rate_mbps=0.00 (real=0.00), gw_tx_rate_mbps=0.00 (real=0.00)
2023-04-21T10:01:36.012629 [RRC    ] [I] MEAS:  New measurement serving cell: earfcn=0, pci=1, rsrp=-11.28 dBm, cfo=-0.0 Hz
2023-04-21T10:01:36.270452 [RRC    ] [I] MEAS:  New measurement serving cell: earfcn=0, pci=1, rsrp=-11.28 dBm, cfo=-0.0 Hz
2023-04-21T10:01:36.501133 [RRC    ] [I] MEAS:  New measurement serving cell: earfcn=0, pci=1, rsrp=-11.28 dBm, cfo=-0.0 Hz
2023-04-21T10:01:36.716989 [RRC    ] [I] MEAS:  New measurement serving cell: earfcn=0, pci=1, rsrp=-11.28 dBm, cfo=-0.0 Hz
2023-04-21T10:01:36.933944 [RRC    ] [I] MEAS:  New measurement serving cell: earfcn=0, pci=1, rsrp=-11.28 dBm, cfo=-0.0 Hz
2023-04-21T10:01:36.983390 [MAC    ] [I] [ 3284] DL retx: 0.00 %, perpkt: 0.00, UL retx: 0.00 % perpkt: 0.00
2023-04-21T10:01:36.983394 [RLC    ] [I] lcid=0, rx_rate_mbps=0.00 (real=0.00), tx_rate_mbps=0.00 (real=0.00)
2023-04-21T10:01:36.983608 [GW     ] [I] [    0] gw_rx_rate_mbps=0.00 (real=0.00), gw_tx_rate_mbps=0.00 (real=0.00)
2023-04-21T10:01:37.154298 [RRC    ] [I] MEAS:  New measurement serving cell: earfcn=0, pci=1, rsrp=-11.28 dBm, cfo=-0.0 Hz
2023-04-21T10:01:37.379543 [RRC    ] [I] MEAS:  New measurement serving cell: earfcn=0, pci=1, rsrp=-11.28 dBm, cfo=-0.0 Hz
2023-04-21T10:01:37.580319 [RRC    ] [I] MEAS:  New measurement serving cell: earfcn=0, pci=1, rsrp=-11.28 dBm, cfo=-0.0 Hz
2023-04-21T10:01:37.794155 [RRC    ] [I] MEAS:  New measurement serving cell: earfcn=0, pci=1, rsrp=-11.28 dBm, cfo=-0.0 Hz
2023-04-21T10:01:37.983126 [MAC    ] [I] [ 3375] DL retx: 0.00 %, perpkt: 0.00, UL retx: 0.00 % perpkt: 0.00
2023-04-21T10:01:37.983131 [RLC    ] [I] lcid=0, rx_rate_mbps=0.00 (real=0.00), tx_rate_mbps=0.00 (real=0.00)
2023-04-21T10:01:37.983222 [GW     ] [I] [    0] gw_rx_rate_mbps=0.00 (real=0.00), gw_tx_rate_mbps=0.00 (real=0.00)
2023-04-21T10:01:38.023354 [RRC    ] [I] MEAS:  New measurement serving cell: earfcn=0, pci=1, rsrp=-11.28 dBm, cfo=-0.0 Hz
2023-04-21T10:01:38.201105 [RRC    ] [I] MEAS:  New measurement serving cell: earfcn=0, pci=1, rsrp=-11.28 dBm, cfo=-0.0 Hz
2023-04-21T10:01:38.375361 [RRC    ] [I] MEAS:  New measurement serving cell: earfcn=0, pci=1, rsrp=-11.28 dBm, cfo=-0.0 Hz
2023-04-21T10:01:38.627021 [RRC    ] [I] MEAS:  New measurement serving cell: earfcn=0, pci=1, rsrp=-11.28 dBm, cfo=-0.0 Hz
2023-04-21T10:01:38.861131 [RRC    ] [I] MEAS:  New measurement serving cell: earfcn=0, pci=1, rsrp=-11.28 dBm, cfo=-0.0 Hz
2023-04-21T10:01:38.983035 [MAC    ] [I] [ 3473] DL retx: 0.00 %, perpkt: 0.00, UL retx: 0.00 % perpkt: 0.00
2023-04-21T10:01:38.983048 [RLC    ] [I] lcid=0, rx_rate_mbps=0.00 (real=0.00), tx_rate_mbps=0.00 (real=0.00)
2023-04-21T10:01:38.983062 [GW     ] [I] [    0] gw_rx_rate_mbps=0.00 (real=0.00), gw_tx_rate_mbps=0.00 (real=0.00)
2023-04-21T10:01:39.060982 [RRC    ] [I] MEAS:  New measurement serving cell: earfcn=0, pci=1, rsrp=-11.28 dBm, cfo=-0.0 Hz
2023-04-21T10:01:39.258972 [RRC    ] [I] MEAS:  New measurement serving cell: earfcn=0, pci=1, rsrp=-11.28 dBm, cfo=-0.0 Hz
2023-04-21T10:01:39.446007 [RRC    ] [I] MEAS:  New measurement serving cell: earfcn=0, pci=1, rsrp=-11.28 dBm, cfo=-0.0 Hz
2023-04-21T10:01:39.641663 [RRC    ] [I] MEAS:  New measurement serving cell: earfcn=0, pci=1, rsrp=-11.28 dBm, cfo=-0.0 Hz
2023-04-21T10:01:39.846719 [RRC    ] [I] MEAS:  New measurement serving cell: earfcn=0, pci=1, rsrp=-11.28 dBm, cfo=-0.0 Hz
2023-04-21T10:01:39.983621 [MAC    ] [I] [ 3574] DL retx: 0.00 %, perpkt: 0.00, UL retx: 0.00 % perpkt: 0.00
2023-04-21T10:01:39.983626 [RLC    ] [I] lcid=0, rx_rate_mbps=0.00 (real=0.00), tx_rate_mbps=0.00 (real=0.00)
2023-04-21T10:01:39.983649 [GW     ] [I] [    0] gw_rx_rate_mbps=0.00 (real=0.00), gw_tx_rate_mbps=0.00 (real=0.00)
2023-04-21T10:01:40.036717 [RRC    ] [I] MEAS:  New measurement serving cell: earfcn=0, pci=1, rsrp=-11.28 dBm, cfo=-0.0 Hz
2023-04-21T10:01:40.225510 [RRC    ] [I] MEAS:  New measurement serving cell: earfcn=0, pci=1, rsrp=-11.28 dBm, cfo=-0.0 Hz
2023-04-21T10:01:40.448908 [RRC    ] [I] MEAS:  New measurement serving cell: earfcn=0, pci=1, rsrp=-11.28 dBm, cfo=-0.0 Hz
2023-04-21T10:01:40.656682 [RRC    ] [I] MEAS:  New measurement serving cell: earfcn=0, pci=1, rsrp=-11.28 dBm, cfo=-0.0 Hz
2023-04-21T10:01:40.837650 [RRC    ] [I] MEAS:  New measurement serving cell: earfcn=0, pci=1, rsrp=-11.28 dBm, cfo=-0.0 Hz
2023-04-21T10:01:40.983790 [MAC    ] [I] [ 3676] DL retx: 0.00 %, perpkt: 0.00, UL retx: 0.00 % perpkt: 0.00
2023-04-21T10:01:40.983795 [RLC    ] [I] lcid=0, rx_rate_mbps=0.00 (real=0.00), tx_rate_mbps=0.00 (real=0.00)
2023-04-21T10:01:40.983814 [GW     ] [I] [    0] gw_rx_rate_mbps=0.00 (real=0.00), gw_tx_rate_mbps=0.00 (real=0.00)
2023-04-21T10:01:41.011362 [RRC    ] [I] MEAS:  New measurement serving cell: earfcn=0, pci=1, rsrp=-11.28 dBm, cfo=-0.0 Hz
2023-04-21T10:01:41.178380 [RRC    ] [I] MEAS:  New measurement serving cell: earfcn=0, pci=1, rsrp=-11.28 dBm, cfo=-0.0 Hz
2023-04-21T10:01:41.374954 [RRC    ] [I] MEAS:  New measurement serving cell: earfcn=0, pci=1, rsrp=-11.28 dBm, cfo=-0.0 Hz
2023-04-21T10:01:41.547954 [RRC    ] [I] MEAS:  New measurement serving cell: earfcn=0, pci=1, rsrp=-11.28 dBm, cfo=-0.0 Hz
2023-04-21T10:01:41.721217 [RRC    ] [I] MEAS:  New measurement serving cell: earfcn=0, pci=1, rsrp=-11.28 dBm, cfo=-0.0 Hz
2023-04-21T10:01:41.885459 [RRC    ] [I] MEAS:  New measurement serving cell: earfcn=0, pci=1, rsrp=-11.28 dBm, cfo=-0.0 Hz
2023-04-21T10:01:41.983121 [MAC    ] [I] [ 3790] DL retx: 0.00 %, perpkt: 0.00, UL retx: 0.00 % perpkt: 0.00
2023-04-21T10:01:41.983125 [RLC    ] [I] lcid=0, rx_rate_mbps=0.00 (real=0.00), tx_rate_mbps=0.00 (real=0.00)
2023-04-21T10:01:41.983176 [GW     ] [I] [    0] gw_rx_rate_mbps=0.00 (real=0.00), gw_tx_rate_mbps=0.00 (real=0.00)
2023-04-21T10:01:42.088559 [RRC    ] [I] MEAS:  New measurement serving cell: earfcn=0, pci=1, rsrp=-11.28 dBm, cfo=-0.0 Hz
2023-04-21T10:01:42.261121 [RRC    ] [I] MEAS:  New measurement serving cell: earfcn=0, pci=1, rsrp=-11.28 dBm, cfo=-0.0 Hz
2023-04-21T10:01:42.424032 [RRC    ] [I] MEAS:  New measurement serving cell: earfcn=0, pci=1, rsrp=-11.28 dBm, cfo=-0.0 Hz
2023-04-21T10:01:42.586531 [RRC    ] [I] MEAS:  New measurement serving cell: earfcn=0, pci=1, rsrp=-11.28 dBm, cfo=-0.0 Hz
2023-04-21T10:01:42.767576 [RRC    ] [I] MEAS:  New measurement serving cell: earfcn=0, pci=1, rsrp=-11.28 dBm, cfo=-0.0 Hz
2023-04-21T10:01:42.939662 [RRC    ] [I] MEAS:  New measurement serving cell: earfcn=0, pci=1, rsrp=-11.28 dBm, cfo=-0.0 Hz
2023-04-21T10:01:42.983270 [MAC    ] [I] [ 3904] DL retx: 0.00 %, perpkt: 0.00, UL retx: 0.00 % perpkt: 0.00
2023-04-21T10:01:42.983274 [RLC    ] [I] lcid=0, rx_rate_mbps=0.00 (real=0.00), tx_rate_mbps=0.00 (real=0.00)
2023-04-21T10:01:42.983292 [GW     ] [I] [    0] gw_rx_rate_mbps=0.00 (real=0.00), gw_tx_rate_mbps=0.00 (real=0.00)
2023-04-21T10:01:43.113866 [RRC    ] [I] MEAS:  New measurement serving cell: earfcn=0, pci=1, rsrp=-11.28 dBm, cfo=-0.0 Hz
2023-04-21T10:01:43.278563 [RRC    ] [I] MEAS:  New measurement serving cell: earfcn=0, pci=1, rsrp=-11.28 dBm, cfo=-0.0 Hz
2023-04-21T10:01:43.450733 [RRC    ] [I] MEAS:  New measurement serving cell: earfcn=0, pci=1, rsrp=-11.28 dBm, cfo=-0.0 Hz
2023-04-21T10:01:43.615686 [RRC    ] [I] MEAS:  New measurement serving cell: earfcn=0, pci=1, rsrp=-11.28 dBm, cfo=-0.0 Hz
2023-04-21T10:01:43.779161 [RRC    ] [I] MEAS:  New measurement serving cell: earfcn=0, pci=1, rsrp=-11.28 dBm, cfo=-0.0 Hz
2023-04-21T10:01:43.787208 [MAC    ] [I] [ 4001] BSR:   triggered_bsr_type=none, LCID QUEUE status: 0: 0 1: 0 
2023-04-21T10:01:43.944050 [RRC    ] [I] MEAS:  New measurement serving cell: earfcn=0, pci=1, rsrp=-11.28 dBm, cfo=-0.0 Hz
2023-04-21T10:01:43.983092 [MAC    ] [I] [ 4024] DL retx: 0.00 %, perpkt: 0.00, UL retx: 0.00 % perpkt: 0.00
2023-04-21T10:01:43.983097 [RLC    ] [I] lcid=0, rx_rate_mbps=0.00 (real=0.00), tx_rate_mbps=0.00 (real=0.00)
2023-04-21T10:01:43.983116 [GW     ] [I] [    0] gw_rx_rate_mbps=0.00 (real=0.00), gw_tx_rate_mbps=0.00 (real=0.00)
2023-04-21T10:01:44.121761 [RRC    ] [I] MEAS:  New measurement serving cell: earfcn=0, pci=1, rsrp=-11.28 dBm, cfo=-0.0 Hz
2023-04-21T10:01:44.287353 [RRC    ] [I] MEAS:  New measurement serving cell: earfcn=0, pci=1, rsrp=-11.28 dBm, cfo=-0.0 Hz
2023-04-21T10:01:44.492151 [RRC    ] [I] MEAS:  New measurement serving cell: earfcn=0, pci=1, rsrp=-11.28 dBm, cfo=-0.0 Hz
2023-04-21T10:01:44.693557 [RRC    ] [I] MEAS:  New measurement serving cell: earfcn=0, pci=1, rsrp=-11.28 dBm, cfo=-0.0 Hz
2023-04-21T10:01:44.865678 [RRC    ] [I] MEAS:  New measurement serving cell: earfcn=0, pci=1, rsrp=-11.28 dBm, cfo=-0.0 Hz
2023-04-21T10:01:44.983512 [MAC    ] [I] [ 4132] DL retx: 0.00 %, perpkt: 0.00, UL retx: 0.00 % perpkt: 0.00
2023-04-21T10:01:44.983516 [RLC    ] [I] lcid=0, rx_rate_mbps=0.00 (real=0.00), tx_rate_mbps=0.00 (real=0.00)
2023-04-21T10:01:44.983568 [GW     ] [I] [    0] gw_rx_rate_mbps=0.00 (real=0.00), gw_tx_rate_mbps=0.00 (real=0.00)
2023-04-21T10:01:45.060061 [RRC    ] [I] MEAS:  New measurement serving cell: earfcn=0, pci=1, rsrp=-11.28 dBm, cfo=-0.0 Hz
2023-04-21T10:01:45.233989 [RRC    ] [I] MEAS:  New measurement serving cell: earfcn=0, pci=1, rsrp=-11.28 dBm, cfo=-0.0 Hz
2023-04-21T10:01:45.414609 [RRC    ] [I] MEAS:  New measurement serving cell: earfcn=0, pci=1, rsrp=-11.28 dBm, cfo=-0.0 Hz
2023-04-21T10:01:45.423453 [STCK   ] [I] tti_tprof: {mean, max, min} = {0.02, 0, 0} msec
2023-04-21T10:01:45.594373 [RRC    ] [I] MEAS:  New measurement serving cell: earfcn=0, pci=1, rsrp=-11.28 dBm, cfo=-0.0 Hz
2023-04-21T10:01:45.777997 [RRC    ] [I] MEAS:  New measurement serving cell: earfcn=0, pci=1, rsrp=-11.28 dBm, cfo=-0.0 Hz
2023-04-21T10:01:45.966032 [RRC    ] [I] MEAS:  New measurement serving cell: earfcn=0, pci=1, rsrp=-11.28 dBm, cfo=-0.0 Hz
2023-04-21T10:01:45.983339 [MAC    ] [I] [ 4242] DL retx: 0.00 %, perpkt: 0.00, UL retx: 0.00 % perpkt: 0.00
2023-04-21T10:01:45.983342 [RLC    ] [I] lcid=0, rx_rate_mbps=0.00 (real=0.00), tx_rate_mbps=0.00 (real=0.00)
2023-04-21T10:01:45.983370 [GW     ] [I] [    0] gw_rx_rate_mbps=0.00 (real=0.00), gw_tx_rate_mbps=0.00 (real=0.00)
2023-04-21T10:01:46.157896 [RRC    ] [I] MEAS:  New measurement serving cell: earfcn=0, pci=1, rsrp=-11.28 dBm, cfo=-0.0 Hz
2023-04-21T10:01:46.339763 [RRC    ] [I] MEAS:  New measurement serving cell: earfcn=0, pci=1, rsrp=-11.28 dBm, cfo=-0.0 Hz
2023-04-21T10:01:46.512574 [RRC    ] [I] MEAS:  New measurement serving cell: earfcn=0, pci=1, rsrp=-11.28 dBm, cfo=-0.0 Hz
2023-04-21T10:01:46.705158 [RRC    ] [I] MEAS:  New measurement serving cell: earfcn=0, pci=1, rsrp=-11.28 dBm, cfo=-0.0 Hz
2023-04-21T10:01:46.879548 [RRC    ] [I] MEAS:  New measurement serving cell: earfcn=0, pci=1, rsrp=-11.28 dBm, cfo=-0.0 Hz
2023-04-21T10:01:46.983122 [MAC    ] [I] [ 4352] DL retx: 0.00 %, perpkt: 0.00, UL retx: 0.00 % perpkt: 0.00
2023-04-21T10:01:46.983126 [RLC    ] [I] lcid=0, rx_rate_mbps=0.00 (real=0.00), tx_rate_mbps=0.00 (real=0.00)
2023-04-21T10:01:46.983146 [GW     ] [I] [    0] gw_rx_rate_mbps=0.00 (real=0.00), gw_tx_rate_mbps=0.00 (real=0.00)
2023-04-21T10:01:47.064251 [RRC    ] [I] MEAS:  New measurement serving cell: earfcn=0, pci=1, rsrp=-11.28 dBm, cfo=-0.0 Hz
2023-04-21T10:01:47.258367 [RRC    ] [I] MEAS:  New measurement serving cell: earfcn=0, pci=1, rsrp=-11.28 dBm, cfo=-0.0 Hz
2023-04-21T10:01:47.448724 [RRC    ] [I] MEAS:  New measurement serving cell: earfcn=0, pci=1, rsrp=-11.28 dBm, cfo=-0.0 Hz
2023-04-21T10:01:47.623492 [RRC    ] [I] MEAS:  New measurement serving cell: earfcn=0, pci=1, rsrp=-11.28 dBm, cfo=-0.0 Hz
2023-04-21T10:01:47.842748 [RRC    ] [I] MEAS:  New measurement serving cell: earfcn=0, pci=1, rsrp=-11.28 dBm, cfo=-0.0 Hz
2023-04-21T10:01:47.983100 [MAC    ] [I] [ 4452] DL retx: 0.00 %, perpkt: 0.00, UL retx: 0.00 % perpkt: 0.00
2023-04-21T10:01:47.983104 [RLC    ] [I] lcid=0, rx_rate_mbps=0.00 (real=0.00), tx_rate_mbps=0.00 (real=0.00)
2023-04-21T10:01:47.983118 [GW     ] [I] [    0] gw_rx_rate_mbps=0.00 (real=0.00), gw_tx_rate_mbps=0.00 (real=0.00)
2023-04-21T10:01:48.067318 [RRC    ] [I] MEAS:  New measurement serving cell: earfcn=0, pci=1, rsrp=-11.28 dBm, cfo=-0.0 Hz
2023-04-21T10:01:48.325599 [RRC    ] [I] MEAS:  New measurement serving cell: earfcn=0, pci=1, rsrp=-11.28 dBm, cfo=-0.0 Hz
2023-04-21T10:01:48.640329 [RRC    ] [I] MEAS:  New measurement serving cell: earfcn=0, pci=1, rsrp=-11.28 dBm, cfo=-0.0 Hz
2023-04-21T10:01:48.817889 [RRC    ] [I] MEAS:  New measurement serving cell: earfcn=0, pci=1, rsrp=-11.28 dBm, cfo=-0.0 Hz
2023-04-21T10:01:48.983298 [MAC    ] [I] [ 4536] DL retx: 0.00 %, perpkt: 0.00, UL retx: 0.00 % perpkt: 0.00
2023-04-21T10:01:48.983307 [RLC    ] [I] lcid=0, rx_rate_mbps=0.00 (real=0.00), tx_rate_mbps=0.00 (real=0.00)
2023-04-21T10:01:48.983433 [GW     ] [I] [    0] gw_rx_rate_mbps=0.00 (real=0.00), gw_tx_rate_mbps=0.00 (real=0.00)
2023-04-21T10:01:49.032177 [RRC    ] [I] MEAS:  New measurement serving cell: earfcn=0, pci=1, rsrp=-11.28 dBm, cfo=-0.0 Hz
2023-04-21T10:01:49.257977 [RRC    ] [I] MEAS:  New measurement serving cell: earfcn=0, pci=1, rsrp=-11.28 dBm, cfo=-0.0 Hz
2023-04-21T10:01:49.428652 [RRC    ] [I] MEAS:  New measurement serving cell: earfcn=0, pci=1, rsrp=-11.28 dBm, cfo=-0.0 Hz
2023-04-21T10:01:49.606514 [RRC    ] [I] MEAS:  New measurement serving cell: earfcn=0, pci=1, rsrp=-11.28 dBm, cfo=-0.0 Hz
2023-04-21T10:01:49.785509 [RRC    ] [I] MEAS:  New measurement serving cell: earfcn=0, pci=1, rsrp=-11.28 dBm, cfo=-0.0 Hz
2023-04-21T10:01:49.961604 [RRC    ] [I] MEAS:  New measurement serving cell: earfcn=0, pci=1, rsrp=-11.28 dBm, cfo=-0.0 Hz
2023-04-21T10:01:49.983107 [MAC    ] [I] [ 4642] DL retx: 0.00 %, perpkt: 0.00, UL retx: 0.00 % perpkt: 0.00
2023-04-21T10:01:49.983112 [RLC    ] [I] lcid=0, rx_rate_mbps=0.00 (real=0.00), tx_rate_mbps=0.00 (real=0.00)
2023-04-21T10:01:49.983134 [GW     ] [I] [    0] gw_rx_rate_mbps=0.00 (real=0.00), gw_tx_rate_mbps=0.00 (real=0.00)
2023-04-21T10:01:50.145117 [RRC    ] [I] MEAS:  New measurement serving cell: earfcn=0, pci=1, rsrp=-11.28 dBm, cfo=-0.0 Hz
2023-04-21T10:01:50.323164 [RRC    ] [I] MEAS:  New measurement serving cell: earfcn=0, pci=1, rsrp=-11.28 dBm, cfo=-0.0 Hz
2023-04-21T10:01:50.499399 [RRC    ] [I] MEAS:  New measurement serving cell: earfcn=0, pci=1, rsrp=-11.28 dBm, cfo=-0.0 Hz
2023-04-21T10:01:50.670643 [RRC    ] [I] MEAS:  New measurement serving cell: earfcn=0, pci=1, rsrp=-11.28 dBm, cfo=-0.0 Hz
2023-04-21T10:01:50.870274 [RRC    ] [I] MEAS:  New measurement serving cell: earfcn=0, pci=1, rsrp=-11.28 dBm, cfo=-0.0 Hz
2023-04-21T10:01:50.983013 [MAC    ] [I] [ 4746] DL retx: 0.00 %, perpkt: 0.00, UL retx: 0.00 % perpkt: 0.00
2023-04-21T10:01:50.983017 [RLC    ] [I] lcid=0, rx_rate_mbps=0.00 (real=0.00), tx_rate_mbps=0.00 (real=0.00)
2023-04-21T10:01:50.983031 [GW     ] [I] [    0] gw_rx_rate_mbps=0.00 (real=0.00), gw_tx_rate_mbps=0.00 (real=0.00)
2023-04-21T10:01:51.120461 [RRC    ] [I] MEAS:  New measurement serving cell: earfcn=0, pci=1, rsrp=-11.28 dBm, cfo=-0.0 Hz
2023-04-21T10:01:51.295449 [RRC    ] [I] MEAS:  New measurement serving cell: earfcn=0, pci=1, rsrp=-11.28 dBm, cfo=-0.0 Hz
2023-04-21T10:01:51.494034 [RRC    ] [I] MEAS:  New measurement serving cell: earfcn=0, pci=1, rsrp=-11.28 dBm, cfo=-0.0 Hz
2023-04-21T10:01:51.707424 [RRC    ] [I] MEAS:  New measurement serving cell: earfcn=0, pci=1, rsrp=-11.28 dBm, cfo=-0.0 Hz
2023-04-21T10:01:51.968847 [RRC    ] [I] MEAS:  New measurement serving cell: earfcn=0, pci=1, rsrp=-11.28 dBm, cfo=-0.0 Hz
2023-04-21T10:01:51.982988 [MAC    ] [I] [ 4840] DL retx: 0.00 %, perpkt: 0.00, UL retx: 0.00 % perpkt: 0.00
2023-04-21T10:01:51.982992 [RLC    ] [I] lcid=0, rx_rate_mbps=0.00 (real=0.00), tx_rate_mbps=0.00 (real=0.00)
2023-04-21T10:01:51.983006 [GW     ] [I] [    0] gw_rx_rate_mbps=0.00 (real=0.00), gw_tx_rate_mbps=0.00 (real=0.00)
2023-04-21T10:01:52.253648 [RRC    ] [I] MEAS:  New measurement serving cell: earfcn=0, pci=1, rsrp=-11.28 dBm, cfo=-0.0 Hz
2023-04-21T10:01:52.481096 [RRC    ] [I] MEAS:  New measurement serving cell: earfcn=0, pci=1, rsrp=-11.28 dBm, cfo=-0.0 Hz
2023-04-21T10:01:52.690156 [RRC    ] [I] MEAS:  New measurement serving cell: earfcn=0, pci=1, rsrp=-11.28 dBm, cfo=-0.0 Hz
2023-04-21T10:01:52.884842 [RRC    ] [I] MEAS:  New measurement serving cell: earfcn=0, pci=1, rsrp=-11.28 dBm, cfo=-0.0 Hz
2023-04-21T10:01:52.983171 [MAC    ] [I] [ 4928] DL retx: 0.00 %, perpkt: 0.00, UL retx: 0.00 % perpkt: 0.00
2023-04-21T10:01:52.983175 [RLC    ] [I] lcid=0, rx_rate_mbps=0.00 (real=0.00), tx_rate_mbps=0.00 (real=0.00)
2023-04-21T10:01:52.983194 [GW     ] [I] [    0] gw_rx_rate_mbps=0.00 (real=0.00), gw_tx_rate_mbps=0.00 (real=0.00)
2023-04-21T10:01:53.121286 [RRC    ] [I] MEAS:  New measurement serving cell: earfcn=0, pci=1, rsrp=-11.28 dBm, cfo=-0.0 Hz
2023-04-21T10:01:53.319407 [RRC    ] [I] MEAS:  New measurement serving cell: earfcn=0, pci=1, rsrp=-11.28 dBm, cfo=-0.0 Hz
2023-04-21T10:01:53.503626 [RRC    ] [I] MEAS:  New measurement serving cell: earfcn=0, pci=1, rsrp=-11.28 dBm, cfo=-0.0 Hz
2023-04-21T10:01:53.678965 [MAC    ] [I] [ 5000] BSR:   triggered_bsr_type=none, LCID QUEUE status: 0: 0 1: 0 
2023-04-21T10:01:53.678969 [RRC    ] [I] MEAS:  New measurement serving cell: earfcn=0, pci=1, rsrp=-11.28 dBm, cfo=-0.0 Hz
2023-04-21T10:01:53.866860 [RRC    ] [I] MEAS:  New measurement serving cell: earfcn=0, pci=1, rsrp=-11.28 dBm, cfo=-0.0 Hz
2023-04-21T10:01:53.983046 [MAC    ] [I] [ 5032] DL retx: 0.00 %, perpkt: 0.00, UL retx: 0.00 % perpkt: 0.00
2023-04-21T10:01:53.983050 [RLC    ] [I] lcid=0, rx_rate_mbps=0.00 (real=0.00), tx_rate_mbps=0.00 (real=0.00)
2023-04-21T10:01:53.983075 [GW     ] [I] [    0] gw_rx_rate_mbps=0.00 (real=0.00), gw_tx_rate_mbps=0.00 (real=0.00)
2023-04-21T10:01:54.069097 [RRC    ] [I] MEAS:  New measurement serving cell: earfcn=0, pci=1, rsrp=-11.28 dBm, cfo=-0.0 Hz
2023-04-21T10:01:54.323800 [RRC    ] [I] MEAS:  New measurement serving cell: earfcn=0, pci=1, rsrp=-11.28 dBm, cfo=-0.0 Hz
2023-04-21T10:01:54.507962 [RRC    ] [I] MEAS:  New measurement serving cell: earfcn=0, pci=1, rsrp=-11.28 dBm, cfo=-0.0 Hz
2023-04-21T10:01:54.698837 [RRC    ] [I] MEAS:  New measurement serving cell: earfcn=0, pci=1, rsrp=-11.28 dBm, cfo=-0.0 Hz
2023-04-21T10:01:54.936439 [RRC    ] [I] MEAS:  New measurement serving cell: earfcn=0, pci=1, rsrp=-11.28 dBm, cfo=-0.0 Hz
2023-04-21T10:01:54.983236 [MAC    ] [I] [ 5123] DL retx: 0.00 %, perpkt: 0.00, UL retx: 0.00 % perpkt: 0.00
2023-04-21T10:01:54.983240 [RLC    ] [I] lcid=0, rx_rate_mbps=0.00 (real=0.00), tx_rate_mbps=0.00 (real=0.00)
2023-04-21T10:01:54.983255 [GW     ] [I] [    0] gw_rx_rate_mbps=0.00 (real=0.00), gw_tx_rate_mbps=0.00 (real=0.00)
2023-04-21T10:01:55.184162 [RRC    ] [I] MEAS:  New measurement serving cell: earfcn=0, pci=1, rsrp=-11.28 dBm, cfo=-0.0 Hz
2023-04-21T10:01:55.419994 [RRC    ] [I] MEAS:  New measurement serving cell: earfcn=0, pci=1, rsrp=-11.28 dBm, cfo=-0.0 Hz
2023-04-21T10:01:55.630279 [RRC    ] [I] MEAS:  New measurement serving cell: earfcn=0, pci=1, rsrp=-11.28 dBm, cfo=-0.0 Hz
2023-04-21T10:01:55.859677 [RRC    ] [I] MEAS:  New measurement serving cell: earfcn=0, pci=1, rsrp=-11.28 dBm, cfo=-0.0 Hz
2023-04-21T10:01:55.908057 [STCK   ] [I] tti_tprof: {mean, max, min} = {0.02, 1, 0} msec
2023-04-21T10:01:55.983084 [MAC    ] [I] [ 5210] DL retx: 0.00 %, perpkt: 0.00, UL retx: 0.00 % perpkt: 0.00
2023-04-21T10:01:55.983089 [RLC    ] [I] lcid=0, rx_rate_mbps=0.00 (real=0.00), tx_rate_mbps=0.00 (real=0.00)
2023-04-21T10:01:55.983190 [GW     ] [I] [    0] gw_rx_rate_mbps=0.00 (real=0.00), gw_tx_rate_mbps=0.00 (real=0.00)
2023-04-21T10:01:56.103186 [RRC    ] [I] MEAS:  New measurement serving cell: earfcn=0, pci=1, rsrp=-11.28 dBm, cfo=-0.0 Hz
2023-04-21T10:01:56.336801 [RRC    ] [I] MEAS:  New measurement serving cell: earfcn=0, pci=1, rsrp=-11.28 dBm, cfo=-0.0 Hz
2023-04-21T10:01:56.621798 [RRC    ] [I] MEAS:  New measurement serving cell: earfcn=0, pci=1, rsrp=-11.28 dBm, cfo=-0.0 Hz
2023-04-21T10:01:56.902901 [RRC    ] [I] MEAS:  New measurement serving cell: earfcn=0, pci=1, rsrp=-11.28 dBm, cfo=-0.0 Hz
2023-04-21T10:01:56.983203 [MAC    ] [I] [ 5286] DL retx: 0.00 %, perpkt: 0.00, UL retx: 0.00 % perpkt: 0.00
2023-04-21T10:01:56.983208 [RLC    ] [I] lcid=0, rx_rate_mbps=0.00 (real=0.00), tx_rate_mbps=0.00 (real=0.00)
2023-04-21T10:01:56.983228 [GW     ] [I] [    0] gw_rx_rate_mbps=0.00 (real=0.00), gw_tx_rate_mbps=0.00 (real=0.00)
2023-04-21T10:01:57.153160 [RRC    ] [I] MEAS:  New measurement serving cell: earfcn=0, pci=1, rsrp=-11.28 dBm, cfo=-0.0 Hz
2023-04-21T10:01:57.352850 [RRC    ] [I] MEAS:  New measurement serving cell: earfcn=0, pci=1, rsrp=-11.28 dBm, cfo=-0.0 Hz
2023-04-21T10:01:57.732566 [RRC    ] [I] MEAS:  New measurement serving cell: earfcn=0, pci=1, rsrp=-11.28 dBm, cfo=-0.0 Hz
2023-04-21T10:01:57.992003 [MAC    ] [I] [ 5345] DL retx: 0.00 %, perpkt: 0.00, UL retx: 0.00 % perpkt: 0.00
2023-04-21T10:01:57.992009 [RLC    ] [I] lcid=0, rx_rate_mbps=0.00 (real=0.00), tx_rate_mbps=0.00 (real=0.00)
2023-04-21T10:01:57.992035 [GW     ] [I] [    0] gw_rx_rate_mbps=0.00 (real=0.00), gw_tx_rate_mbps=0.00 (real=0.00)
2023-04-21T10:01:58.328661 [RRC    ] [I] MEAS:  New measurement serving cell: earfcn=0, pci=1, rsrp=-11.28 dBm, cfo=-0.0 Hz
2023-04-21T10:01:58.630552 [RRC    ] [I] MEAS:  New measurement serving cell: earfcn=0, pci=1, rsrp=-11.28 dBm, cfo=-0.0 Hz
2023-04-21T10:01:58.946203 [RRC    ] [I] MEAS:  New measurement serving cell: earfcn=0, pci=1, rsrp=-11.28 dBm, cfo=-0.0 Hz
2023-04-21T10:01:58.983087 [MAC    ] [I] [ 5402] DL retx: 0.00 %, perpkt: 0.00, UL retx: 0.00 % perpkt: 0.00
2023-04-21T10:01:58.983091 [RLC    ] [I] lcid=0, rx_rate_mbps=0.00 (real=0.00), tx_rate_mbps=0.00 (real=0.00)
2023-04-21T10:01:58.983197 [GW     ] [I] [    0] gw_rx_rate_mbps=0.00 (real=0.00), gw_tx_rate_mbps=0.00 (real=0.00)
2023-04-21T10:01:59.315669 [RRC    ] [I] MEAS:  New measurement serving cell: earfcn=0, pci=1, rsrp=-11.28 dBm, cfo=-0.0 Hz
2023-04-21T10:01:59.538730 [RRC    ] [I] MEAS:  New measurement serving cell: earfcn=0, pci=1, rsrp=-11.28 dBm, cfo=-0.0 Hz
2023-04-21T10:01:59.750628 [RRC    ] [I] MEAS:  New measurement serving cell: earfcn=0, pci=1, rsrp=-11.28 dBm, cfo=-0.0 Hz
2023-04-21T10:01:59.938504 [RRC    ] [I] MEAS:  New measurement serving cell: earfcn=0, pci=1, rsrp=-11.28 dBm, cfo=-0.0 Hz
2023-04-21T10:01:59.986712 [MAC    ] [I] [ 5482] DL retx: 0.00 %, perpkt: 0.00, UL retx: 0.00 % perpkt: 0.00
2023-04-21T10:01:59.986718 [RLC    ] [I] lcid=0, rx_rate_mbps=0.00 (real=0.00), tx_rate_mbps=0.00 (real=0.00)
2023-04-21T10:01:59.986744 [GW     ] [I] [    0] gw_rx_rate_mbps=0.00 (real=0.00), gw_tx_rate_mbps=0.00 (real=0.00)
2023-04-21T10:02:00.160984 [RRC    ] [I] MEAS:  New measurement serving cell: earfcn=0, pci=1, rsrp=-11.28 dBm, cfo=-0.0 Hz
2023-04-21T10:02:00.346427 [RRC    ] [I] MEAS:  New measurement serving cell: earfcn=0, pci=1, rsrp=-11.28 dBm, cfo=-0.0 Hz
2023-04-21T10:02:00.522962 [RRC    ] [I] MEAS:  New measurement serving cell: earfcn=0, pci=1, rsrp=-11.28 dBm, cfo=-0.0 Hz
2023-04-21T10:02:00.702420 [RRC    ] [I] MEAS:  New measurement serving cell: earfcn=0, pci=1, rsrp=-11.28 dBm, cfo=-0.0 Hz
2023-04-21T10:02:00.885651 [RRC    ] [I] MEAS:  New measurement serving cell: earfcn=0, pci=1, rsrp=-11.28 dBm, cfo=-0.0 Hz
2023-04-21T10:02:00.983635 [MAC    ] [I] [ 5591] DL retx: 0.00 %, perpkt: 0.00, UL retx: 0.00 % perpkt: 0.00
2023-04-21T10:02:00.983640 [RLC    ] [I] lcid=0, rx_rate_mbps=0.00 (real=0.00), tx_rate_mbps=0.00 (real=0.00)
2023-04-21T10:02:00.983656 [GW     ] [I] [    0] gw_rx_rate_mbps=0.00 (real=0.00), gw_tx_rate_mbps=0.00 (real=0.00)
2023-04-21T10:02:01.064141 [RRC    ] [I] MEAS:  New measurement serving cell: earfcn=0, pci=1, rsrp=-11.28 dBm, cfo=-0.0 Hz
2023-04-21T10:02:01.250682 [RRC    ] [I] MEAS:  New measurement serving cell: earfcn=0, pci=1, rsrp=-11.28 dBm, cfo=-0.0 Hz
2023-04-21T10:02:01.440125 [RRC    ] [I] MEAS:  New measurement serving cell: earfcn=0, pci=1, rsrp=-11.28 dBm, cfo=-0.0 Hz
2023-04-21T10:02:01.619304 [RRC    ] [I] MEAS:  New measurement serving cell: earfcn=0, pci=1, rsrp=-11.28 dBm, cfo=-0.0 Hz
2023-04-21T10:02:01.814735 [RRC    ] [I] MEAS:  New measurement serving cell: earfcn=0, pci=1, rsrp=-11.28 dBm, cfo=-0.0 Hz
2023-04-21T10:02:01.983086 [MAC    ] [I] [ 5698] DL retx: 0.00 %, perpkt: 0.00, UL retx: 0.00 % perpkt: 0.00
2023-04-21T10:02:01.983090 [RLC    ] [I] lcid=0, rx_rate_mbps=0.00 (real=0.00), tx_rate_mbps=0.00 (real=0.00)
2023-04-21T10:02:01.983119 [GW     ] [I] [    0] gw_rx_rate_mbps=0.00 (real=0.00), gw_tx_rate_mbps=0.00 (real=0.00)
2023-04-21T10:02:01.992944 [RRC    ] [I] MEAS:  New measurement serving cell: earfcn=0, pci=1, rsrp=-11.28 dBm, cfo=-0.0 Hz
2023-04-21T10:02:02.216759 [RRC    ] [I] MEAS:  New measurement serving cell: earfcn=0, pci=1, rsrp=-11.28 dBm, cfo=-0.0 Hz
2023-04-21T10:02:02.431543 [RRC    ] [I] MEAS:  New measurement serving cell: earfcn=0, pci=1, rsrp=-11.28 dBm, cfo=-0.0 Hz
2023-04-21T10:02:02.645028 [RRC    ] [I] MEAS:  New measurement serving cell: earfcn=0, pci=1, rsrp=-11.28 dBm, cfo=-0.0 Hz
2023-04-21T10:02:02.817050 [RRC    ] [I] MEAS:  New measurement serving cell: earfcn=0, pci=1, rsrp=-11.28 dBm, cfo=-0.0 Hz
2023-04-21T10:02:02.983034 [MAC    ] [I] [ 5795] DL retx: 0.00 %, perpkt: 0.00, UL retx: 0.00 % perpkt: 0.00
2023-04-21T10:02:02.983038 [RLC    ] [I] lcid=0, rx_rate_mbps=0.00 (real=0.00), tx_rate_mbps=0.00 (real=0.00)
2023-04-21T10:02:02.983192 [GW     ] [I] [    0] gw_rx_rate_mbps=0.00 (real=0.00), gw_tx_rate_mbps=0.00 (real=0.00)
2023-04-21T10:02:03.031059 [RRC    ] [I] MEAS:  New measurement serving cell: earfcn=0, pci=1, rsrp=-11.28 dBm, cfo=-0.0 Hz
2023-04-21T10:02:03.221573 [RRC    ] [I] MEAS:  New measurement serving cell: earfcn=0, pci=1, rsrp=-11.28 dBm, cfo=-0.0 Hz
2023-04-21T10:02:03.396438 [RRC    ] [I] MEAS:  New measurement serving cell: earfcn=0, pci=1, rsrp=-11.28 dBm, cfo=-0.0 Hz
2023-04-21T10:02:03.597339 [RRC    ] [I] MEAS:  New measurement serving cell: earfcn=0, pci=1, rsrp=-11.28 dBm, cfo=-0.0 Hz
2023-04-21T10:02:03.781749 [RRC    ] [I] MEAS:  New measurement serving cell: earfcn=0, pci=1, rsrp=-11.28 dBm, cfo=-0.0 Hz
2023-04-21T10:02:03.983082 [MAC    ] [I] [ 5898] DL retx: 0.00 %, perpkt: 0.00, UL retx: 0.00 % perpkt: 0.00
2023-04-21T10:02:03.983087 [RLC    ] [I] lcid=0, rx_rate_mbps=0.00 (real=0.00), tx_rate_mbps=0.00 (real=0.00)
2023-04-21T10:02:03.983118 [GW     ] [I] [    0] gw_rx_rate_mbps=0.00 (real=0.00), gw_tx_rate_mbps=0.00 (real=0.00)
2023-04-21T10:02:03.994747 [RRC    ] [I] MEAS:  New measurement serving cell: earfcn=0, pci=1, rsrp=-11.28 dBm, cfo=-0.0 Hz
2023-04-21T10:02:04.188410 [RRC    ] [I] MEAS:  New measurement serving cell: earfcn=0, pci=1, rsrp=-11.28 dBm, cfo=-0.0 Hz
2023-04-21T10:02:04.373235 [RRC    ] [I] MEAS:  New measurement serving cell: earfcn=0, pci=1, rsrp=-11.28 dBm, cfo=-0.0 Hz
2023-04-21T10:02:04.586616 [RRC    ] [I] MEAS:  New measurement serving cell: earfcn=0, pci=1, rsrp=-11.28 dBm, cfo=-0.0 Hz
2023-04-21T10:02:04.813148 [RRC    ] [I] MEAS:  New measurement serving cell: earfcn=0, pci=1, rsrp=-11.28 dBm, cfo=-0.0 Hz
2023-04-21T10:02:04.983116 [MAC    ] [I] [ 5996] DL retx: 0.00 %, perpkt: 0.00, UL retx: 0.00 % perpkt: 0.00
2023-04-21T10:02:04.983120 [RLC    ] [I] lcid=0, rx_rate_mbps=0.00 (real=0.00), tx_rate_mbps=0.00 (real=0.00)
2023-04-21T10:02:04.983148 [GW     ] [I] [    0] gw_rx_rate_mbps=0.00 (real=0.00), gw_tx_rate_mbps=0.00 (real=0.00)
2023-04-21T10:02:05.003369 [MAC    ] [I] [ 5999] BSR:   triggered_bsr_type=none, LCID QUEUE status: 0: 0 1: 0 
2023-04-21T10:02:05.012398 [RRC    ] [I] MEAS:  New measurement serving cell: earfcn=0, pci=1, rsrp=-11.28 dBm, cfo=-0.0 Hz
2023-04-21T10:02:05.211403 [RRC    ] [I] MEAS:  New measurement serving cell: earfcn=0, pci=1, rsrp=-11.28 dBm, cfo=-0.0 Hz
2023-04-21T10:02:05.427660 [RRC    ] [I] MEAS:  New measurement serving cell: earfcn=0, pci=1, rsrp=-11.28 dBm, cfo=-0.0 Hz
2023-04-21T10:02:05.614383 [RRC    ] [I] MEAS:  New measurement serving cell: earfcn=0, pci=1, rsrp=-11.28 dBm, cfo=-0.0 Hz
2023-04-21T10:02:05.832257 [RRC    ] [I] MEAS:  New measurement serving cell: earfcn=0, pci=1, rsrp=-11.28 dBm, cfo=-0.0 Hz
2023-04-21T10:02:05.983028 [MAC    ] [I] [ 6095] DL retx: 0.00 %, perpkt: 0.00, UL retx: 0.00 % perpkt: 0.00
2023-04-21T10:02:05.983032 [RLC    ] [I] lcid=0, rx_rate_mbps=0.00 (real=0.00), tx_rate_mbps=0.00 (real=0.00)
2023-04-21T10:02:05.983580 [GW     ] [I] [    0] gw_rx_rate_mbps=0.00 (real=0.00), gw_tx_rate_mbps=0.00 (real=0.00)
2023-04-21T10:02:06.022561 [RRC    ] [I] MEAS:  New measurement serving cell: earfcn=0, pci=1, rsrp=-11.28 dBm, cfo=-0.0 Hz
2023-04-21T10:02:06.249290 [RRC    ] [I] MEAS:  New measurement serving cell: earfcn=0, pci=1, rsrp=-11.28 dBm, cfo=-0.0 Hz
2023-04-21T10:02:06.471072 [RRC    ] [I] MEAS:  New measurement serving cell: earfcn=0, pci=1, rsrp=-11.28 dBm, cfo=-0.0 Hz
2023-04-21T10:02:06.750185 [RRC    ] [I] MEAS:  New measurement serving cell: earfcn=0, pci=1, rsrp=-11.28 dBm, cfo=-0.0 Hz
2023-04-21T10:02:06.956016 [RRC    ] [I] MEAS:  New measurement serving cell: earfcn=0, pci=1, rsrp=-11.28 dBm, cfo=-0.0 Hz
2023-04-21T10:02:06.982988 [MAC    ] [I] [ 6183] DL retx: 0.00 %, perpkt: 0.00, UL retx: 0.00 % perpkt: 0.00
2023-04-21T10:02:06.982992 [RLC    ] [I] lcid=0, rx_rate_mbps=0.00 (real=0.00), tx_rate_mbps=0.00 (real=0.00)
2023-04-21T10:02:06.983004 [GW     ] [I] [    0] gw_rx_rate_mbps=0.00 (real=0.00), gw_tx_rate_mbps=0.00 (real=0.00)
2023-04-21T10:02:07.137380 [RRC    ] [I] MEAS:  New measurement serving cell: earfcn=0, pci=1, rsrp=-11.28 dBm, cfo=-0.0 Hz
2023-04-21T10:02:07.400003 [RRC    ] [I] MEAS:  New measurement serving cell: earfcn=0, pci=1, rsrp=-11.28 dBm, cfo=-0.0 Hz
2023-04-21T10:02:07.480334 [STCK   ] [I] tti_tprof: {mean, max, min} = {0.02, 0, 0} msec
2023-04-21T10:02:07.572784 [RRC    ] [I] MEAS:  New measurement serving cell: earfcn=0, pci=1, rsrp=-11.28 dBm, cfo=-0.0 Hz
2023-04-21T10:02:07.757663 [RRC    ] [I] MEAS:  New measurement serving cell: earfcn=0, pci=1, rsrp=-11.28 dBm, cfo=-0.0 Hz
2023-04-21T10:02:07.969151 [RRC    ] [I] MEAS:  New measurement serving cell: earfcn=0, pci=1, rsrp=-11.28 dBm, cfo=-0.0 Hz
2023-04-21T10:02:07.984224 [MAC    ] [I] [ 6280] DL retx: 0.00 %, perpkt: 0.00, UL retx: 0.00 % perpkt: 0.00
2023-04-21T10:02:07.984229 [RLC    ] [I] lcid=0, rx_rate_mbps=0.00 (real=0.00), tx_rate_mbps=0.00 (real=0.00)
2023-04-21T10:02:07.984272 [GW     ] [I] [    0] gw_rx_rate_mbps=0.00 (real=0.00), gw_tx_rate_mbps=0.00 (real=0.00)
2023-04-21T10:02:08.162048 [RRC    ] [I] MEAS:  New measurement serving cell: earfcn=0, pci=1, rsrp=-11.28 dBm, cfo=-0.0 Hz
2023-04-21T10:02:08.384605 [RRC    ] [I] MEAS:  New measurement serving cell: earfcn=0, pci=1, rsrp=-11.28 dBm, cfo=-0.0 Hz
2023-04-21T10:02:08.563579 [RRC    ] [I] MEAS:  New measurement serving cell: earfcn=0, pci=1, rsrp=-11.28 dBm, cfo=-0.0 Hz
2023-04-21T10:02:08.750327 [RRC    ] [I] MEAS:  New measurement serving cell: earfcn=0, pci=1, rsrp=-11.28 dBm, cfo=-0.0 Hz
2023-04-21T10:02:08.979112 [RRC    ] [I] MEAS:  New measurement serving cell: earfcn=0, pci=1, rsrp=-11.28 dBm, cfo=-0.0 Hz
2023-04-21T10:02:08.985752 [MAC    ] [I] [ 6379] DL retx: 0.00 %, perpkt: 0.00, UL retx: 0.00 % perpkt: 0.00
2023-04-21T10:02:08.985757 [RLC    ] [I] lcid=0, rx_rate_mbps=0.00 (real=0.00), tx_rate_mbps=0.00 (real=0.00)
2023-04-21T10:02:08.985915 [GW     ] [I] [    0] gw_rx_rate_mbps=0.00 (real=0.00), gw_tx_rate_mbps=0.00 (real=0.00)
2023-04-21T10:02:09.309632 [RRC    ] [I] MEAS:  New measurement serving cell: earfcn=0, pci=1, rsrp=-11.28 dBm, cfo=-0.0 Hz
2023-04-21T10:02:09.497111 [RRC    ] [I] MEAS:  New measurement serving cell: earfcn=0, pci=1, rsrp=-11.28 dBm, cfo=-0.0 Hz
2023-04-21T10:02:09.673753 [RRC    ] [I] MEAS:  New measurement serving cell: earfcn=0, pci=1, rsrp=-11.28 dBm, cfo=-0.0 Hz
2023-04-21T10:02:09.983027 [MAC    ] [I] [ 6457] DL retx: 0.00 %, perpkt: 0.00, UL retx: 0.00 % perpkt: 0.00
2023-04-21T10:02:09.983032 [RLC    ] [I] lcid=0, rx_rate_mbps=0.00 (real=0.00), tx_rate_mbps=0.00 (real=0.00)
2023-04-21T10:02:09.983076 [GW     ] [I] [    0] gw_rx_rate_mbps=0.00 (real=0.00), gw_tx_rate_mbps=0.00 (real=0.00)
2023-04-21T10:02:10.003280 [RRC    ] [I] MEAS:  New measurement serving cell: earfcn=0, pci=1, rsrp=-11.28 dBm, cfo=-0.0 Hz
2023-04-21T10:02:10.248718 [RRC    ] [I] MEAS:  New measurement serving cell: earfcn=0, pci=1, rsrp=-11.28 dBm, cfo=-0.0 Hz
2023-04-21T10:02: